#
# A fatal error has been detected by the Java Runtime Environment:
#
#  EXCEPTION_ACCESS_VIOLATION (0xc0000005) at pc=0x000000006e7814a6, pid=11556, tid=16032
#
# JRE version: Java(TM) SE Runtime Environment (14.0.2+12) (build 14.0.2+12-46)
# Java VM: Java HotSpot(TM) 64-Bit Server VM (14.0.2+12-46, mixed mode, sharing, tiered, compressed oops, g1 gc, windows-amd64)
# Problematic frame:
# C  [JavaController.dll+0x14a6]
#
# No core dump will be written. Minidumps are not enabled by default on client versions of Windows
#
# If you would like to submit a bug report, please visit:
#   https://bugreport.java.com/bugreport/crash.jsp
# The crash happened outside the Java Virtual Machine in native code.
# See problematic frame for where to report the bug.
#

---------------  S U M M A R Y ------------

Command Line: -Djava.library.path=C:/Users/brian/AppData/Local/Programs/Webots/lib/controller/java T02Controller

Host: Intel(R) Core(TM) i7-1065G7 CPU @ 1.30GHz, 8 cores, 15G,  Windows 10 , 64 bit Build 18362 (10.0.18362.1110)
Time: Tue Nov 10 12:25:22 2020 Eastern Standard Time elapsed time: 9 seconds (0d 0h 0m 9s)

---------------  T H R E A D  ---------------

Current thread (0x000002a08503d800):  JavaThread "main" [_thread_in_native, id=16032, stack(0x000000c9a2a00000,0x000000c9a2b00000)]

Stack: [0x000000c9a2a00000,0x000000c9a2b00000],  sp=0x000000c9a2afee20,  free space=1019k
Native frames: (J=compiled Java code, j=interpreted, Vv=VM code, C=native code)
C  [JavaController.dll+0x14a6]

Java frames: (J=compiled Java code, j=interpreted, Vv=VM code)
j  com.cyberbotics.webots.controller.wrapperJNI.Camera_getImage(JLcom/cyberbotics/webots/controller/Camera;)[I+0
j  com.cyberbotics.webots.controller.Camera.getImage()[I+5
j  simlejos.hardware.sensor.EV3ColorSensor$RedMode.fetchSample([FI)V+17
j  simlejos.hardware.sensor.BaseSensor.fetchSample([FI)V+11
j  ca.mcgill.ecse211.project.LightLocalizer.localize()V+7
j  ca.mcgill.ecse211.project.Main.main([Ljava/lang/String;)V+19
j  T02Controller.main([Ljava/lang/String;)V+1
v  ~StubRoutines::call_stub

siginfo: EXCEPTION_ACCESS_VIOLATION (0xc0000005), reading address 0x0000000000000000


Register to memory mapping:

RIP=0x000000006e7814a6 JavaController.dll
RAX=0x0 is NULL
RBX=0x0 is NULL
RCX=0x0000000000000001 is an unknown value
RDX=0xfffffd666c006cac is an unknown value
RSP=0x000000c9a2afee20 is pointing into the stack for thread: 0x000002a08503d800
RBP=0x0000000000000001 is an unknown value
RSI=0x000002a08503db10 points into unknown readable memory: a0 1a 30 d9 fa 7f 00 00
RDI=0x000002a0a89a2be0 points into unknown readable memory: 78 e3 d0 15 07 00 00 00
R8 =0x000002a0a9d076e0 points into unknown readable memory: 00 00 00 00 ff ff ff ff
R9 =0x0000000715d0e388 is pointing into object: [I 
{0x0000000715d0e378} - klass: {type array int}
 - length: 1
R10=0x0 is NULL
R11=0x000000c9a2afee00 is pointing into the stack for thread: 0x000002a08503d800
R12=0x0 is NULL
R13={method} {0x000002a0a8f0b4f0} 'Camera_getImage' '(JLcom/cyberbotics/webots/controller/Camera;)[I' in 'com/cyberbotics/webots/controller/wrapperJNI'
R14=0x000000c9a2afef78 is pointing into the stack for thread: 0x000002a08503d800
R15=0x000002a08503d800 is a thread


Registers:
RAX=0x0000000000000000, RBX=0x0000000000000000, RCX=0x0000000000000001, RDX=0xfffffd666c006cac
RSP=0x000000c9a2afee20, RBP=0x0000000000000001, RSI=0x000002a08503db10, RDI=0x000002a0a89a2be0
R8 =0x000002a0a9d076e0, R9 =0x0000000715d0e388, R10=0x0000000000000000, R11=0x000000c9a2afee00
R12=0x0000000000000000, R13=0x000002a0a8f0b4e8, R14=0x000000c9a2afef78, R15=0x000002a08503d800
RIP=0x000000006e7814a6, EFLAGS=0x0000000000010202

Top of Stack: (sp=0x000000c9a2afee20)
0x000000c9a2afee20:   0000000000000000 0000000000000001
0x000000c9a2afee30:   000002a08503db10 000002a0a89a2be0
0x000000c9a2afee40:   000002a0831fee40 000002a0831fee40
0x000000c9a2afee50:   000002a08503db10 0000000000000000
0x000000c9a2afee60:   0000000000000001 000000006e7820a8
0x000000c9a2afee70:   000002a0831fee40 000002a08503d800
0x000000c9a2afee80:   000002a0a8b91c38 000002a08d7ef260
0x000000c9a2afee90:   000002a08503d800 000002a0a8f0b4e8
0x000000c9a2afeea0:   0000000000007696 000002a0a8b91c38
0x000000c9a2afeeb0:   000000c9a2afef48 000002a08d7ef417
0x000000c9a2afeec0:   000002a0a8b91c38 000002a08d7ef0fc
0x000000c9a2afeed0:   000002a0a8f0b4e8 0000000000007696
0x000000c9a2afeee0:   3ff0000000000000 000002a08503d800
0x000000c9a2afeef0:   0000000000007696 000002a08d7ef0b6
0x000000c9a2afef00:   000000c9a2afef00 000002a0a8f0b4e8
0x000000c9a2afef10:   000000c9a2afef78 000002a0a8f20410 

Instructions: (pc=0x000000006e7814a6)
0x000000006e7813a6:   20 48 89 ce 4c 89 c7 48 8d 1d 4c ff 00 00 83 fa
0x000000006e7813b6:   01 74 0e 48 83 c3 10 8b 03 85 c0 74 04 39 d0 75
0x000000006e7813c6:   f2 48 8b 06 48 89 f1 ff 90 88 00 00 00 48 8b 53
0x000000006e7813d6:   08 48 8b 06 48 89 f1 ff 50 30 48 89 c2 48 85 c0
0x000000006e7813e6:   74 0d 48 8b 06 49 89 f8 48 89 f1 ff 50 70 90 48
0x000000006e7813f6:   83 c4 20 5b 5e 5f c3 55 57 56 53 48 83 ec 28 48
0x000000006e781406:   89 cf 48 89 d3 4c 89 c6 4c 89 cd 48 8b 01 4c 89
0x000000006e781416:   ca ff 90 58 05 00 00 85 c0 7e 16 89 c1 b8 00 00
0x000000006e781426:   00 00 8b 14 86 89 14 83 48 83 c0 01 48 39 c8 75
0x000000006e781436:   f1 48 8b 07 41 b9 00 00 00 00 49 89 d8 48 89 ea
0x000000006e781446:   48 89 f9 ff 90 18 06 00 00 90 48 83 c4 28 5b 5e
0x000000006e781456:   5f 5d c3 55 57 56 53 48 83 ec 28 48 89 ce 48 89
0x000000006e781466:   d3 44 89 c5 48 8b 01 44 89 c2 ff 90 98 05 00 00
0x000000006e781476:   48 89 c7 48 85 c0 74 4d 48 8b 06 41 b8 00 00 00
0x000000006e781486:   00 48 89 fa 48 89 f1 ff 90 d8 05 00 00 49 89 c0
0x000000006e781496:   48 85 c0 74 3c 85 ed 7e 17 89 e9 b8 00 00 00 00
0x000000006e7814a6:   8b 14 83 41 89 14 80 48 83 c0 01 48 39 c8 75 f0
0x000000006e7814b6:   48 8b 06 41 b9 00 00 00 00 48 89 fa 48 89 f1 ff
0x000000006e7814c6:   90 18 06 00 00 48 89 f8 48 83 c4 28 5b 5e 5f 5d
0x000000006e7814d6:   c3 48 89 c7 eb ef 55 57 56 53 48 83 ec 28 48 89
0x000000006e7814e6:   cf 48 89 d6 44 89 c3 48 8b 01 44 89 c2 ff 90 a8
0x000000006e7814f6:   05 00 00 48 89 c5 48 85 c0 74 51 48 8b 07 41 b8
0x000000006e781506:   00 00 00 00 48 89 ea 48 89 f9 ff 90 e8 05 00 00
0x000000006e781516:   49 89 c0 48 85 c0 74 40 85 db 7e 1b 89 da b8 00
0x000000006e781526:   00 00 00 f3 0f 10 04 86 f3 41 0f 11 04 80 48 83
0x000000006e781536:   c0 01 48 39 d0 75 ec 48 8b 07 41 b9 00 00 00 00
0x000000006e781546:   48 89 ea 48 89 f9 ff 90 28 06 00 00 48 89 e8 48
0x000000006e781556:   83 c4 28 5b 5e 5f 5d c3 48 89 c5 eb ef 55 57 56
0x000000006e781566:   53 48 83 ec 28 48 89 cf 48 89 d3 4c 89 c6 4c 89
0x000000006e781576:   cd 48 8b 01 4c 89 ca ff 90 58 05 00 00 85 c0 7e
0x000000006e781586:   1a 89 c2 b8 00 00 00 00 f2 0f 10 04 c6 f2 0f 11
0x000000006e781596:   04 c3 48 83 c0 01 48 39 d0 75 ed 48 8b 07 41 b9 


Stack slot to memory mapping:
stack at sp + 0 slots: 0x0 is NULL
stack at sp + 1 slots: 0x0000000000000001 is an unknown value
stack at sp + 2 slots: 0x000002a08503db10 points into unknown readable memory: a0 1a 30 d9 fa 7f 00 00
stack at sp + 3 slots: 0x000002a0a89a2be0 points into unknown readable memory: 78 e3 d0 15 07 00 00 00
stack at sp + 4 slots: 0x000002a0831fee40 points into unknown readable memory: 40 8c f5 64 00 00 00 00
stack at sp + 5 slots: 0x000002a0831fee40 points into unknown readable memory: 40 8c f5 64 00 00 00 00
stack at sp + 6 slots: 0x000002a08503db10 points into unknown readable memory: a0 1a 30 d9 fa 7f 00 00
stack at sp + 7 slots: 0x0 is NULL


---------------  P R O C E S S  ---------------

Threads class SMR info:
_java_thread_list=0x000002a0a9545990, length=13, elements={
0x000002a08503d800, 0x000002a0a8ad7000, 0x000002a0a8ada800, 0x000002a0a9374000,
0x000002a0a9375000, 0x000002a0a937c000, 0x000002a0a937d000, 0x000002a0a9380800,
0x000002a0a938e000, 0x000002a0a94d0800, 0x000002a0a94d7800, 0x000002a082f11000,
0x000002a0a956b800
}

Java Threads: ( => current thread )
=>0x000002a08503d800 JavaThread "main" [_thread_in_native, id=16032, stack(0x000000c9a2a00000,0x000000c9a2b00000)]
  0x000002a0a8ad7000 JavaThread "Reference Handler" daemon [_thread_blocked, id=15188, stack(0x000000c9a3100000,0x000000c9a3200000)]
  0x000002a0a8ada800 JavaThread "Finalizer" daemon [_thread_blocked, id=16368, stack(0x000000c9a3200000,0x000000c9a3300000)]
  0x000002a0a9374000 JavaThread "Signal Dispatcher" daemon [_thread_blocked, id=4100, stack(0x000000c9a3300000,0x000000c9a3400000)]
  0x000002a0a9375000 JavaThread "Attach Listener" daemon [_thread_blocked, id=12688, stack(0x000000c9a3400000,0x000000c9a3500000)]
  0x000002a0a937c000 JavaThread "Service Thread" daemon [_thread_blocked, id=9724, stack(0x000000c9a3500000,0x000000c9a3600000)]
  0x000002a0a937d000 JavaThread "C2 CompilerThread0" daemon [_thread_blocked, id=7796, stack(0x000000c9a3600000,0x000000c9a3700000)]
  0x000002a0a9380800 JavaThread "C1 CompilerThread0" daemon [_thread_blocked, id=8412, stack(0x000000c9a3700000,0x000000c9a3800000)]
  0x000002a0a938e000 JavaThread "Sweeper thread" daemon [_thread_blocked, id=9440, stack(0x000000c9a3800000,0x000000c9a3900000)]
  0x000002a0a94d0800 JavaThread "Notification Thread" daemon [_thread_blocked, id=12472, stack(0x000000c9a3900000,0x000000c9a3a00000)]
  0x000002a0a94d7800 JavaThread "Common-Cleaner" daemon [_thread_blocked, id=10832, stack(0x000000c9a3b00000,0x000000c9a3c00000)]
  0x000002a082f11000 JavaThread "Thread-0" [_thread_in_native, id=6492, stack(0x000000c9a3c00000,0x000000c9a3d00000)]
  0x000002a0a956b800 JavaThread "Thread-1" [_thread_blocked, id=2828, stack(0x000000c9a3d00000,0x000000c9a3e00000)]

Other Threads:
  0x000002a0a8ad3800 VMThread "VM Thread" [stack: 0x000000c9a3000000,0x000000c9a3100000] [id=8136]
  0x000002a0a94d2800 WatcherThread [stack: 0x000000c9a3a00000,0x000000c9a3b00000] [id=6788]
  0x000002a0850a3000 GCTaskThread "GC Thread#0" [stack: 0x000000c9a2b00000,0x000000c9a2c00000] [id=13536]
  0x000002a0850c3800 ConcurrentGCThread "G1 Main Marker" [stack: 0x000000c9a2c00000,0x000000c9a2d00000] [id=4400]
  0x000002a0850c5000 ConcurrentGCThread "G1 Conc#0" [stack: 0x000000c9a2d00000,0x000000c9a2e00000] [id=14844]
  0x000002a0a89b9800 ConcurrentGCThread "G1 Refine#0" [stack: 0x000000c9a2e00000,0x000000c9a2f00000] [id=10568]
  0x000002a0a89bc800 ConcurrentGCThread "G1 Young RemSet Sampling" [stack: 0x000000c9a2f00000,0x000000c9a3000000] [id=15892]

Threads with active compile tasks:

VM state:not at safepoint (normal execution)

VM Mutex/Monitor currently owned by a thread: None

Heap address: 0x0000000706800000, size: 3992 MB, Compressed Oops mode: Zero based, Oop shift amount: 3
Narrow klass base: 0x0000000800000000, Narrow klass shift: 3
Compressed class space size: 1073741824 Address: 0x0000000800b30000

Heap:
 garbage-first heap   total 256000K, used 4096K [0x0000000706800000, 0x0000000800000000)
  region size 1024K, 5 young (5120K), 0 survivors (0K)
 Metaspace       used 1262K, capacity 4911K, committed 5120K, reserved 1056768K
  class space    used 115K, capacity 447K, committed 512K, reserved 1048576K
Heap Regions: E=young(eden), S=young(survivor), O=old, HS=humongous(starts), HC=humongous(continues), CS=collection set, F=free, OA=open archive, CA=closed archive, TAMS=top-at-mark-start (previous, next)
|   0|0x0000000706800000, 0x0000000706800000, 0x0000000706900000|  0%| F|  |TAMS 0x0000000706800000, 0x0000000706800000| Untracked 
|   1|0x0000000706900000, 0x0000000706900000, 0x0000000706a00000|  0%| F|  |TAMS 0x0000000706900000, 0x0000000706900000| Untracked 
|   2|0x0000000706a00000, 0x0000000706a00000, 0x0000000706b00000|  0%| F|  |TAMS 0x0000000706a00000, 0x0000000706a00000| Untracked 
|   3|0x0000000706b00000, 0x0000000706b00000, 0x0000000706c00000|  0%| F|  |TAMS 0x0000000706b00000, 0x0000000706b00000| Untracked 
|   4|0x0000000706c00000, 0x0000000706c00000, 0x0000000706d00000|  0%| F|  |TAMS 0x0000000706c00000, 0x0000000706c00000| Untracked 
|   5|0x0000000706d00000, 0x0000000706d00000, 0x0000000706e00000|  0%| F|  |TAMS 0x0000000706d00000, 0x0000000706d00000| Untracked 
|   6|0x0000000706e00000, 0x0000000706e00000, 0x0000000706f00000|  0%| F|  |TAMS 0x0000000706e00000, 0x0000000706e00000| Untracked 
|   7|0x0000000706f00000, 0x0000000706f00000, 0x0000000707000000|  0%| F|  |TAMS 0x0000000706f00000, 0x0000000706f00000| Untracked 
|   8|0x0000000707000000, 0x0000000707000000, 0x0000000707100000|  0%| F|  |TAMS 0x0000000707000000, 0x0000000707000000| Untracked 
|   9|0x0000000707100000, 0x0000000707100000, 0x0000000707200000|  0%| F|  |TAMS 0x0000000707100000, 0x0000000707100000| Untracked 
|  10|0x0000000707200000, 0x0000000707200000, 0x0000000707300000|  0%| F|  |TAMS 0x0000000707200000, 0x0000000707200000| Untracked 
|  11|0x0000000707300000, 0x0000000707300000, 0x0000000707400000|  0%| F|  |TAMS 0x0000000707300000, 0x0000000707300000| Untracked 
|  12|0x0000000707400000, 0x0000000707400000, 0x0000000707500000|  0%| F|  |TAMS 0x0000000707400000, 0x0000000707400000| Untracked 
|  13|0x0000000707500000, 0x0000000707500000, 0x0000000707600000|  0%| F|  |TAMS 0x0000000707500000, 0x0000000707500000| Untracked 
|  14|0x0000000707600000, 0x0000000707600000, 0x0000000707700000|  0%| F|  |TAMS 0x0000000707600000, 0x0000000707600000| Untracked 
|  15|0x0000000707700000, 0x0000000707700000, 0x0000000707800000|  0%| F|  |TAMS 0x0000000707700000, 0x0000000707700000| Untracked 
|  16|0x0000000707800000, 0x0000000707800000, 0x0000000707900000|  0%| F|  |TAMS 0x0000000707800000, 0x0000000707800000| Untracked 
|  17|0x0000000707900000, 0x0000000707900000, 0x0000000707a00000|  0%| F|  |TAMS 0x0000000707900000, 0x0000000707900000| Untracked 
|  18|0x0000000707a00000, 0x0000000707a00000, 0x0000000707b00000|  0%| F|  |TAMS 0x0000000707a00000, 0x0000000707a00000| Untracked 
|  19|0x0000000707b00000, 0x0000000707b00000, 0x0000000707c00000|  0%| F|  |TAMS 0x0000000707b00000, 0x0000000707b00000| Untracked 
|  20|0x0000000707c00000, 0x0000000707c00000, 0x0000000707d00000|  0%| F|  |TAMS 0x0000000707c00000, 0x0000000707c00000| Untracked 
|  21|0x0000000707d00000, 0x0000000707d00000, 0x0000000707e00000|  0%| F|  |TAMS 0x0000000707d00000, 0x0000000707d00000| Untracked 
|  22|0x0000000707e00000, 0x0000000707e00000, 0x0000000707f00000|  0%| F|  |TAMS 0x0000000707e00000, 0x0000000707e00000| Untracked 
|  23|0x0000000707f00000, 0x0000000707f00000, 0x0000000708000000|  0%| F|  |TAMS 0x0000000707f00000, 0x0000000707f00000| Untracked 
|  24|0x0000000708000000, 0x0000000708000000, 0x0000000708100000|  0%| F|  |TAMS 0x0000000708000000, 0x0000000708000000| Untracked 
|  25|0x0000000708100000, 0x0000000708100000, 0x0000000708200000|  0%| F|  |TAMS 0x0000000708100000, 0x0000000708100000| Untracked 
|  26|0x0000000708200000, 0x0000000708200000, 0x0000000708300000|  0%| F|  |TAMS 0x0000000708200000, 0x0000000708200000| Untracked 
|  27|0x0000000708300000, 0x0000000708300000, 0x0000000708400000|  0%| F|  |TAMS 0x0000000708300000, 0x0000000708300000| Untracked 
|  28|0x0000000708400000, 0x0000000708400000, 0x0000000708500000|  0%| F|  |TAMS 0x0000000708400000, 0x0000000708400000| Untracked 
|  29|0x0000000708500000, 0x0000000708500000, 0x0000000708600000|  0%| F|  |TAMS 0x0000000708500000, 0x0000000708500000| Untracked 
|  30|0x0000000708600000, 0x0000000708600000, 0x0000000708700000|  0%| F|  |TAMS 0x0000000708600000, 0x0000000708600000| Untracked 
|  31|0x0000000708700000, 0x0000000708700000, 0x0000000708800000|  0%| F|  |TAMS 0x0000000708700000, 0x0000000708700000| Untracked 
|  32|0x0000000708800000, 0x0000000708800000, 0x0000000708900000|  0%| F|  |TAMS 0x0000000708800000, 0x0000000708800000| Untracked 
|  33|0x0000000708900000, 0x0000000708900000, 0x0000000708a00000|  0%| F|  |TAMS 0x0000000708900000, 0x0000000708900000| Untracked 
|  34|0x0000000708a00000, 0x0000000708a00000, 0x0000000708b00000|  0%| F|  |TAMS 0x0000000708a00000, 0x0000000708a00000| Untracked 
|  35|0x0000000708b00000, 0x0000000708b00000, 0x0000000708c00000|  0%| F|  |TAMS 0x0000000708b00000, 0x0000000708b00000| Untracked 
|  36|0x0000000708c00000, 0x0000000708c00000, 0x0000000708d00000|  0%| F|  |TAMS 0x0000000708c00000, 0x0000000708c00000| Untracked 
|  37|0x0000000708d00000, 0x0000000708d00000, 0x0000000708e00000|  0%| F|  |TAMS 0x0000000708d00000, 0x0000000708d00000| Untracked 
|  38|0x0000000708e00000, 0x0000000708e00000, 0x0000000708f00000|  0%| F|  |TAMS 0x0000000708e00000, 0x0000000708e00000| Untracked 
|  39|0x0000000708f00000, 0x0000000708f00000, 0x0000000709000000|  0%| F|  |TAMS 0x0000000708f00000, 0x0000000708f00000| Untracked 
|  40|0x0000000709000000, 0x0000000709000000, 0x0000000709100000|  0%| F|  |TAMS 0x0000000709000000, 0x0000000709000000| Untracked 
|  41|0x0000000709100000, 0x0000000709100000, 0x0000000709200000|  0%| F|  |TAMS 0x0000000709100000, 0x0000000709100000| Untracked 
|  42|0x0000000709200000, 0x0000000709200000, 0x0000000709300000|  0%| F|  |TAMS 0x0000000709200000, 0x0000000709200000| Untracked 
|  43|0x0000000709300000, 0x0000000709300000, 0x0000000709400000|  0%| F|  |TAMS 0x0000000709300000, 0x0000000709300000| Untracked 
|  44|0x0000000709400000, 0x0000000709400000, 0x0000000709500000|  0%| F|  |TAMS 0x0000000709400000, 0x0000000709400000| Untracked 
|  45|0x0000000709500000, 0x0000000709500000, 0x0000000709600000|  0%| F|  |TAMS 0x0000000709500000, 0x0000000709500000| Untracked 
|  46|0x0000000709600000, 0x0000000709600000, 0x0000000709700000|  0%| F|  |TAMS 0x0000000709600000, 0x0000000709600000| Untracked 
|  47|0x0000000709700000, 0x0000000709700000, 0x0000000709800000|  0%| F|  |TAMS 0x0000000709700000, 0x0000000709700000| Untracked 
|  48|0x0000000709800000, 0x0000000709800000, 0x0000000709900000|  0%| F|  |TAMS 0x0000000709800000, 0x0000000709800000| Untracked 
|  49|0x0000000709900000, 0x0000000709900000, 0x0000000709a00000|  0%| F|  |TAMS 0x0000000709900000, 0x0000000709900000| Untracked 
|  50|0x0000000709a00000, 0x0000000709a00000, 0x0000000709b00000|  0%| F|  |TAMS 0x0000000709a00000, 0x0000000709a00000| Untracked 
|  51|0x0000000709b00000, 0x0000000709b00000, 0x0000000709c00000|  0%| F|  |TAMS 0x0000000709b00000, 0x0000000709b00000| Untracked 
|  52|0x0000000709c00000, 0x0000000709c00000, 0x0000000709d00000|  0%| F|  |TAMS 0x0000000709c00000, 0x0000000709c00000| Untracked 
|  53|0x0000000709d00000, 0x0000000709d00000, 0x0000000709e00000|  0%| F|  |TAMS 0x0000000709d00000, 0x0000000709d00000| Untracked 
|  54|0x0000000709e00000, 0x0000000709e00000, 0x0000000709f00000|  0%| F|  |TAMS 0x0000000709e00000, 0x0000000709e00000| Untracked 
|  55|0x0000000709f00000, 0x0000000709f00000, 0x000000070a000000|  0%| F|  |TAMS 0x0000000709f00000, 0x0000000709f00000| Untracked 
|  56|0x000000070a000000, 0x000000070a000000, 0x000000070a100000|  0%| F|  |TAMS 0x000000070a000000, 0x000000070a000000| Untracked 
|  57|0x000000070a100000, 0x000000070a100000, 0x000000070a200000|  0%| F|  |TAMS 0x000000070a100000, 0x000000070a100000| Untracked 
|  58|0x000000070a200000, 0x000000070a200000, 0x000000070a300000|  0%| F|  |TAMS 0x000000070a200000, 0x000000070a200000| Untracked 
|  59|0x000000070a300000, 0x000000070a300000, 0x000000070a400000|  0%| F|  |TAMS 0x000000070a300000, 0x000000070a300000| Untracked 
|  60|0x000000070a400000, 0x000000070a400000, 0x000000070a500000|  0%| F|  |TAMS 0x000000070a400000, 0x000000070a400000| Untracked 
|  61|0x000000070a500000, 0x000000070a500000, 0x000000070a600000|  0%| F|  |TAMS 0x000000070a500000, 0x000000070a500000| Untracked 
|  62|0x000000070a600000, 0x000000070a600000, 0x000000070a700000|  0%| F|  |TAMS 0x000000070a600000, 0x000000070a600000| Untracked 
|  63|0x000000070a700000, 0x000000070a700000, 0x000000070a800000|  0%| F|  |TAMS 0x000000070a700000, 0x000000070a700000| Untracked 
|  64|0x000000070a800000, 0x000000070a800000, 0x000000070a900000|  0%| F|  |TAMS 0x000000070a800000, 0x000000070a800000| Untracked 
|  65|0x000000070a900000, 0x000000070a900000, 0x000000070aa00000|  0%| F|  |TAMS 0x000000070a900000, 0x000000070a900000| Untracked 
|  66|0x000000070aa00000, 0x000000070aa00000, 0x000000070ab00000|  0%| F|  |TAMS 0x000000070aa00000, 0x000000070aa00000| Untracked 
|  67|0x000000070ab00000, 0x000000070ab00000, 0x000000070ac00000|  0%| F|  |TAMS 0x000000070ab00000, 0x000000070ab00000| Untracked 
|  68|0x000000070ac00000, 0x000000070ac00000, 0x000000070ad00000|  0%| F|  |TAMS 0x000000070ac00000, 0x000000070ac00000| Untracked 
|  69|0x000000070ad00000, 0x000000070ad00000, 0x000000070ae00000|  0%| F|  |TAMS 0x000000070ad00000, 0x000000070ad00000| Untracked 
|  70|0x000000070ae00000, 0x000000070ae00000, 0x000000070af00000|  0%| F|  |TAMS 0x000000070ae00000, 0x000000070ae00000| Untracked 
|  71|0x000000070af00000, 0x000000070af00000, 0x000000070b000000|  0%| F|  |TAMS 0x000000070af00000, 0x000000070af00000| Untracked 
|  72|0x000000070b000000, 0x000000070b000000, 0x000000070b100000|  0%| F|  |TAMS 0x000000070b000000, 0x000000070b000000| Untracked 
|  73|0x000000070b100000, 0x000000070b100000, 0x000000070b200000|  0%| F|  |TAMS 0x000000070b100000, 0x000000070b100000| Untracked 
|  74|0x000000070b200000, 0x000000070b200000, 0x000000070b300000|  0%| F|  |TAMS 0x000000070b200000, 0x000000070b200000| Untracked 
|  75|0x000000070b300000, 0x000000070b300000, 0x000000070b400000|  0%| F|  |TAMS 0x000000070b300000, 0x000000070b300000| Untracked 
|  76|0x000000070b400000, 0x000000070b400000, 0x000000070b500000|  0%| F|  |TAMS 0x000000070b400000, 0x000000070b400000| Untracked 
|  77|0x000000070b500000, 0x000000070b500000, 0x000000070b600000|  0%| F|  |TAMS 0x000000070b500000, 0x000000070b500000| Untracked 
|  78|0x000000070b600000, 0x000000070b600000, 0x000000070b700000|  0%| F|  |TAMS 0x000000070b600000, 0x000000070b600000| Untracked 
|  79|0x000000070b700000, 0x000000070b700000, 0x000000070b800000|  0%| F|  |TAMS 0x000000070b700000, 0x000000070b700000| Untracked 
|  80|0x000000070b800000, 0x000000070b800000, 0x000000070b900000|  0%| F|  |TAMS 0x000000070b800000, 0x000000070b800000| Untracked 
|  81|0x000000070b900000, 0x000000070b900000, 0x000000070ba00000|  0%| F|  |TAMS 0x000000070b900000, 0x000000070b900000| Untracked 
|  82|0x000000070ba00000, 0x000000070ba00000, 0x000000070bb00000|  0%| F|  |TAMS 0x000000070ba00000, 0x000000070ba00000| Untracked 
|  83|0x000000070bb00000, 0x000000070bb00000, 0x000000070bc00000|  0%| F|  |TAMS 0x000000070bb00000, 0x000000070bb00000| Untracked 
|  84|0x000000070bc00000, 0x000000070bc00000, 0x000000070bd00000|  0%| F|  |TAMS 0x000000070bc00000, 0x000000070bc00000| Untracked 
|  85|0x000000070bd00000, 0x000000070bd00000, 0x000000070be00000|  0%| F|  |TAMS 0x000000070bd00000, 0x000000070bd00000| Untracked 
|  86|0x000000070be00000, 0x000000070be00000, 0x000000070bf00000|  0%| F|  |TAMS 0x000000070be00000, 0x000000070be00000| Untracked 
|  87|0x000000070bf00000, 0x000000070bf00000, 0x000000070c000000|  0%| F|  |TAMS 0x000000070bf00000, 0x000000070bf00000| Untracked 
|  88|0x000000070c000000, 0x000000070c000000, 0x000000070c100000|  0%| F|  |TAMS 0x000000070c000000, 0x000000070c000000| Untracked 
|  89|0x000000070c100000, 0x000000070c100000, 0x000000070c200000|  0%| F|  |TAMS 0x000000070c100000, 0x000000070c100000| Untracked 
|  90|0x000000070c200000, 0x000000070c200000, 0x000000070c300000|  0%| F|  |TAMS 0x000000070c200000, 0x000000070c200000| Untracked 
|  91|0x000000070c300000, 0x000000070c300000, 0x000000070c400000|  0%| F|  |TAMS 0x000000070c300000, 0x000000070c300000| Untracked 
|  92|0x000000070c400000, 0x000000070c400000, 0x000000070c500000|  0%| F|  |TAMS 0x000000070c400000, 0x000000070c400000| Untracked 
|  93|0x000000070c500000, 0x000000070c500000, 0x000000070c600000|  0%| F|  |TAMS 0x000000070c500000, 0x000000070c500000| Untracked 
|  94|0x000000070c600000, 0x000000070c600000, 0x000000070c700000|  0%| F|  |TAMS 0x000000070c600000, 0x000000070c600000| Untracked 
|  95|0x000000070c700000, 0x000000070c700000, 0x000000070c800000|  0%| F|  |TAMS 0x000000070c700000, 0x000000070c700000| Untracked 
|  96|0x000000070c800000, 0x000000070c800000, 0x000000070c900000|  0%| F|  |TAMS 0x000000070c800000, 0x000000070c800000| Untracked 
|  97|0x000000070c900000, 0x000000070c900000, 0x000000070ca00000|  0%| F|  |TAMS 0x000000070c900000, 0x000000070c900000| Untracked 
|  98|0x000000070ca00000, 0x000000070ca00000, 0x000000070cb00000|  0%| F|  |TAMS 0x000000070ca00000, 0x000000070ca00000| Untracked 
|  99|0x000000070cb00000, 0x000000070cb00000, 0x000000070cc00000|  0%| F|  |TAMS 0x000000070cb00000, 0x000000070cb00000| Untracked 
| 100|0x000000070cc00000, 0x000000070cc00000, 0x000000070cd00000|  0%| F|  |TAMS 0x000000070cc00000, 0x000000070cc00000| Untracked 
| 101|0x000000070cd00000, 0x000000070cd00000, 0x000000070ce00000|  0%| F|  |TAMS 0x000000070cd00000, 0x000000070cd00000| Untracked 
| 102|0x000000070ce00000, 0x000000070ce00000, 0x000000070cf00000|  0%| F|  |TAMS 0x000000070ce00000, 0x000000070ce00000| Untracked 
| 103|0x000000070cf00000, 0x000000070cf00000, 0x000000070d000000|  0%| F|  |TAMS 0x000000070cf00000, 0x000000070cf00000| Untracked 
| 104|0x000000070d000000, 0x000000070d000000, 0x000000070d100000|  0%| F|  |TAMS 0x000000070d000000, 0x000000070d000000| Untracked 
| 105|0x000000070d100000, 0x000000070d100000, 0x000000070d200000|  0%| F|  |TAMS 0x000000070d100000, 0x000000070d100000| Untracked 
| 106|0x000000070d200000, 0x000000070d200000, 0x000000070d300000|  0%| F|  |TAMS 0x000000070d200000, 0x000000070d200000| Untracked 
| 107|0x000000070d300000, 0x000000070d300000, 0x000000070d400000|  0%| F|  |TAMS 0x000000070d300000, 0x000000070d300000| Untracked 
| 108|0x000000070d400000, 0x000000070d400000, 0x000000070d500000|  0%| F|  |TAMS 0x000000070d400000, 0x000000070d400000| Untracked 
| 109|0x000000070d500000, 0x000000070d500000, 0x000000070d600000|  0%| F|  |TAMS 0x000000070d500000, 0x000000070d500000| Untracked 
| 110|0x000000070d600000, 0x000000070d600000, 0x000000070d700000|  0%| F|  |TAMS 0x000000070d600000, 0x000000070d600000| Untracked 
| 111|0x000000070d700000, 0x000000070d700000, 0x000000070d800000|  0%| F|  |TAMS 0x000000070d700000, 0x000000070d700000| Untracked 
| 112|0x000000070d800000, 0x000000070d800000, 0x000000070d900000|  0%| F|  |TAMS 0x000000070d800000, 0x000000070d800000| Untracked 
| 113|0x000000070d900000, 0x000000070d900000, 0x000000070da00000|  0%| F|  |TAMS 0x000000070d900000, 0x000000070d900000| Untracked 
| 114|0x000000070da00000, 0x000000070da00000, 0x000000070db00000|  0%| F|  |TAMS 0x000000070da00000, 0x000000070da00000| Untracked 
| 115|0x000000070db00000, 0x000000070db00000, 0x000000070dc00000|  0%| F|  |TAMS 0x000000070db00000, 0x000000070db00000| Untracked 
| 116|0x000000070dc00000, 0x000000070dc00000, 0x000000070dd00000|  0%| F|  |TAMS 0x000000070dc00000, 0x000000070dc00000| Untracked 
| 117|0x000000070dd00000, 0x000000070dd00000, 0x000000070de00000|  0%| F|  |TAMS 0x000000070dd00000, 0x000000070dd00000| Untracked 
| 118|0x000000070de00000, 0x000000070de00000, 0x000000070df00000|  0%| F|  |TAMS 0x000000070de00000, 0x000000070de00000| Untracked 
| 119|0x000000070df00000, 0x000000070df00000, 0x000000070e000000|  0%| F|  |TAMS 0x000000070df00000, 0x000000070df00000| Untracked 
| 120|0x000000070e000000, 0x000000070e000000, 0x000000070e100000|  0%| F|  |TAMS 0x000000070e000000, 0x000000070e000000| Untracked 
| 121|0x000000070e100000, 0x000000070e100000, 0x000000070e200000|  0%| F|  |TAMS 0x000000070e100000, 0x000000070e100000| Untracked 
| 122|0x000000070e200000, 0x000000070e200000, 0x000000070e300000|  0%| F|  |TAMS 0x000000070e200000, 0x000000070e200000| Untracked 
| 123|0x000000070e300000, 0x000000070e300000, 0x000000070e400000|  0%| F|  |TAMS 0x000000070e300000, 0x000000070e300000| Untracked 
| 124|0x000000070e400000, 0x000000070e400000, 0x000000070e500000|  0%| F|  |TAMS 0x000000070e400000, 0x000000070e400000| Untracked 
| 125|0x000000070e500000, 0x000000070e500000, 0x000000070e600000|  0%| F|  |TAMS 0x000000070e500000, 0x000000070e500000| Untracked 
| 126|0x000000070e600000, 0x000000070e600000, 0x000000070e700000|  0%| F|  |TAMS 0x000000070e600000, 0x000000070e600000| Untracked 
| 127|0x000000070e700000, 0x000000070e700000, 0x000000070e800000|  0%| F|  |TAMS 0x000000070e700000, 0x000000070e700000| Untracked 
| 128|0x000000070e800000, 0x000000070e800000, 0x000000070e900000|  0%| F|  |TAMS 0x000000070e800000, 0x000000070e800000| Untracked 
| 129|0x000000070e900000, 0x000000070e900000, 0x000000070ea00000|  0%| F|  |TAMS 0x000000070e900000, 0x000000070e900000| Untracked 
| 130|0x000000070ea00000, 0x000000070ea00000, 0x000000070eb00000|  0%| F|  |TAMS 0x000000070ea00000, 0x000000070ea00000| Untracked 
| 131|0x000000070eb00000, 0x000000070eb00000, 0x000000070ec00000|  0%| F|  |TAMS 0x000000070eb00000, 0x000000070eb00000| Untracked 
| 132|0x000000070ec00000, 0x000000070ec00000, 0x000000070ed00000|  0%| F|  |TAMS 0x000000070ec00000, 0x000000070ec00000| Untracked 
| 133|0x000000070ed00000, 0x000000070ed00000, 0x000000070ee00000|  0%| F|  |TAMS 0x000000070ed00000, 0x000000070ed00000| Untracked 
| 134|0x000000070ee00000, 0x000000070ee00000, 0x000000070ef00000|  0%| F|  |TAMS 0x000000070ee00000, 0x000000070ee00000| Untracked 
| 135|0x000000070ef00000, 0x000000070ef00000, 0x000000070f000000|  0%| F|  |TAMS 0x000000070ef00000, 0x000000070ef00000| Untracked 
| 136|0x000000070f000000, 0x000000070f000000, 0x000000070f100000|  0%| F|  |TAMS 0x000000070f000000, 0x000000070f000000| Untracked 
| 137|0x000000070f100000, 0x000000070f100000, 0x000000070f200000|  0%| F|  |TAMS 0x000000070f100000, 0x000000070f100000| Untracked 
| 138|0x000000070f200000, 0x000000070f200000, 0x000000070f300000|  0%| F|  |TAMS 0x000000070f200000, 0x000000070f200000| Untracked 
| 139|0x000000070f300000, 0x000000070f300000, 0x000000070f400000|  0%| F|  |TAMS 0x000000070f300000, 0x000000070f300000| Untracked 
| 140|0x000000070f400000, 0x000000070f400000, 0x000000070f500000|  0%| F|  |TAMS 0x000000070f400000, 0x000000070f400000| Untracked 
| 141|0x000000070f500000, 0x000000070f500000, 0x000000070f600000|  0%| F|  |TAMS 0x000000070f500000, 0x000000070f500000| Untracked 
| 142|0x000000070f600000, 0x000000070f600000, 0x000000070f700000|  0%| F|  |TAMS 0x000000070f600000, 0x000000070f600000| Untracked 
| 143|0x000000070f700000, 0x000000070f700000, 0x000000070f800000|  0%| F|  |TAMS 0x000000070f700000, 0x000000070f700000| Untracked 
| 144|0x000000070f800000, 0x000000070f800000, 0x000000070f900000|  0%| F|  |TAMS 0x000000070f800000, 0x000000070f800000| Untracked 
| 145|0x000000070f900000, 0x000000070f900000, 0x000000070fa00000|  0%| F|  |TAMS 0x000000070f900000, 0x000000070f900000| Untracked 
| 146|0x000000070fa00000, 0x000000070fa00000, 0x000000070fb00000|  0%| F|  |TAMS 0x000000070fa00000, 0x000000070fa00000| Untracked 
| 147|0x000000070fb00000, 0x000000070fb00000, 0x000000070fc00000|  0%| F|  |TAMS 0x000000070fb00000, 0x000000070fb00000| Untracked 
| 148|0x000000070fc00000, 0x000000070fc00000, 0x000000070fd00000|  0%| F|  |TAMS 0x000000070fc00000, 0x000000070fc00000| Untracked 
| 149|0x000000070fd00000, 0x000000070fd00000, 0x000000070fe00000|  0%| F|  |TAMS 0x000000070fd00000, 0x000000070fd00000| Untracked 
| 150|0x000000070fe00000, 0x000000070fe00000, 0x000000070ff00000|  0%| F|  |TAMS 0x000000070fe00000, 0x000000070fe00000| Untracked 
| 151|0x000000070ff00000, 0x000000070ff00000, 0x0000000710000000|  0%| F|  |TAMS 0x000000070ff00000, 0x000000070ff00000| Untracked 
| 152|0x0000000710000000, 0x0000000710000000, 0x0000000710100000|  0%| F|  |TAMS 0x0000000710000000, 0x0000000710000000| Untracked 
| 153|0x0000000710100000, 0x0000000710100000, 0x0000000710200000|  0%| F|  |TAMS 0x0000000710100000, 0x0000000710100000| Untracked 
| 154|0x0000000710200000, 0x0000000710200000, 0x0000000710300000|  0%| F|  |TAMS 0x0000000710200000, 0x0000000710200000| Untracked 
| 155|0x0000000710300000, 0x0000000710300000, 0x0000000710400000|  0%| F|  |TAMS 0x0000000710300000, 0x0000000710300000| Untracked 
| 156|0x0000000710400000, 0x0000000710400000, 0x0000000710500000|  0%| F|  |TAMS 0x0000000710400000, 0x0000000710400000| Untracked 
| 157|0x0000000710500000, 0x0000000710500000, 0x0000000710600000|  0%| F|  |TAMS 0x0000000710500000, 0x0000000710500000| Untracked 
| 158|0x0000000710600000, 0x0000000710600000, 0x0000000710700000|  0%| F|  |TAMS 0x0000000710600000, 0x0000000710600000| Untracked 
| 159|0x0000000710700000, 0x0000000710700000, 0x0000000710800000|  0%| F|  |TAMS 0x0000000710700000, 0x0000000710700000| Untracked 
| 160|0x0000000710800000, 0x0000000710800000, 0x0000000710900000|  0%| F|  |TAMS 0x0000000710800000, 0x0000000710800000| Untracked 
| 161|0x0000000710900000, 0x0000000710900000, 0x0000000710a00000|  0%| F|  |TAMS 0x0000000710900000, 0x0000000710900000| Untracked 
| 162|0x0000000710a00000, 0x0000000710a00000, 0x0000000710b00000|  0%| F|  |TAMS 0x0000000710a00000, 0x0000000710a00000| Untracked 
| 163|0x0000000710b00000, 0x0000000710b00000, 0x0000000710c00000|  0%| F|  |TAMS 0x0000000710b00000, 0x0000000710b00000| Untracked 
| 164|0x0000000710c00000, 0x0000000710c00000, 0x0000000710d00000|  0%| F|  |TAMS 0x0000000710c00000, 0x0000000710c00000| Untracked 
| 165|0x0000000710d00000, 0x0000000710d00000, 0x0000000710e00000|  0%| F|  |TAMS 0x0000000710d00000, 0x0000000710d00000| Untracked 
| 166|0x0000000710e00000, 0x0000000710e00000, 0x0000000710f00000|  0%| F|  |TAMS 0x0000000710e00000, 0x0000000710e00000| Untracked 
| 167|0x0000000710f00000, 0x0000000710f00000, 0x0000000711000000|  0%| F|  |TAMS 0x0000000710f00000, 0x0000000710f00000| Untracked 
| 168|0x0000000711000000, 0x0000000711000000, 0x0000000711100000|  0%| F|  |TAMS 0x0000000711000000, 0x0000000711000000| Untracked 
| 169|0x0000000711100000, 0x0000000711100000, 0x0000000711200000|  0%| F|  |TAMS 0x0000000711100000, 0x0000000711100000| Untracked 
| 170|0x0000000711200000, 0x0000000711200000, 0x0000000711300000|  0%| F|  |TAMS 0x0000000711200000, 0x0000000711200000| Untracked 
| 171|0x0000000711300000, 0x0000000711300000, 0x0000000711400000|  0%| F|  |TAMS 0x0000000711300000, 0x0000000711300000| Untracked 
| 172|0x0000000711400000, 0x0000000711400000, 0x0000000711500000|  0%| F|  |TAMS 0x0000000711400000, 0x0000000711400000| Untracked 
| 173|0x0000000711500000, 0x0000000711500000, 0x0000000711600000|  0%| F|  |TAMS 0x0000000711500000, 0x0000000711500000| Untracked 
| 174|0x0000000711600000, 0x0000000711600000, 0x0000000711700000|  0%| F|  |TAMS 0x0000000711600000, 0x0000000711600000| Untracked 
| 175|0x0000000711700000, 0x0000000711700000, 0x0000000711800000|  0%| F|  |TAMS 0x0000000711700000, 0x0000000711700000| Untracked 
| 176|0x0000000711800000, 0x0000000711800000, 0x0000000711900000|  0%| F|  |TAMS 0x0000000711800000, 0x0000000711800000| Untracked 
| 177|0x0000000711900000, 0x0000000711900000, 0x0000000711a00000|  0%| F|  |TAMS 0x0000000711900000, 0x0000000711900000| Untracked 
| 178|0x0000000711a00000, 0x0000000711a00000, 0x0000000711b00000|  0%| F|  |TAMS 0x0000000711a00000, 0x0000000711a00000| Untracked 
| 179|0x0000000711b00000, 0x0000000711b00000, 0x0000000711c00000|  0%| F|  |TAMS 0x0000000711b00000, 0x0000000711b00000| Untracked 
| 180|0x0000000711c00000, 0x0000000711c00000, 0x0000000711d00000|  0%| F|  |TAMS 0x0000000711c00000, 0x0000000711c00000| Untracked 
| 181|0x0000000711d00000, 0x0000000711d00000, 0x0000000711e00000|  0%| F|  |TAMS 0x0000000711d00000, 0x0000000711d00000| Untracked 
| 182|0x0000000711e00000, 0x0000000711e00000, 0x0000000711f00000|  0%| F|  |TAMS 0x0000000711e00000, 0x0000000711e00000| Untracked 
| 183|0x0000000711f00000, 0x0000000711f00000, 0x0000000712000000|  0%| F|  |TAMS 0x0000000711f00000, 0x0000000711f00000| Untracked 
| 184|0x0000000712000000, 0x0000000712000000, 0x0000000712100000|  0%| F|  |TAMS 0x0000000712000000, 0x0000000712000000| Untracked 
| 185|0x0000000712100000, 0x0000000712100000, 0x0000000712200000|  0%| F|  |TAMS 0x0000000712100000, 0x0000000712100000| Untracked 
| 186|0x0000000712200000, 0x0000000712200000, 0x0000000712300000|  0%| F|  |TAMS 0x0000000712200000, 0x0000000712200000| Untracked 
| 187|0x0000000712300000, 0x0000000712300000, 0x0000000712400000|  0%| F|  |TAMS 0x0000000712300000, 0x0000000712300000| Untracked 
| 188|0x0000000712400000, 0x0000000712400000, 0x0000000712500000|  0%| F|  |TAMS 0x0000000712400000, 0x0000000712400000| Untracked 
| 189|0x0000000712500000, 0x0000000712500000, 0x0000000712600000|  0%| F|  |TAMS 0x0000000712500000, 0x0000000712500000| Untracked 
| 190|0x0000000712600000, 0x0000000712600000, 0x0000000712700000|  0%| F|  |TAMS 0x0000000712600000, 0x0000000712600000| Untracked 
| 191|0x0000000712700000, 0x0000000712700000, 0x0000000712800000|  0%| F|  |TAMS 0x0000000712700000, 0x0000000712700000| Untracked 
| 192|0x0000000712800000, 0x0000000712800000, 0x0000000712900000|  0%| F|  |TAMS 0x0000000712800000, 0x0000000712800000| Untracked 
| 193|0x0000000712900000, 0x0000000712900000, 0x0000000712a00000|  0%| F|  |TAMS 0x0000000712900000, 0x0000000712900000| Untracked 
| 194|0x0000000712a00000, 0x0000000712a00000, 0x0000000712b00000|  0%| F|  |TAMS 0x0000000712a00000, 0x0000000712a00000| Untracked 
| 195|0x0000000712b00000, 0x0000000712b00000, 0x0000000712c00000|  0%| F|  |TAMS 0x0000000712b00000, 0x0000000712b00000| Untracked 
| 196|0x0000000712c00000, 0x0000000712c00000, 0x0000000712d00000|  0%| F|  |TAMS 0x0000000712c00000, 0x0000000712c00000| Untracked 
| 197|0x0000000712d00000, 0x0000000712d00000, 0x0000000712e00000|  0%| F|  |TAMS 0x0000000712d00000, 0x0000000712d00000| Untracked 
| 198|0x0000000712e00000, 0x0000000712e00000, 0x0000000712f00000|  0%| F|  |TAMS 0x0000000712e00000, 0x0000000712e00000| Untracked 
| 199|0x0000000712f00000, 0x0000000712f00000, 0x0000000713000000|  0%| F|  |TAMS 0x0000000712f00000, 0x0000000712f00000| Untracked 
| 200|0x0000000713000000, 0x0000000713000000, 0x0000000713100000|  0%| F|  |TAMS 0x0000000713000000, 0x0000000713000000| Untracked 
| 201|0x0000000713100000, 0x0000000713100000, 0x0000000713200000|  0%| F|  |TAMS 0x0000000713100000, 0x0000000713100000| Untracked 
| 202|0x0000000713200000, 0x0000000713200000, 0x0000000713300000|  0%| F|  |TAMS 0x0000000713200000, 0x0000000713200000| Untracked 
| 203|0x0000000713300000, 0x0000000713300000, 0x0000000713400000|  0%| F|  |TAMS 0x0000000713300000, 0x0000000713300000| Untracked 
| 204|0x0000000713400000, 0x0000000713400000, 0x0000000713500000|  0%| F|  |TAMS 0x0000000713400000, 0x0000000713400000| Untracked 
| 205|0x0000000713500000, 0x0000000713500000, 0x0000000713600000|  0%| F|  |TAMS 0x0000000713500000, 0x0000000713500000| Untracked 
| 206|0x0000000713600000, 0x0000000713600000, 0x0000000713700000|  0%| F|  |TAMS 0x0000000713600000, 0x0000000713600000| Untracked 
| 207|0x0000000713700000, 0x0000000713700000, 0x0000000713800000|  0%| F|  |TAMS 0x0000000713700000, 0x0000000713700000| Untracked 
| 208|0x0000000713800000, 0x0000000713800000, 0x0000000713900000|  0%| F|  |TAMS 0x0000000713800000, 0x0000000713800000| Untracked 
| 209|0x0000000713900000, 0x0000000713900000, 0x0000000713a00000|  0%| F|  |TAMS 0x0000000713900000, 0x0000000713900000| Untracked 
| 210|0x0000000713a00000, 0x0000000713a00000, 0x0000000713b00000|  0%| F|  |TAMS 0x0000000713a00000, 0x0000000713a00000| Untracked 
| 211|0x0000000713b00000, 0x0000000713b00000, 0x0000000713c00000|  0%| F|  |TAMS 0x0000000713b00000, 0x0000000713b00000| Untracked 
| 212|0x0000000713c00000, 0x0000000713c00000, 0x0000000713d00000|  0%| F|  |TAMS 0x0000000713c00000, 0x0000000713c00000| Untracked 
| 213|0x0000000713d00000, 0x0000000713d00000, 0x0000000713e00000|  0%| F|  |TAMS 0x0000000713d00000, 0x0000000713d00000| Untracked 
| 214|0x0000000713e00000, 0x0000000713e00000, 0x0000000713f00000|  0%| F|  |TAMS 0x0000000713e00000, 0x0000000713e00000| Untracked 
| 215|0x0000000713f00000, 0x0000000713f00000, 0x0000000714000000|  0%| F|  |TAMS 0x0000000713f00000, 0x0000000713f00000| Untracked 
| 216|0x0000000714000000, 0x0000000714000000, 0x0000000714100000|  0%| F|  |TAMS 0x0000000714000000, 0x0000000714000000| Untracked 
| 217|0x0000000714100000, 0x0000000714100000, 0x0000000714200000|  0%| F|  |TAMS 0x0000000714100000, 0x0000000714100000| Untracked 
| 218|0x0000000714200000, 0x0000000714200000, 0x0000000714300000|  0%| F|  |TAMS 0x0000000714200000, 0x0000000714200000| Untracked 
| 219|0x0000000714300000, 0x0000000714300000, 0x0000000714400000|  0%| F|  |TAMS 0x0000000714300000, 0x0000000714300000| Untracked 
| 220|0x0000000714400000, 0x0000000714400000, 0x0000000714500000|  0%| F|  |TAMS 0x0000000714400000, 0x0000000714400000| Untracked 
| 221|0x0000000714500000, 0x0000000714500000, 0x0000000714600000|  0%| F|  |TAMS 0x0000000714500000, 0x0000000714500000| Untracked 
| 222|0x0000000714600000, 0x0000000714600000, 0x0000000714700000|  0%| F|  |TAMS 0x0000000714600000, 0x0000000714600000| Untracked 
| 223|0x0000000714700000, 0x0000000714700000, 0x0000000714800000|  0%| F|  |TAMS 0x0000000714700000, 0x0000000714700000| Untracked 
| 224|0x0000000714800000, 0x0000000714800000, 0x0000000714900000|  0%| F|  |TAMS 0x0000000714800000, 0x0000000714800000| Untracked 
| 225|0x0000000714900000, 0x0000000714900000, 0x0000000714a00000|  0%| F|  |TAMS 0x0000000714900000, 0x0000000714900000| Untracked 
| 226|0x0000000714a00000, 0x0000000714a00000, 0x0000000714b00000|  0%| F|  |TAMS 0x0000000714a00000, 0x0000000714a00000| Untracked 
| 227|0x0000000714b00000, 0x0000000714b00000, 0x0000000714c00000|  0%| F|  |TAMS 0x0000000714b00000, 0x0000000714b00000| Untracked 
| 228|0x0000000714c00000, 0x0000000714c00000, 0x0000000714d00000|  0%| F|  |TAMS 0x0000000714c00000, 0x0000000714c00000| Untracked 
| 229|0x0000000714d00000, 0x0000000714d00000, 0x0000000714e00000|  0%| F|  |TAMS 0x0000000714d00000, 0x0000000714d00000| Untracked 
| 230|0x0000000714e00000, 0x0000000714e00000, 0x0000000714f00000|  0%| F|  |TAMS 0x0000000714e00000, 0x0000000714e00000| Untracked 
| 231|0x0000000714f00000, 0x0000000714f00000, 0x0000000715000000|  0%| F|  |TAMS 0x0000000714f00000, 0x0000000714f00000| Untracked 
| 232|0x0000000715000000, 0x0000000715000000, 0x0000000715100000|  0%| F|  |TAMS 0x0000000715000000, 0x0000000715000000| Untracked 
| 233|0x0000000715100000, 0x0000000715100000, 0x0000000715200000|  0%| F|  |TAMS 0x0000000715100000, 0x0000000715100000| Untracked 
| 234|0x0000000715200000, 0x0000000715200000, 0x0000000715300000|  0%| F|  |TAMS 0x0000000715200000, 0x0000000715200000| Untracked 
| 235|0x0000000715300000, 0x0000000715300000, 0x0000000715400000|  0%| F|  |TAMS 0x0000000715300000, 0x0000000715300000| Untracked 
| 236|0x0000000715400000, 0x0000000715400000, 0x0000000715500000|  0%| F|  |TAMS 0x0000000715400000, 0x0000000715400000| Untracked 
| 237|0x0000000715500000, 0x0000000715500000, 0x0000000715600000|  0%| F|  |TAMS 0x0000000715500000, 0x0000000715500000| Untracked 
| 238|0x0000000715600000, 0x0000000715600000, 0x0000000715700000|  0%| F|  |TAMS 0x0000000715600000, 0x0000000715600000| Untracked 
| 239|0x0000000715700000, 0x0000000715700000, 0x0000000715800000|  0%| F|  |TAMS 0x0000000715700000, 0x0000000715700000| Untracked 
| 240|0x0000000715800000, 0x0000000715800000, 0x0000000715900000|  0%| F|  |TAMS 0x0000000715800000, 0x0000000715800000| Untracked 
| 241|0x0000000715900000, 0x0000000715900000, 0x0000000715a00000|  0%| F|  |TAMS 0x0000000715900000, 0x0000000715900000| Untracked 
| 242|0x0000000715a00000, 0x0000000715a00000, 0x0000000715b00000|  0%| F|  |TAMS 0x0000000715a00000, 0x0000000715a00000| Untracked 
| 243|0x0000000715b00000, 0x0000000715b00000, 0x0000000715c00000|  0%| F|  |TAMS 0x0000000715b00000, 0x0000000715b00000| Untracked 
| 244|0x0000000715c00000, 0x0000000715c00000, 0x0000000715d00000|  0%| F|  |TAMS 0x0000000715c00000, 0x0000000715c00000| Untracked 
| 245|0x0000000715d00000, 0x0000000715d76448, 0x0000000715e00000| 46%| E|  |TAMS 0x0000000715d00000, 0x0000000715d00000| Complete 
| 246|0x0000000715e00000, 0x0000000715f00000, 0x0000000715f00000|100%| E|CS|TAMS 0x0000000715e00000, 0x0000000715e00000| Complete 
| 247|0x0000000715f00000, 0x0000000716000000, 0x0000000716000000|100%| E|CS|TAMS 0x0000000715f00000, 0x0000000715f00000| Complete 
| 248|0x0000000716000000, 0x0000000716100000, 0x0000000716100000|100%| E|CS|TAMS 0x0000000716000000, 0x0000000716000000| Complete 
| 249|0x0000000716100000, 0x0000000716200000, 0x0000000716200000|100%| E|CS|TAMS 0x0000000716100000, 0x0000000716100000| Complete 

Card table byte_map: [0x000002a09d2f0000,0x000002a09dac0000] _byte_map_base: 0x000002a099abc000

Marking Bits (Prev, Next): (CMBitMap*) 0x000002a0850a3b28, (CMBitMap*) 0x000002a0850a3b68
 Prev Bits: [0x000002a09e290000, 0x000002a0a20f0000)
 Next Bits: [0x000002a0a20f0000, 0x000002a0a5f50000)

Polling page: 0x000002a084810000

Metaspace:

Usage:
  Non-class:      4.36 MB capacity,     1.12 MB ( 26%) used,     3.24 MB ( 74%) free+waste,     2.63 KB ( <1%) overhead. 
      Class:    447.00 KB capacity,   115.66 KB ( 26%) used,   329.53 KB ( 74%) free+waste,     1.81 KB ( <1%) overhead. 
       Both:      4.80 MB capacity,     1.23 MB ( 26%) used,     3.56 MB ( 74%) free+waste,     4.44 KB ( <1%) overhead. 

Virtual space:
  Non-class space:        8.00 MB reserved,       4.50 MB ( 56%) committed 
      Class space:        1.00 GB reserved,     512.00 KB ( <1%) committed 
             Both:        1.01 GB reserved,       5.00 MB ( <1%) committed 

Chunk freelists:
   Non-Class:  16.00 KB
       Class:  1.00 KB
        Both:  17.00 KB

MaxMetaspaceSize: 17179869184.00 GB
CompressedClassSpaceSize: 1.00 GB

CodeHeap 'non-profiled nmethods': size=120000Kb used=182Kb max_used=182Kb free=119818Kb
 bounds [0x000002a0952b0000, 0x000002a095520000, 0x000002a09c7e0000]
CodeHeap 'profiled nmethods': size=120000Kb used=487Kb max_used=487Kb free=119512Kb
 bounds [0x000002a08dd80000, 0x000002a08dff0000, 0x000002a0952b0000]
CodeHeap 'non-nmethods': size=5760Kb used=1171Kb max_used=1190Kb free=4588Kb
 bounds [0x000002a08d7e0000, 0x000002a08da50000, 0x000002a08dd80000]
 total_blobs=769 nmethods=356 adapters=326
 compilation: enabled
              stopped_count=0, restarted_count=0
 full_count=0

Compilation events (20 events):
Event: 6.543 Thread 0x000002a0a937d000  346   !   4       ca.mcgill.ecse211.project.Odometer::updateOdometerValues (104 bytes)
Event: 6.599 Thread 0x000002a0a937d000 nmethod 346 0x000002a0952d5190 code [0x000002a0952d5540, 0x000002a0952d6698]
Event: 6.983 Thread 0x000002a0a937d000  347       4       ca.mcgill.ecse211.project.Odometer::updateDeltaPosition (113 bytes)
Event: 6.987 Thread 0x000002a0a937d000 nmethod 347 0x000002a0952d6e10 code [0x000002a0952d7040, 0x000002a0952d7298]
Event: 7.131 Thread 0x000002a0a9380800  348       3       com.cyberbotics.webots.controller.Robot::step (10 bytes)
Event: 7.132 Thread 0x000002a0a9380800 nmethod 348 0x000002a08ddf5510 code [0x000002a08ddf56c0, 0x000002a08ddf5828]
Event: 7.629 Thread 0x000002a0a9380800  350   !   3       java.util.concurrent.CyclicBarrier::dowait (251 bytes)
Event: 7.634 Thread 0x000002a0a9380800 nmethod 350 0x000002a08ddf5910 code [0x000002a08ddf5d60, 0x000002a08ddf7d68]
Event: 7.882 Thread 0x000002a0a937d000  351       4       java.util.concurrent.locks.AbstractQueuedSynchronizer$ConditionObject::signalAll (34 bytes)
Event: 7.904 Thread 0x000002a0a937d000 nmethod 351 0x000002a0952d7910 code [0x000002a0952d7b20, 0x000002a0952d8338]
Event: 8.132 Thread 0x000002a0a937d000  352   !   4       java.util.concurrent.locks.AbstractQueuedSynchronizer$ConditionObject::await (159 bytes)
Event: 8.181 Thread 0x000002a0a937d000 nmethod 352 0x000002a0952d8590 code [0x000002a0952d88a0, 0x000002a0952d9768]
Event: 8.181 Thread 0x000002a0a937d000  354   !   4       java.util.concurrent.CyclicBarrier::dowait (251 bytes)
Event: 8.186 Thread 0x000002a0a9380800  355   !   3       simlejos.ExecutionController::performPhysicsStep (60 bytes)
Event: 8.187 Thread 0x000002a0a9380800 nmethod 355 0x000002a08ddf8e90 code [0x000002a08ddf9100, 0x000002a08ddf9ac8]
Event: 8.259 Thread 0x000002a0a937d000 nmethod 354 0x000002a0952d9f10 code [0x000002a0952da2e0, 0x000002a0952db8e0]
Event: 9.143 Thread 0x000002a0a937d000  356   !   4       simlejos.robotics.RegulatedMotor::getSensorValue (80 bytes)
Event: 9.168 Thread 0x000002a0a937d000 nmethod 356 0x000002a0952dc410 code [0x000002a0952dc6e0, 0x000002a0952dcfb0]
Event: 9.168 Thread 0x000002a0a937d000  357       4       com.cyberbotics.webots.controller.Motor::getTargetPosition (9 bytes)
Event: 9.169 Thread 0x000002a0a937d000 nmethod 357 0x000002a0952dd510 code [0x000002a0952dd6a0, 0x000002a0952dd748]

GC Heap History (0 events):
No events

Deoptimization events (12 events):
Event: 0.099 Thread 0x000002a08503d800 Uncommon trap: trap_request=0xffffff45 fr.pc=0x000002a0952b4028 relative=0x0000000000000248
Event: 0.099 Thread 0x000002a08503d800 Uncommon trap: reason=unstable_if action=reinterpret pc=0x000002a0952b4028 method=java.lang.String.hashCode()I @ 13 c2
Event: 0.099 Thread 0x000002a08503d800 DEOPT PACKING pc=0x000002a0952b4028 sp=0x000000c9a2afde40
Event: 0.099 Thread 0x000002a08503d800 DEOPT UNPACKING pc=0x000002a08d7e852f sp=0x000000c9a2afddd0 mode 2
Event: 6.308 Thread 0x000002a0a956b800 Uncommon trap: trap_request=0xffffff5c fr.pc=0x000002a0952c84e4 relative=0x0000000000000d44
Event: 6.309 Thread 0x000002a0a956b800 Uncommon trap: reason=speculate_null_check action=make_not_entrant pc=0x000002a0952c84e4 method=java.util.concurrent.locks.AbstractQueuedSynchronizer.acquire(Ljava/util/concurrent/locks/AbstractQueuedSynchronizer$Node;IZZZJ)I @ 254 c2
Event: 6.309 Thread 0x000002a0a956b800 DEOPT PACKING pc=0x000002a0952c84e4 sp=0x000000c9a3dff0b0
Event: 6.309 Thread 0x000002a0a956b800 DEOPT UNPACKING pc=0x000002a08d7e852f sp=0x000000c9a3dff080 mode 2
Event: 7.626 Thread 0x000002a08503d800 Uncommon trap: trap_request=0xffffff45 fr.pc=0x000002a0952c5644 relative=0x0000000000002244
Event: 7.626 Thread 0x000002a08503d800 Uncommon trap: reason=unstable_if action=reinterpret pc=0x000002a0952c5644 method=jdk.internal.misc.Unsafe.getAndBitwiseAndInt(Ljava/lang/Object;JI)I @ 21 c2
Event: 7.626 Thread 0x000002a08503d800 DEOPT PACKING pc=0x000002a0952c5644 sp=0x000000c9a2afee60
Event: 7.626 Thread 0x000002a08503d800 DEOPT UNPACKING pc=0x000002a08d7e852f sp=0x000000c9a2afec10 mode 2

Classes unloaded (0 events):
No events

Classes redefined (0 events):
No events

Internal exceptions (3 events):
Event: 3.302 Thread 0x000002a08503d800 Exception <a 'java/net/ConnectException'{0x0000000715f071d8}: Connection refused: connect> (0x0000000715f071d8) 
thrown [./open/src/hotspot/share/prims/jni.cpp, line 620]
Event: 3.303 Thread 0x000002a08503d800 Exception <a 'java/net/SocketException'{0x0000000715f085a8}: Socket is not connected: shutdown> (0x0000000715f085a8) 
thrown [./open/src/hotspot/share/prims/jni.cpp, line 620]
Event: 3.306 Thread 0x000002a08503d800 Exception <a 'java/lang/NullPointerException'{0x0000000715f0fcf8}> (0x0000000715f0fcf8) 
thrown [./open/src/hotspot/share/interpreter/linkResolver.cpp, line 1348]

Events (20 events):
Event: 3.303 loading class sun/net/util/SocketExceptions done
Event: 3.312 Thread 0x000002a0a956b800 Thread added: 0x000002a0a956b800
Event: 3.313 loading class java/util/concurrent/locks/AbstractQueuedSynchronizer$ExclusiveNode
Event: 3.313 loading class java/util/concurrent/locks/AbstractQueuedSynchronizer$ExclusiveNode done
Event: 3.501 loading class java/util/DualPivotQuicksort
Event: 3.502 loading class java/util/DualPivotQuicksort done
Event: 6.233 loading class java/lang/invoke/BoundMethodHandle$Species_LLL
Event: 6.233 loading class java/lang/invoke/BoundMethodHandle$Species_LLL done
Event: 6.236 loading class java/lang/invoke/BoundMethodHandle$Species_LLLL
Event: 6.236 loading class java/lang/invoke/BoundMethodHandle$Species_LLLL done
Event: 6.238 loading class java/lang/invoke/BoundMethodHandle$Species_LLLLL
Event: 6.238 loading class java/lang/invoke/BoundMethodHandle$Species_LLLLL done
Event: 6.240 loading class java/lang/invoke/BoundMethodHandle$Species_LJ
Event: 6.240 loading class java/lang/invoke/BoundMethodHandle$Species_LJ done
Event: 6.242 loading class java/lang/invoke/BoundMethodHandle$Species_LLLLLL
Event: 6.242 loading class java/lang/invoke/BoundMethodHandle$Species_LLLLLL done
Event: 6.244 loading class java/lang/invoke/BoundMethodHandle$Species_LLLLLLL
Event: 6.244 loading class java/lang/invoke/BoundMethodHandle$Species_LLLLLLL done
Event: 6.248 loading class jdk/internal/math/FDBigInteger
Event: 6.248 loading class jdk/internal/math/FDBigInteger done


Dynamic libraries:
0x00007ff6405c0000 - 0x00007ff6405cf000 	C:\Program Files\Java\jdk-14.0.2\bin\javaw.exe
0x00007ffb556a0000 - 0x00007ffb55890000 	C:\Windows\SYSTEM32\ntdll.dll
0x00007ffb555a0000 - 0x00007ffb55652000 	C:\Windows\System32\KERNEL32.DLL
0x00007ffb52e50000 - 0x00007ffb530f5000 	C:\Windows\System32\KERNELBASE.dll
0x00007ffb533b0000 - 0x00007ffb534aa000 	C:\Windows\System32\ucrtbase.dll
0x00007ffaeb790000 - 0x00007ffaeb7a5000 	C:\Program Files\Java\jdk-14.0.2\bin\VCRUNTIME140.dll
0x00007ffaeb600000 - 0x00007ffaeb618000 	C:\Program Files\Java\jdk-14.0.2\bin\jli.dll
0x00007ffb55320000 - 0x00007ffb553c3000 	C:\Windows\System32\ADVAPI32.dll
0x00007ffb55450000 - 0x00007ffb554ee000 	C:\Windows\System32\msvcrt.dll
0x00007ffb55280000 - 0x00007ffb55317000 	C:\Windows\System32\sechost.dll
0x00007ffb53790000 - 0x00007ffb538b0000 	C:\Windows\System32\RPCRT4.dll
0x00007ffb54210000 - 0x00007ffb543a4000 	C:\Windows\System32\USER32.dll
0x00007ffb53380000 - 0x00007ffb533a1000 	C:\Windows\System32\win32u.dll
0x00007ffb53750000 - 0x00007ffb53776000 	C:\Windows\System32\GDI32.dll
0x00007ffb53160000 - 0x00007ffb532f6000 	C:\Windows\System32\gdi32full.dll
0x00007ffb30b30000 - 0x00007ffb30db4000 	C:\Windows\WinSxS\amd64_microsoft.windows.common-controls_6595b64144ccf1df_6.0.18362.1139_none_9e7bf2d3e4605ac6\COMCTL32.dll
0x00007ffb52630000 - 0x00007ffb526ce000 	C:\Windows\System32\msvcp_win.dll
0x00007ffb54590000 - 0x00007ffb548c5000 	C:\Windows\System32\combase.dll
0x00007ffb534b0000 - 0x00007ffb53530000 	C:\Windows\System32\bcryptPrimitives.dll
0x00007ffb46210000 - 0x00007ffb4621a000 	C:\Windows\SYSTEM32\VERSION.dll
0x00007ffb54a90000 - 0x00007ffb54abe000 	C:\Windows\System32\IMM32.DLL
0x00007ffae9930000 - 0x00007ffae99cb000 	C:\Program Files\Java\jdk-14.0.2\bin\msvcp140.dll
0x00007ffad8940000 - 0x00007ffad945e000 	C:\Program Files\Java\jdk-14.0.2\bin\server\jvm.dll
0x00007ffb53780000 - 0x00007ffb53788000 	C:\Windows\System32\PSAPI.DLL
0x00007ffb4d1c0000 - 0x00007ffb4d1e4000 	C:\Windows\SYSTEM32\WINMM.dll
0x00007ffb4d190000 - 0x00007ffb4d1bd000 	C:\Windows\SYSTEM32\winmmbase.dll
0x00007ffb53330000 - 0x00007ffb5337a000 	C:\Windows\System32\cfgmgr32.dll
0x00007ffaee1f0000 - 0x00007ffaee1f9000 	C:\Windows\SYSTEM32\WSOCK32.dll
0x00007ffb553e0000 - 0x00007ffb5544f000 	C:\Windows\System32\WS2_32.dll
0x00007ffb52570000 - 0x00007ffb52581000 	C:\Windows\System32\kernel.appcore.dll
0x00007ffaedc20000 - 0x00007ffaedc2a000 	C:\Program Files\Java\jdk-14.0.2\bin\jimage.dll
0x00007ffb4d620000 - 0x00007ffb4d814000 	C:\Windows\SYSTEM32\DBGHELP.DLL
0x00007ffb4a820000 - 0x00007ffb4a84a000 	C:\Windows\SYSTEM32\dbgcore.DLL
0x00007ffaea9a0000 - 0x00007ffaea9c5000 	C:\Program Files\Java\jdk-14.0.2\bin\java.dll
0x00007ffaea700000 - 0x00007ffaea716000 	C:\Program Files\Java\jdk-14.0.2\bin\zip.dll
0x00007ffb54b90000 - 0x00007ffb55277000 	C:\Windows\System32\SHELL32.dll
0x00007ffb554f0000 - 0x00007ffb55599000 	C:\Windows\System32\shcore.dll
0x00007ffb526d0000 - 0x00007ffb52e50000 	C:\Windows\System32\windows.storage.dll
0x00007ffb525b0000 - 0x00007ffb525d3000 	C:\Windows\System32\profapi.dll
0x00007ffb525e0000 - 0x00007ffb5262a000 	C:\Windows\System32\powrprof.dll
0x00007ffb52560000 - 0x00007ffb52570000 	C:\Windows\System32\UMPDC.dll
0x00007ffb53940000 - 0x00007ffb53992000 	C:\Windows\System32\shlwapi.dll
0x00007ffb53530000 - 0x00007ffb53547000 	C:\Windows\System32\cryptsp.dll
0x00007ffaea560000 - 0x00007ffaea579000 	C:\Program Files\Java\jdk-14.0.2\bin\net.dll
0x00007ffb49520000 - 0x00007ffb49610000 	C:\Windows\SYSTEM32\WINHTTP.dll
0x00007ffb51db0000 - 0x00007ffb51e17000 	C:\Windows\system32\mswsock.dll
0x00007ffaea4e0000 - 0x00007ffaea4f2000 	C:\Program Files\Java\jdk-14.0.2\bin\nio.dll
0x000000006e780000 - 0x000000006e7c0000 	C:\Users\brian\AppData\Local\Programs\Webots\lib\controller\java\JavaController.dll
0x0000000064f40000 - 0x0000000064fac000 	C:\Users\brian\AppData\Local\Programs\Webots\lib\controller\CppController.dll
0x000000006fc40000 - 0x000000006fdf1000 	C:\Users\brian\AppData\Local\Programs\Webots\msys64\mingw64\bin\cpp\libstdc++-6.dll
0x0000000061440000 - 0x000000006145c000 	C:\Users\brian\AppData\Local\Programs\Webots\msys64\mingw64\bin\cpp\libgcc_s_seh-1.dll
0x000000006aa40000 - 0x000000006aac8000 	C:\Users\brian\AppData\Local\Programs\Webots\lib\controller\Controller.dll
0x0000000064940000 - 0x0000000064956000 	C:\Users\brian\AppData\Local\Programs\Webots\msys64\mingw64\bin\cpp\libwinpthread-1.dll
0x0000000063e00000 - 0x0000000063e1b000 	C:\Users\brian\AppData\Local\Programs\Webots\RESOUR~1\projects\plugins\ROBOT_~1\generic\generic.dll

dbghelp: loaded successfully - version: 4.0.5 - missing functions: none
symbol engine: initialized successfully - sym options: 0x614 - pdb path: .;C:\Program Files\Java\jdk-14.0.2\bin;C:\Windows\SYSTEM32;C:\Windows\WinSxS\amd64_microsoft.windows.common-controls_6595b64144ccf1df_6.0.18362.1139_none_9e7bf2d3e4605ac6;C:\Program Files\Java\jdk-14.0.2\bin\server;C:\Users\brian\AppData\Local\Programs\Webots\lib\controller\java;C:\Users\brian\AppData\Local\Programs\Webots\lib\controller;C:\Users\brian\AppData\Local\Programs\Webots\msys64\mingw64\bin\cpp;C:\Users\brian\AppData\Local\Programs\Webots\RESOUR~1\projects\plugins\ROBOT_~1\generic

VM Arguments:
jvm_args: -Djava.library.path=C:/Users/brian/AppData/Local/Programs/Webots/lib/controller/java 
java_command: T02Controller
java_class_path (initial): C:/Users/brian/AppData/Local/Programs/Webots/lib/controller/java/Controller.jar;C:/Users/brian/ECLIPS~2/ecse211/FINAL_~1/PROJEC~1/CONTRO~1/T02CON~1/;..\lib\simlejos.jar;..\lib\EV3WiFiClient.jar
Launcher Type: SUN_STANDARD

[Global flags]
     intx CICompilerCount                          = 4                                         {product} {ergonomic}
     uint ConcGCThreads                            = 2                                         {product} {ergonomic}
     uint G1ConcRefinementThreads                  = 8                                         {product} {ergonomic}
   size_t G1HeapRegionSize                         = 1048576                                   {product} {ergonomic}
    uintx GCDrainStackTargetSize                   = 64                                        {product} {ergonomic}
   size_t InitialHeapSize                          = 262144000                                 {product} {ergonomic}
   size_t MarkStackSize                            = 4194304                                   {product} {ergonomic}
   size_t MaxHeapSize                              = 4185915392                                {product} {ergonomic}
   size_t MaxNewSize                               = 2511339520                                {product} {ergonomic}
   size_t MinHeapDeltaBytes                        = 1048576                                   {product} {ergonomic}
   size_t MinHeapSize                              = 8388608                                   {product} {ergonomic}
    uintx NonNMethodCodeHeapSize                   = 5839372                                {pd product} {ergonomic}
    uintx NonProfiledCodeHeapSize                  = 122909434                              {pd product} {ergonomic}
    uintx ProfiledCodeHeapSize                     = 122909434                              {pd product} {ergonomic}
    uintx ReservedCodeCacheSize                    = 251658240                              {pd product} {ergonomic}
     bool SegmentedCodeCache                       = true                                      {product} {ergonomic}
   size_t SoftMaxHeapSize                          = 4185915392                             {manageable} {ergonomic}
     bool UseCompressedClassPointers               = true                                 {lp64_product} {ergonomic}
     bool UseCompressedOops                        = true                                 {lp64_product} {ergonomic}
     bool UseG1GC                                  = true                                      {product} {ergonomic}
     bool UseLargePagesIndividualAllocation        = false                                  {pd product} {ergonomic}

Logging:
Log output configuration:
 #0: stdout all=warning uptime,level,tags
 #1: stderr all=off uptime,level,tags

Environment Variables:
CLASSPATH=..\lib\simlejos.jar;..\lib\EV3WiFiClient.jar
PATH=C:\Users\brian\AppData\Local\Programs\Webots\msys64\mingw64\bin\cpp;C:\Program Files\Common Files\Oracle\Java\javapath;C:\Windows\system32;C:\Windows;C:\Windows\System32\Wbem;C:\Windows\System32\WindowsPowerShell\v1.0\;C:\Windows\System32\OpenSSH\;C:\Program Files\Git\cmd;C:\Users\brian\AppData\Local\Microsoft\WindowsApps;C:\Program Files\Java\jdk-14.0.2\bin;C:\Users\brian\AppData\Local\Programs\Webots\lib\controller
USERNAME=brian
OS=Windows_NT
PROCESSOR_IDENTIFIER=Intel64 Family 6 Model 126 Stepping 5, GenuineIntel



---------------  S Y S T E M  ---------------

OS: Windows 10 , 64 bit Build 18362 (10.0.18362.1110)
OS uptime: 0 days 0:11 hours

CPU:total 8 (initial active 8) (4 cores per cpu, 2 threads per core) family 6 model 126 stepping 5, cmov, cx8, fxsr, mmx, sse, sse2, sse3, ssse3, sse4.1, sse4.2, popcnt, avx, avx2, aes, clmul, erms, 3dnowpref, lzcnt, ht, tsc, tscinvbit, bmi1, bmi2, adx, evex, sha, fma

Memory: 4k page, system-wide physical 15961M (9609M free)
TotalPageFile size 18393M (AvailPageFile size 10481M)
current process WorkingSet (physical memory assigned to process): 40M, peak: 40M
current process commit charge ("private bytes"): 346M, peak: 349M

vm_info: Java HotSpot(TM) 64-Bit Server VM (14.0.2+12-46) for windows-amd64 JRE (14.0.2+12-46), built on Jul  9 2020 00:35:52 by "mach5one" with MS VC++ 15.9 (VS2017)

END.
