#
# A fatal error has been detected by the Java Runtime Environment:
#
#  EXCEPTION_ACCESS_VIOLATION (0xc0000005) at pc=0x000000006aa5a4ed, pid=12020, tid=8772
#
# JRE version: Java(TM) SE Runtime Environment (14.0.2+12) (build 14.0.2+12-46)
# Java VM: Java HotSpot(TM) 64-Bit Server VM (14.0.2+12-46, mixed mode, sharing, tiered, compressed oops, g1 gc, windows-amd64)
# Problematic frame:
# C  [Controller.dll+0x1a4ed]
#
# No core dump will be written. Minidumps are not enabled by default on client versions of Windows
#
# If you would like to submit a bug report, please visit:
#   https://bugreport.java.com/bugreport/crash.jsp
# The crash happened outside the Java Virtual Machine in native code.
# See problematic frame for where to report the bug.
#

---------------  S U M M A R Y ------------

Command Line: -Djava.library.path=C:/Users/brian/AppData/Local/Programs/Webots/lib/controller/java T02Controller

Host: Intel(R) Core(TM) i7-1065G7 CPU @ 1.30GHz, 8 cores, 15G,  Windows 10 , 64 bit Build 18362 (10.0.18362.1110)
Time: Tue Nov 17 15:41:50 2020 Eastern Standard Time elapsed time: 0 seconds (0d 0h 0m 0s)

---------------  T H R E A D  ---------------

Current thread (0x000001dbd119c800):  JavaThread "main" [_thread_in_native, id=8772, stack(0x0000001a63000000,0x0000001a63100000)]

Stack: [0x0000001a63000000,0x0000001a63100000],  sp=0x0000001a630fe0d0,  free space=1016k
Native frames: (J=compiled Java code, j=interpreted, Vv=VM code, C=native code)
C  [Controller.dll+0x1a4ed]

Java frames: (J=compiled Java code, j=interpreted, Vv=VM code)
j  com.cyberbotics.webots.controller.wrapperJNI.new_Robot()J+0
j  com.cyberbotics.webots.controller.Robot.<init>()V+1
j  simlejos.hardware.ev3.LocalEV3.<init>()V+8
j  simlejos.hardware.ev3.LocalEV3.<clinit>()V+4
v  ~StubRoutines::call_stub
j  simlejos.ExecutionController.performPhysicsStep()Z+9
j  ca.mcgill.ecse211.project.Main.initialize()V+8
j  ca.mcgill.ecse211.project.Main.main([Ljava/lang/String;)V+0
j  T02Controller.main([Ljava/lang/String;)V+1
v  ~StubRoutines::call_stub

siginfo: EXCEPTION_ACCESS_VIOLATION (0xc0000005), reading address 0x0000000000000000


Register to memory mapping:

RIP=0x000000006aa5a4ed Controller.dll
RAX=0x0 is NULL
RBX=0x000001dbd12b1bf0 points into unknown readable memory: 00 3f 87 f7 db 01 00 00
RCX=0x0 is NULL
RDX=0x0 is NULL
RSP=0x0000001a630fe0d0 is pointing into the stack for thread: 0x000001dbd119c800
RBP=0x0000001a630fe600 is pointing into the stack for thread: 0x000001dbd119c800
RSI=0x0000001a630fec90 is pointing into the stack for thread: 0x000001dbd119c800
RDI=0x000000006aa58a20 Controller.dll
R8 =0x0000001a630fe038 is pointing into the stack for thread: 0x000001dbd119c800
R9 =0x0000001a630fe600 is pointing into the stack for thread: 0x000001dbd119c800
R10=0x0 is NULL
R11=0x0000000000000246 is an unknown value
R12=0x000001dbd12b1bf0 points into unknown readable memory: 00 3f 87 f7 db 01 00 00
R13={method} {0x000001dbf6f8bee8} 'new_Robot' '()J' in 'com/cyberbotics/webots/controller/wrapperJNI'
R14=0x0000001a630fe680 is pointing into the stack for thread: 0x000001dbd119c800
R15=0x000001dbd119c800 is a thread


Registers:
RAX=0x0000000000000000, RBX=0x000001dbd12b1bf0, RCX=0x0000000000000000, RDX=0x0000000000000000
RSP=0x0000001a630fe0d0, RBP=0x0000001a630fe600, RSI=0x0000001a630fec90, RDI=0x000000006aa58a20
R8 =0x0000001a630fe038, R9 =0x0000001a630fe600, R10=0x0000000000000000, R11=0x0000000000000246
R12=0x000001dbd12b1bf0, R13=0x000001dbf6f8bee0, R14=0x0000001a630fe680, R15=0x000001dbd119c800
RIP=0x000000006aa5a4ed, EFLAGS=0x0000000000010246

Top of Stack: (sp=0x0000001a630fe0d0)
0x0000001a630fe0d0:   000001dbd12b1bf0 0000001a630fe600
0x0000001a630fe0e0:   0000001a630fec90 0000000000000000
0x0000001a630fe0f0:   0000001a00000002 000001dbd119c800
0x0000001a630fe100:   0000000000000000 00007ffb521fb91f
0x0000001a630fe110:   0000001a630fe170 00007ffaf99b3626
0x0000001a630fe120:   0000001a630fe280 0000000000000000
0x0000001a630fe130:   000001dbd119c800 000001dbd1081990
0x0000001a630fe140:   000001dbd1097a30 000001dbd1097a80
0x0000001a630fe150:   000001dbd1097b18 00000000000000d8
0x0000001a630fe160:   0000001a630fea80 00007ffaf9c3f21e
0x0000001a630fe170:   00000000000003d8 000001dbd119c800
0x0000001a630fe180:   000001dbd119d190 0000001a630fe5d0
0x0000001a630fe190:   0000001a630fe3d0 000000071615d2d0
0x0000001a630fe1a0:   000001dbd119d1d0 00007ffaf9ca89c2
0x0000001a630fe1b0:   00007ffaf99ee2f0 0000001a630fe210
0x0000001a630fe1c0:   0000000000000300 000001dbc10003c2 

Instructions: (pc=0x000000006aa5a4ed)
0x000000006aa5a3ed:   ef 11 00 00 85 c0 0f 84 76 02 00 00 4c 89 e1 48
0x000000006aa5a3fd:   8d 3d fd eb ff ff e8 b8 7d 04 00 b9 08 00 00 00
0x000000006aa5a40d:   c7 05 45 0f 06 00 01 00 00 00 e8 4c 7d 04 00 b9
0x000000006aa5a41d:   40 00 00 00 48 89 c3 48 89 05 15 0f 06 00 e8 38
0x000000006aa5a42d:   7d 04 00 31 c9 45 31 c0 31 d2 48 89 78 20 48 8d
0x000000006aa5a43d:   3d 2e e6 ff ff 48 89 78 28 48 8d 3d d3 e5 ff ff
0x000000006aa5a44d:   48 89 03 48 c7 40 08 00 00 00 00 c7 00 1f 00 00
0x000000006aa5a45d:   00 48 c7 40 30 00 00 00 00 c6 05 ab 0f 06 00 01
0x000000006aa5a46d:   ff 15 4d 9f 06 00 31 c9 c6 05 6d 0f 06 00 00 48
0x000000006aa5a47d:   89 05 ad 0e 06 00 48 8b 05 b6 0e 06 00 c7 05 51
0x000000006aa5a48d:   0f 06 00 00 00 00 00 48 c7 05 59 0f 06 00 00 00
0x000000006aa5a49d:   00 00 48 8b 00 c7 05 44 0f 06 00 00 00 00 00 48
0x000000006aa5a4ad:   89 78 38 48 c7 05 4d 0f 06 00 00 00 00 00 c7 05
0x000000006aa5a4bd:   3b 0f 06 00 00 00 00 00 c7 05 41 0f 06 00 ff ff
0x000000006aa5a4cd:   ff ff e8 7c fa ff ff 83 f8 ff 0f 84 d3 00 00 00
0x000000006aa5a4dd:   e8 7e da ff ff 84 c0 75 10 48 8b 0d bb 0e 06 00
0x000000006aa5a4ed:   80 39 00 0f 85 ca 00 00 00 80 3d e8 0e 06 00 00
0x000000006aa5a4fd:   74 0d 80 3d e0 0e 06 00 00 0f 84 f4 00 00 00 48
0x000000006aa5a50d:   8d 0d dd e7 ff ff c6 05 4e 0e 06 00 00 e8 51 6e
0x000000006aa5a51d:   fe ff c6 05 fa 0d 06 00 01 48 81 c4 38 04 00 00
0x000000006aa5a52d:   5b 5e 5f 5d 41 5c 41 5d 41 5e 41 5f e9 f2 18 ff
0x000000006aa5a53d:   ff 66 90 83 fb 01 48 89 fe b9 02 00 00 00 4d 89
0x000000006aa5a54d:   ef 48 0f 45 f5 41 ff d5 41 89 d9 48 8d 15 19 03
0x000000006aa5a55d:   05 00 4d 89 f0 48 89 74 24 20 48 89 c1 e8 f1 e7
0x000000006aa5a56d:   ff ff e9 f6 fd ff ff 0f 1f 40 00 4c 89 f1 e8 98
0x000000006aa5a57d:   7c 04 00 49 89 c4 83 fb 0a 0f 85 54 fe ff ff 4c
0x000000006aa5a58d:   8b 3d 7d 8c 04 00 e9 2f fe ff ff 0f 1f 84 00 00
0x000000006aa5a59d:   00 00 00 48 89 c1 e8 70 7c 04 00 49 89 c4 e9 30
0x000000006aa5a5ad:   fe ff ff e8 db e7 ff ff 31 c9 e8 44 7c 04 00 0f
0x000000006aa5a5bd:   1f 40 00 e8 3b d7 ff ff e8 96 d9 ff ff 84 c0 0f
0x000000006aa5a5cd:   85 24 ff ff ff 48 8b 1d cf 0d 06 00 b9 02 00 00
0x000000006aa5a5dd:   00 ff 15 2c 8c 04 00 48 8d 15 f5 02 05 00 48 89 


Stack slot to memory mapping:
stack at sp + 0 slots: 0x000001dbd12b1bf0 points into unknown readable memory: 00 3f 87 f7 db 01 00 00
stack at sp + 1 slots: 0x0000001a630fe600 is pointing into the stack for thread: 0x000001dbd119c800
stack at sp + 2 slots: 0x0000001a630fec90 is pointing into the stack for thread: 0x000001dbd119c800
stack at sp + 3 slots: 0x0 is NULL
stack at sp + 4 slots: 0x0000001a00000002 is an unknown value
stack at sp + 5 slots: 0x000001dbd119c800 is a thread
stack at sp + 6 slots: 0x0 is NULL
stack at sp + 7 slots: 0x00007ffb521fb91f ntdll.dll


---------------  P R O C E S S  ---------------

Threads class SMR info:
_java_thread_list=0x000001dbf74d7030, length=11, elements={
0x000001dbd119c800, 0x000001dbf6b45000, 0x000001dbf6b46800, 0x000001dbf73e4800,
0x000001dbf73e9800, 0x000001dbf73ea800, 0x000001dbf73f0000, 0x000001dbf73f9800,
0x000001dbf740d000, 0x000001dbf752c800, 0x000001dbf755c000
}

Java Threads: ( => current thread )
=>0x000001dbd119c800 JavaThread "main" [_thread_in_native, id=8772, stack(0x0000001a63000000,0x0000001a63100000)]
  0x000001dbf6b45000 JavaThread "Reference Handler" daemon [_thread_blocked, id=11340, stack(0x0000001a63700000,0x0000001a63800000)]
  0x000001dbf6b46800 JavaThread "Finalizer" daemon [_thread_blocked, id=17464, stack(0x0000001a63800000,0x0000001a63900000)]
  0x000001dbf73e4800 JavaThread "Signal Dispatcher" daemon [_thread_blocked, id=2328, stack(0x0000001a63900000,0x0000001a63a00000)]
  0x000001dbf73e9800 JavaThread "Attach Listener" daemon [_thread_blocked, id=19032, stack(0x0000001a63a00000,0x0000001a63b00000)]
  0x000001dbf73ea800 JavaThread "Service Thread" daemon [_thread_blocked, id=8736, stack(0x0000001a63b00000,0x0000001a63c00000)]
  0x000001dbf73f0000 JavaThread "C2 CompilerThread0" daemon [_thread_blocked, id=10204, stack(0x0000001a63c00000,0x0000001a63d00000)]
  0x000001dbf73f9800 JavaThread "C1 CompilerThread0" daemon [_thread_blocked, id=4768, stack(0x0000001a63d00000,0x0000001a63e00000)]
  0x000001dbf740d000 JavaThread "Sweeper thread" daemon [_thread_blocked, id=9324, stack(0x0000001a63e00000,0x0000001a63f00000)]
  0x000001dbf752c800 JavaThread "Notification Thread" daemon [_thread_blocked, id=3460, stack(0x0000001a63f00000,0x0000001a64000000)]
  0x000001dbf755c000 JavaThread "Common-Cleaner" daemon [_thread_blocked, id=5908, stack(0x0000001a64100000,0x0000001a64200000)]

Other Threads:
  0x000001dbf6b41800 VMThread "VM Thread" [stack: 0x0000001a63600000,0x0000001a63700000] [id=14988]
  0x000001dbf754e800 WatcherThread [stack: 0x0000001a64000000,0x0000001a64100000] [id=2248]
  0x000001dbd11ff800 GCTaskThread "GC Thread#0" [stack: 0x0000001a63100000,0x0000001a63200000] [id=4488]
  0x000001dbd1223000 ConcurrentGCThread "G1 Main Marker" [stack: 0x0000001a63200000,0x0000001a63300000] [id=10412]
  0x000001dbd1225000 ConcurrentGCThread "G1 Conc#0" [stack: 0x0000001a63300000,0x0000001a63400000] [id=1684]
  0x000001dbf6a31800 ConcurrentGCThread "G1 Refine#0" [stack: 0x0000001a63400000,0x0000001a63500000] [id=16912]
  0x000001dbf6a33800 ConcurrentGCThread "G1 Young RemSet Sampling" [stack: 0x0000001a63500000,0x0000001a63600000] [id=13044]

Threads with active compile tasks:

VM state:not at safepoint (normal execution)

VM Mutex/Monitor currently owned by a thread: None

Heap address: 0x0000000706800000, size: 3992 MB, Compressed Oops mode: Zero based, Oop shift amount: 3
Narrow klass base: 0x0000000800000000, Narrow klass shift: 3
Compressed class space size: 1073741824 Address: 0x0000000800b30000

Heap:
 garbage-first heap   total 256000K, used 1024K [0x0000000706800000, 0x0000000800000000)
  region size 1024K, 2 young (2048K), 0 survivors (0K)
 Metaspace       used 403K, capacity 4694K, committed 4864K, reserved 1056768K
  class space    used 17K, capacity 390K, committed 512K, reserved 1048576K
Heap Regions: E=young(eden), S=young(survivor), O=old, HS=humongous(starts), HC=humongous(continues), CS=collection set, F=free, OA=open archive, CA=closed archive, TAMS=top-at-mark-start (previous, next)
|   0|0x0000000706800000, 0x0000000706800000, 0x0000000706900000|  0%| F|  |TAMS 0x0000000706800000, 0x0000000706800000| Untracked 
|   1|0x0000000706900000, 0x0000000706900000, 0x0000000706a00000|  0%| F|  |TAMS 0x0000000706900000, 0x0000000706900000| Untracked 
|   2|0x0000000706a00000, 0x0000000706a00000, 0x0000000706b00000|  0%| F|  |TAMS 0x0000000706a00000, 0x0000000706a00000| Untracked 
|   3|0x0000000706b00000, 0x0000000706b00000, 0x0000000706c00000|  0%| F|  |TAMS 0x0000000706b00000, 0x0000000706b00000| Untracked 
|   4|0x0000000706c00000, 0x0000000706c00000, 0x0000000706d00000|  0%| F|  |TAMS 0x0000000706c00000, 0x0000000706c00000| Untracked 
|   5|0x0000000706d00000, 0x0000000706d00000, 0x0000000706e00000|  0%| F|  |TAMS 0x0000000706d00000, 0x0000000706d00000| Untracked 
|   6|0x0000000706e00000, 0x0000000706e00000, 0x0000000706f00000|  0%| F|  |TAMS 0x0000000706e00000, 0x0000000706e00000| Untracked 
|   7|0x0000000706f00000, 0x0000000706f00000, 0x0000000707000000|  0%| F|  |TAMS 0x0000000706f00000, 0x0000000706f00000| Untracked 
|   8|0x0000000707000000, 0x0000000707000000, 0x0000000707100000|  0%| F|  |TAMS 0x0000000707000000, 0x0000000707000000| Untracked 
|   9|0x0000000707100000, 0x0000000707100000, 0x0000000707200000|  0%| F|  |TAMS 0x0000000707100000, 0x0000000707100000| Untracked 
|  10|0x0000000707200000, 0x0000000707200000, 0x0000000707300000|  0%| F|  |TAMS 0x0000000707200000, 0x0000000707200000| Untracked 
|  11|0x0000000707300000, 0x0000000707300000, 0x0000000707400000|  0%| F|  |TAMS 0x0000000707300000, 0x0000000707300000| Untracked 
|  12|0x0000000707400000, 0x0000000707400000, 0x0000000707500000|  0%| F|  |TAMS 0x0000000707400000, 0x0000000707400000| Untracked 
|  13|0x0000000707500000, 0x0000000707500000, 0x0000000707600000|  0%| F|  |TAMS 0x0000000707500000, 0x0000000707500000| Untracked 
|  14|0x0000000707600000, 0x0000000707600000, 0x0000000707700000|  0%| F|  |TAMS 0x0000000707600000, 0x0000000707600000| Untracked 
|  15|0x0000000707700000, 0x0000000707700000, 0x0000000707800000|  0%| F|  |TAMS 0x0000000707700000, 0x0000000707700000| Untracked 
|  16|0x0000000707800000, 0x0000000707800000, 0x0000000707900000|  0%| F|  |TAMS 0x0000000707800000, 0x0000000707800000| Untracked 
|  17|0x0000000707900000, 0x0000000707900000, 0x0000000707a00000|  0%| F|  |TAMS 0x0000000707900000, 0x0000000707900000| Untracked 
|  18|0x0000000707a00000, 0x0000000707a00000, 0x0000000707b00000|  0%| F|  |TAMS 0x0000000707a00000, 0x0000000707a00000| Untracked 
|  19|0x0000000707b00000, 0x0000000707b00000, 0x0000000707c00000|  0%| F|  |TAMS 0x0000000707b00000, 0x0000000707b00000| Untracked 
|  20|0x0000000707c00000, 0x0000000707c00000, 0x0000000707d00000|  0%| F|  |TAMS 0x0000000707c00000, 0x0000000707c00000| Untracked 
|  21|0x0000000707d00000, 0x0000000707d00000, 0x0000000707e00000|  0%| F|  |TAMS 0x0000000707d00000, 0x0000000707d00000| Untracked 
|  22|0x0000000707e00000, 0x0000000707e00000, 0x0000000707f00000|  0%| F|  |TAMS 0x0000000707e00000, 0x0000000707e00000| Untracked 
|  23|0x0000000707f00000, 0x0000000707f00000, 0x0000000708000000|  0%| F|  |TAMS 0x0000000707f00000, 0x0000000707f00000| Untracked 
|  24|0x0000000708000000, 0x0000000708000000, 0x0000000708100000|  0%| F|  |TAMS 0x0000000708000000, 0x0000000708000000| Untracked 
|  25|0x0000000708100000, 0x0000000708100000, 0x0000000708200000|  0%| F|  |TAMS 0x0000000708100000, 0x0000000708100000| Untracked 
|  26|0x0000000708200000, 0x0000000708200000, 0x0000000708300000|  0%| F|  |TAMS 0x0000000708200000, 0x0000000708200000| Untracked 
|  27|0x0000000708300000, 0x0000000708300000, 0x0000000708400000|  0%| F|  |TAMS 0x0000000708300000, 0x0000000708300000| Untracked 
|  28|0x0000000708400000, 0x0000000708400000, 0x0000000708500000|  0%| F|  |TAMS 0x0000000708400000, 0x0000000708400000| Untracked 
|  29|0x0000000708500000, 0x0000000708500000, 0x0000000708600000|  0%| F|  |TAMS 0x0000000708500000, 0x0000000708500000| Untracked 
|  30|0x0000000708600000, 0x0000000708600000, 0x0000000708700000|  0%| F|  |TAMS 0x0000000708600000, 0x0000000708600000| Untracked 
|  31|0x0000000708700000, 0x0000000708700000, 0x0000000708800000|  0%| F|  |TAMS 0x0000000708700000, 0x0000000708700000| Untracked 
|  32|0x0000000708800000, 0x0000000708800000, 0x0000000708900000|  0%| F|  |TAMS 0x0000000708800000, 0x0000000708800000| Untracked 
|  33|0x0000000708900000, 0x0000000708900000, 0x0000000708a00000|  0%| F|  |TAMS 0x0000000708900000, 0x0000000708900000| Untracked 
|  34|0x0000000708a00000, 0x0000000708a00000, 0x0000000708b00000|  0%| F|  |TAMS 0x0000000708a00000, 0x0000000708a00000| Untracked 
|  35|0x0000000708b00000, 0x0000000708b00000, 0x0000000708c00000|  0%| F|  |TAMS 0x0000000708b00000, 0x0000000708b00000| Untracked 
|  36|0x0000000708c00000, 0x0000000708c00000, 0x0000000708d00000|  0%| F|  |TAMS 0x0000000708c00000, 0x0000000708c00000| Untracked 
|  37|0x0000000708d00000, 0x0000000708d00000, 0x0000000708e00000|  0%| F|  |TAMS 0x0000000708d00000, 0x0000000708d00000| Untracked 
|  38|0x0000000708e00000, 0x0000000708e00000, 0x0000000708f00000|  0%| F|  |TAMS 0x0000000708e00000, 0x0000000708e00000| Untracked 
|  39|0x0000000708f00000, 0x0000000708f00000, 0x0000000709000000|  0%| F|  |TAMS 0x0000000708f00000, 0x0000000708f00000| Untracked 
|  40|0x0000000709000000, 0x0000000709000000, 0x0000000709100000|  0%| F|  |TAMS 0x0000000709000000, 0x0000000709000000| Untracked 
|  41|0x0000000709100000, 0x0000000709100000, 0x0000000709200000|  0%| F|  |TAMS 0x0000000709100000, 0x0000000709100000| Untracked 
|  42|0x0000000709200000, 0x0000000709200000, 0x0000000709300000|  0%| F|  |TAMS 0x0000000709200000, 0x0000000709200000| Untracked 
|  43|0x0000000709300000, 0x0000000709300000, 0x0000000709400000|  0%| F|  |TAMS 0x0000000709300000, 0x0000000709300000| Untracked 
|  44|0x0000000709400000, 0x0000000709400000, 0x0000000709500000|  0%| F|  |TAMS 0x0000000709400000, 0x0000000709400000| Untracked 
|  45|0x0000000709500000, 0x0000000709500000, 0x0000000709600000|  0%| F|  |TAMS 0x0000000709500000, 0x0000000709500000| Untracked 
|  46|0x0000000709600000, 0x0000000709600000, 0x0000000709700000|  0%| F|  |TAMS 0x0000000709600000, 0x0000000709600000| Untracked 
|  47|0x0000000709700000, 0x0000000709700000, 0x0000000709800000|  0%| F|  |TAMS 0x0000000709700000, 0x0000000709700000| Untracked 
|  48|0x0000000709800000, 0x0000000709800000, 0x0000000709900000|  0%| F|  |TAMS 0x0000000709800000, 0x0000000709800000| Untracked 
|  49|0x0000000709900000, 0x0000000709900000, 0x0000000709a00000|  0%| F|  |TAMS 0x0000000709900000, 0x0000000709900000| Untracked 
|  50|0x0000000709a00000, 0x0000000709a00000, 0x0000000709b00000|  0%| F|  |TAMS 0x0000000709a00000, 0x0000000709a00000| Untracked 
|  51|0x0000000709b00000, 0x0000000709b00000, 0x0000000709c00000|  0%| F|  |TAMS 0x0000000709b00000, 0x0000000709b00000| Untracked 
|  52|0x0000000709c00000, 0x0000000709c00000, 0x0000000709d00000|  0%| F|  |TAMS 0x0000000709c00000, 0x0000000709c00000| Untracked 
|  53|0x0000000709d00000, 0x0000000709d00000, 0x0000000709e00000|  0%| F|  |TAMS 0x0000000709d00000, 0x0000000709d00000| Untracked 
|  54|0x0000000709e00000, 0x0000000709e00000, 0x0000000709f00000|  0%| F|  |TAMS 0x0000000709e00000, 0x0000000709e00000| Untracked 
|  55|0x0000000709f00000, 0x0000000709f00000, 0x000000070a000000|  0%| F|  |TAMS 0x0000000709f00000, 0x0000000709f00000| Untracked 
|  56|0x000000070a000000, 0x000000070a000000, 0x000000070a100000|  0%| F|  |TAMS 0x000000070a000000, 0x000000070a000000| Untracked 
|  57|0x000000070a100000, 0x000000070a100000, 0x000000070a200000|  0%| F|  |TAMS 0x000000070a100000, 0x000000070a100000| Untracked 
|  58|0x000000070a200000, 0x000000070a200000, 0x000000070a300000|  0%| F|  |TAMS 0x000000070a200000, 0x000000070a200000| Untracked 
|  59|0x000000070a300000, 0x000000070a300000, 0x000000070a400000|  0%| F|  |TAMS 0x000000070a300000, 0x000000070a300000| Untracked 
|  60|0x000000070a400000, 0x000000070a400000, 0x000000070a500000|  0%| F|  |TAMS 0x000000070a400000, 0x000000070a400000| Untracked 
|  61|0x000000070a500000, 0x000000070a500000, 0x000000070a600000|  0%| F|  |TAMS 0x000000070a500000, 0x000000070a500000| Untracked 
|  62|0x000000070a600000, 0x000000070a600000, 0x000000070a700000|  0%| F|  |TAMS 0x000000070a600000, 0x000000070a600000| Untracked 
|  63|0x000000070a700000, 0x000000070a700000, 0x000000070a800000|  0%| F|  |TAMS 0x000000070a700000, 0x000000070a700000| Untracked 
|  64|0x000000070a800000, 0x000000070a800000, 0x000000070a900000|  0%| F|  |TAMS 0x000000070a800000, 0x000000070a800000| Untracked 
|  65|0x000000070a900000, 0x000000070a900000, 0x000000070aa00000|  0%| F|  |TAMS 0x000000070a900000, 0x000000070a900000| Untracked 
|  66|0x000000070aa00000, 0x000000070aa00000, 0x000000070ab00000|  0%| F|  |TAMS 0x000000070aa00000, 0x000000070aa00000| Untracked 
|  67|0x000000070ab00000, 0x000000070ab00000, 0x000000070ac00000|  0%| F|  |TAMS 0x000000070ab00000, 0x000000070ab00000| Untracked 
|  68|0x000000070ac00000, 0x000000070ac00000, 0x000000070ad00000|  0%| F|  |TAMS 0x000000070ac00000, 0x000000070ac00000| Untracked 
|  69|0x000000070ad00000, 0x000000070ad00000, 0x000000070ae00000|  0%| F|  |TAMS 0x000000070ad00000, 0x000000070ad00000| Untracked 
|  70|0x000000070ae00000, 0x000000070ae00000, 0x000000070af00000|  0%| F|  |TAMS 0x000000070ae00000, 0x000000070ae00000| Untracked 
|  71|0x000000070af00000, 0x000000070af00000, 0x000000070b000000|  0%| F|  |TAMS 0x000000070af00000, 0x000000070af00000| Untracked 
|  72|0x000000070b000000, 0x000000070b000000, 0x000000070b100000|  0%| F|  |TAMS 0x000000070b000000, 0x000000070b000000| Untracked 
|  73|0x000000070b100000, 0x000000070b100000, 0x000000070b200000|  0%| F|  |TAMS 0x000000070b100000, 0x000000070b100000| Untracked 
|  74|0x000000070b200000, 0x000000070b200000, 0x000000070b300000|  0%| F|  |TAMS 0x000000070b200000, 0x000000070b200000| Untracked 
|  75|0x000000070b300000, 0x000000070b300000, 0x000000070b400000|  0%| F|  |TAMS 0x000000070b300000, 0x000000070b300000| Untracked 
|  76|0x000000070b400000, 0x000000070b400000, 0x000000070b500000|  0%| F|  |TAMS 0x000000070b400000, 0x000000070b400000| Untracked 
|  77|0x000000070b500000, 0x000000070b500000, 0x000000070b600000|  0%| F|  |TAMS 0x000000070b500000, 0x000000070b500000| Untracked 
|  78|0x000000070b600000, 0x000000070b600000, 0x000000070b700000|  0%| F|  |TAMS 0x000000070b600000, 0x000000070b600000| Untracked 
|  79|0x000000070b700000, 0x000000070b700000, 0x000000070b800000|  0%| F|  |TAMS 0x000000070b700000, 0x000000070b700000| Untracked 
|  80|0x000000070b800000, 0x000000070b800000, 0x000000070b900000|  0%| F|  |TAMS 0x000000070b800000, 0x000000070b800000| Untracked 
|  81|0x000000070b900000, 0x000000070b900000, 0x000000070ba00000|  0%| F|  |TAMS 0x000000070b900000, 0x000000070b900000| Untracked 
|  82|0x000000070ba00000, 0x000000070ba00000, 0x000000070bb00000|  0%| F|  |TAMS 0x000000070ba00000, 0x000000070ba00000| Untracked 
|  83|0x000000070bb00000, 0x000000070bb00000, 0x000000070bc00000|  0%| F|  |TAMS 0x000000070bb00000, 0x000000070bb00000| Untracked 
|  84|0x000000070bc00000, 0x000000070bc00000, 0x000000070bd00000|  0%| F|  |TAMS 0x000000070bc00000, 0x000000070bc00000| Untracked 
|  85|0x000000070bd00000, 0x000000070bd00000, 0x000000070be00000|  0%| F|  |TAMS 0x000000070bd00000, 0x000000070bd00000| Untracked 
|  86|0x000000070be00000, 0x000000070be00000, 0x000000070bf00000|  0%| F|  |TAMS 0x000000070be00000, 0x000000070be00000| Untracked 
|  87|0x000000070bf00000, 0x000000070bf00000, 0x000000070c000000|  0%| F|  |TAMS 0x000000070bf00000, 0x000000070bf00000| Untracked 
|  88|0x000000070c000000, 0x000000070c000000, 0x000000070c100000|  0%| F|  |TAMS 0x000000070c000000, 0x000000070c000000| Untracked 
|  89|0x000000070c100000, 0x000000070c100000, 0x000000070c200000|  0%| F|  |TAMS 0x000000070c100000, 0x000000070c100000| Untracked 
|  90|0x000000070c200000, 0x000000070c200000, 0x000000070c300000|  0%| F|  |TAMS 0x000000070c200000, 0x000000070c200000| Untracked 
|  91|0x000000070c300000, 0x000000070c300000, 0x000000070c400000|  0%| F|  |TAMS 0x000000070c300000, 0x000000070c300000| Untracked 
|  92|0x000000070c400000, 0x000000070c400000, 0x000000070c500000|  0%| F|  |TAMS 0x000000070c400000, 0x000000070c400000| Untracked 
|  93|0x000000070c500000, 0x000000070c500000, 0x000000070c600000|  0%| F|  |TAMS 0x000000070c500000, 0x000000070c500000| Untracked 
|  94|0x000000070c600000, 0x000000070c600000, 0x000000070c700000|  0%| F|  |TAMS 0x000000070c600000, 0x000000070c600000| Untracked 
|  95|0x000000070c700000, 0x000000070c700000, 0x000000070c800000|  0%| F|  |TAMS 0x000000070c700000, 0x000000070c700000| Untracked 
|  96|0x000000070c800000, 0x000000070c800000, 0x000000070c900000|  0%| F|  |TAMS 0x000000070c800000, 0x000000070c800000| Untracked 
|  97|0x000000070c900000, 0x000000070c900000, 0x000000070ca00000|  0%| F|  |TAMS 0x000000070c900000, 0x000000070c900000| Untracked 
|  98|0x000000070ca00000, 0x000000070ca00000, 0x000000070cb00000|  0%| F|  |TAMS 0x000000070ca00000, 0x000000070ca00000| Untracked 
|  99|0x000000070cb00000, 0x000000070cb00000, 0x000000070cc00000|  0%| F|  |TAMS 0x000000070cb00000, 0x000000070cb00000| Untracked 
| 100|0x000000070cc00000, 0x000000070cc00000, 0x000000070cd00000|  0%| F|  |TAMS 0x000000070cc00000, 0x000000070cc00000| Untracked 
| 101|0x000000070cd00000, 0x000000070cd00000, 0x000000070ce00000|  0%| F|  |TAMS 0x000000070cd00000, 0x000000070cd00000| Untracked 
| 102|0x000000070ce00000, 0x000000070ce00000, 0x000000070cf00000|  0%| F|  |TAMS 0x000000070ce00000, 0x000000070ce00000| Untracked 
| 103|0x000000070cf00000, 0x000000070cf00000, 0x000000070d000000|  0%| F|  |TAMS 0x000000070cf00000, 0x000000070cf00000| Untracked 
| 104|0x000000070d000000, 0x000000070d000000, 0x000000070d100000|  0%| F|  |TAMS 0x000000070d000000, 0x000000070d000000| Untracked 
| 105|0x000000070d100000, 0x000000070d100000, 0x000000070d200000|  0%| F|  |TAMS 0x000000070d100000, 0x000000070d100000| Untracked 
| 106|0x000000070d200000, 0x000000070d200000, 0x000000070d300000|  0%| F|  |TAMS 0x000000070d200000, 0x000000070d200000| Untracked 
| 107|0x000000070d300000, 0x000000070d300000, 0x000000070d400000|  0%| F|  |TAMS 0x000000070d300000, 0x000000070d300000| Untracked 
| 108|0x000000070d400000, 0x000000070d400000, 0x000000070d500000|  0%| F|  |TAMS 0x000000070d400000, 0x000000070d400000| Untracked 
| 109|0x000000070d500000, 0x000000070d500000, 0x000000070d600000|  0%| F|  |TAMS 0x000000070d500000, 0x000000070d500000| Untracked 
| 110|0x000000070d600000, 0x000000070d600000, 0x000000070d700000|  0%| F|  |TAMS 0x000000070d600000, 0x000000070d600000| Untracked 
| 111|0x000000070d700000, 0x000000070d700000, 0x000000070d800000|  0%| F|  |TAMS 0x000000070d700000, 0x000000070d700000| Untracked 
| 112|0x000000070d800000, 0x000000070d800000, 0x000000070d900000|  0%| F|  |TAMS 0x000000070d800000, 0x000000070d800000| Untracked 
| 113|0x000000070d900000, 0x000000070d900000, 0x000000070da00000|  0%| F|  |TAMS 0x000000070d900000, 0x000000070d900000| Untracked 
| 114|0x000000070da00000, 0x000000070da00000, 0x000000070db00000|  0%| F|  |TAMS 0x000000070da00000, 0x000000070da00000| Untracked 
| 115|0x000000070db00000, 0x000000070db00000, 0x000000070dc00000|  0%| F|  |TAMS 0x000000070db00000, 0x000000070db00000| Untracked 
| 116|0x000000070dc00000, 0x000000070dc00000, 0x000000070dd00000|  0%| F|  |TAMS 0x000000070dc00000, 0x000000070dc00000| Untracked 
| 117|0x000000070dd00000, 0x000000070dd00000, 0x000000070de00000|  0%| F|  |TAMS 0x000000070dd00000, 0x000000070dd00000| Untracked 
| 118|0x000000070de00000, 0x000000070de00000, 0x000000070df00000|  0%| F|  |TAMS 0x000000070de00000, 0x000000070de00000| Untracked 
| 119|0x000000070df00000, 0x000000070df00000, 0x000000070e000000|  0%| F|  |TAMS 0x000000070df00000, 0x000000070df00000| Untracked 
| 120|0x000000070e000000, 0x000000070e000000, 0x000000070e100000|  0%| F|  |TAMS 0x000000070e000000, 0x000000070e000000| Untracked 
| 121|0x000000070e100000, 0x000000070e100000, 0x000000070e200000|  0%| F|  |TAMS 0x000000070e100000, 0x000000070e100000| Untracked 
| 122|0x000000070e200000, 0x000000070e200000, 0x000000070e300000|  0%| F|  |TAMS 0x000000070e200000, 0x000000070e200000| Untracked 
| 123|0x000000070e300000, 0x000000070e300000, 0x000000070e400000|  0%| F|  |TAMS 0x000000070e300000, 0x000000070e300000| Untracked 
| 124|0x000000070e400000, 0x000000070e400000, 0x000000070e500000|  0%| F|  |TAMS 0x000000070e400000, 0x000000070e400000| Untracked 
| 125|0x000000070e500000, 0x000000070e500000, 0x000000070e600000|  0%| F|  |TAMS 0x000000070e500000, 0x000000070e500000| Untracked 
| 126|0x000000070e600000, 0x000000070e600000, 0x000000070e700000|  0%| F|  |TAMS 0x000000070e600000, 0x000000070e600000| Untracked 
| 127|0x000000070e700000, 0x000000070e700000, 0x000000070e800000|  0%| F|  |TAMS 0x000000070e700000, 0x000000070e700000| Untracked 
| 128|0x000000070e800000, 0x000000070e800000, 0x000000070e900000|  0%| F|  |TAMS 0x000000070e800000, 0x000000070e800000| Untracked 
| 129|0x000000070e900000, 0x000000070e900000, 0x000000070ea00000|  0%| F|  |TAMS 0x000000070e900000, 0x000000070e900000| Untracked 
| 130|0x000000070ea00000, 0x000000070ea00000, 0x000000070eb00000|  0%| F|  |TAMS 0x000000070ea00000, 0x000000070ea00000| Untracked 
| 131|0x000000070eb00000, 0x000000070eb00000, 0x000000070ec00000|  0%| F|  |TAMS 0x000000070eb00000, 0x000000070eb00000| Untracked 
| 132|0x000000070ec00000, 0x000000070ec00000, 0x000000070ed00000|  0%| F|  |TAMS 0x000000070ec00000, 0x000000070ec00000| Untracked 
| 133|0x000000070ed00000, 0x000000070ed00000, 0x000000070ee00000|  0%| F|  |TAMS 0x000000070ed00000, 0x000000070ed00000| Untracked 
| 134|0x000000070ee00000, 0x000000070ee00000, 0x000000070ef00000|  0%| F|  |TAMS 0x000000070ee00000, 0x000000070ee00000| Untracked 
| 135|0x000000070ef00000, 0x000000070ef00000, 0x000000070f000000|  0%| F|  |TAMS 0x000000070ef00000, 0x000000070ef00000| Untracked 
| 136|0x000000070f000000, 0x000000070f000000, 0x000000070f100000|  0%| F|  |TAMS 0x000000070f000000, 0x000000070f000000| Untracked 
| 137|0x000000070f100000, 0x000000070f100000, 0x000000070f200000|  0%| F|  |TAMS 0x000000070f100000, 0x000000070f100000| Untracked 
| 138|0x000000070f200000, 0x000000070f200000, 0x000000070f300000|  0%| F|  |TAMS 0x000000070f200000, 0x000000070f200000| Untracked 
| 139|0x000000070f300000, 0x000000070f300000, 0x000000070f400000|  0%| F|  |TAMS 0x000000070f300000, 0x000000070f300000| Untracked 
| 140|0x000000070f400000, 0x000000070f400000, 0x000000070f500000|  0%| F|  |TAMS 0x000000070f400000, 0x000000070f400000| Untracked 
| 141|0x000000070f500000, 0x000000070f500000, 0x000000070f600000|  0%| F|  |TAMS 0x000000070f500000, 0x000000070f500000| Untracked 
| 142|0x000000070f600000, 0x000000070f600000, 0x000000070f700000|  0%| F|  |TAMS 0x000000070f600000, 0x000000070f600000| Untracked 
| 143|0x000000070f700000, 0x000000070f700000, 0x000000070f800000|  0%| F|  |TAMS 0x000000070f700000, 0x000000070f700000| Untracked 
| 144|0x000000070f800000, 0x000000070f800000, 0x000000070f900000|  0%| F|  |TAMS 0x000000070f800000, 0x000000070f800000| Untracked 
| 145|0x000000070f900000, 0x000000070f900000, 0x000000070fa00000|  0%| F|  |TAMS 0x000000070f900000, 0x000000070f900000| Untracked 
| 146|0x000000070fa00000, 0x000000070fa00000, 0x000000070fb00000|  0%| F|  |TAMS 0x000000070fa00000, 0x000000070fa00000| Untracked 
| 147|0x000000070fb00000, 0x000000070fb00000, 0x000000070fc00000|  0%| F|  |TAMS 0x000000070fb00000, 0x000000070fb00000| Untracked 
| 148|0x000000070fc00000, 0x000000070fc00000, 0x000000070fd00000|  0%| F|  |TAMS 0x000000070fc00000, 0x000000070fc00000| Untracked 
| 149|0x000000070fd00000, 0x000000070fd00000, 0x000000070fe00000|  0%| F|  |TAMS 0x000000070fd00000, 0x000000070fd00000| Untracked 
| 150|0x000000070fe00000, 0x000000070fe00000, 0x000000070ff00000|  0%| F|  |TAMS 0x000000070fe00000, 0x000000070fe00000| Untracked 
| 151|0x000000070ff00000, 0x000000070ff00000, 0x0000000710000000|  0%| F|  |TAMS 0x000000070ff00000, 0x000000070ff00000| Untracked 
| 152|0x0000000710000000, 0x0000000710000000, 0x0000000710100000|  0%| F|  |TAMS 0x0000000710000000, 0x0000000710000000| Untracked 
| 153|0x0000000710100000, 0x0000000710100000, 0x0000000710200000|  0%| F|  |TAMS 0x0000000710100000, 0x0000000710100000| Untracked 
| 154|0x0000000710200000, 0x0000000710200000, 0x0000000710300000|  0%| F|  |TAMS 0x0000000710200000, 0x0000000710200000| Untracked 
| 155|0x0000000710300000, 0x0000000710300000, 0x0000000710400000|  0%| F|  |TAMS 0x0000000710300000, 0x0000000710300000| Untracked 
| 156|0x0000000710400000, 0x0000000710400000, 0x0000000710500000|  0%| F|  |TAMS 0x0000000710400000, 0x0000000710400000| Untracked 
| 157|0x0000000710500000, 0x0000000710500000, 0x0000000710600000|  0%| F|  |TAMS 0x0000000710500000, 0x0000000710500000| Untracked 
| 158|0x0000000710600000, 0x0000000710600000, 0x0000000710700000|  0%| F|  |TAMS 0x0000000710600000, 0x0000000710600000| Untracked 
| 159|0x0000000710700000, 0x0000000710700000, 0x0000000710800000|  0%| F|  |TAMS 0x0000000710700000, 0x0000000710700000| Untracked 
| 160|0x0000000710800000, 0x0000000710800000, 0x0000000710900000|  0%| F|  |TAMS 0x0000000710800000, 0x0000000710800000| Untracked 
| 161|0x0000000710900000, 0x0000000710900000, 0x0000000710a00000|  0%| F|  |TAMS 0x0000000710900000, 0x0000000710900000| Untracked 
| 162|0x0000000710a00000, 0x0000000710a00000, 0x0000000710b00000|  0%| F|  |TAMS 0x0000000710a00000, 0x0000000710a00000| Untracked 
| 163|0x0000000710b00000, 0x0000000710b00000, 0x0000000710c00000|  0%| F|  |TAMS 0x0000000710b00000, 0x0000000710b00000| Untracked 
| 164|0x0000000710c00000, 0x0000000710c00000, 0x0000000710d00000|  0%| F|  |TAMS 0x0000000710c00000, 0x0000000710c00000| Untracked 
| 165|0x0000000710d00000, 0x0000000710d00000, 0x0000000710e00000|  0%| F|  |TAMS 0x0000000710d00000, 0x0000000710d00000| Untracked 
| 166|0x0000000710e00000, 0x0000000710e00000, 0x0000000710f00000|  0%| F|  |TAMS 0x0000000710e00000, 0x0000000710e00000| Untracked 
| 167|0x0000000710f00000, 0x0000000710f00000, 0x0000000711000000|  0%| F|  |TAMS 0x0000000710f00000, 0x0000000710f00000| Untracked 
| 168|0x0000000711000000, 0x0000000711000000, 0x0000000711100000|  0%| F|  |TAMS 0x0000000711000000, 0x0000000711000000| Untracked 
| 169|0x0000000711100000, 0x0000000711100000, 0x0000000711200000|  0%| F|  |TAMS 0x0000000711100000, 0x0000000711100000| Untracked 
| 170|0x0000000711200000, 0x0000000711200000, 0x0000000711300000|  0%| F|  |TAMS 0x0000000711200000, 0x0000000711200000| Untracked 
| 171|0x0000000711300000, 0x0000000711300000, 0x0000000711400000|  0%| F|  |TAMS 0x0000000711300000, 0x0000000711300000| Untracked 
| 172|0x0000000711400000, 0x0000000711400000, 0x0000000711500000|  0%| F|  |TAMS 0x0000000711400000, 0x0000000711400000| Untracked 
| 173|0x0000000711500000, 0x0000000711500000, 0x0000000711600000|  0%| F|  |TAMS 0x0000000711500000, 0x0000000711500000| Untracked 
| 174|0x0000000711600000, 0x0000000711600000, 0x0000000711700000|  0%| F|  |TAMS 0x0000000711600000, 0x0000000711600000| Untracked 
| 175|0x0000000711700000, 0x0000000711700000, 0x0000000711800000|  0%| F|  |TAMS 0x0000000711700000, 0x0000000711700000| Untracked 
| 176|0x0000000711800000, 0x0000000711800000, 0x0000000711900000|  0%| F|  |TAMS 0x0000000711800000, 0x0000000711800000| Untracked 
| 177|0x0000000711900000, 0x0000000711900000, 0x0000000711a00000|  0%| F|  |TAMS 0x0000000711900000, 0x0000000711900000| Untracked 
| 178|0x0000000711a00000, 0x0000000711a00000, 0x0000000711b00000|  0%| F|  |TAMS 0x0000000711a00000, 0x0000000711a00000| Untracked 
| 179|0x0000000711b00000, 0x0000000711b00000, 0x0000000711c00000|  0%| F|  |TAMS 0x0000000711b00000, 0x0000000711b00000| Untracked 
| 180|0x0000000711c00000, 0x0000000711c00000, 0x0000000711d00000|  0%| F|  |TAMS 0x0000000711c00000, 0x0000000711c00000| Untracked 
| 181|0x0000000711d00000, 0x0000000711d00000, 0x0000000711e00000|  0%| F|  |TAMS 0x0000000711d00000, 0x0000000711d00000| Untracked 
| 182|0x0000000711e00000, 0x0000000711e00000, 0x0000000711f00000|  0%| F|  |TAMS 0x0000000711e00000, 0x0000000711e00000| Untracked 
| 183|0x0000000711f00000, 0x0000000711f00000, 0x0000000712000000|  0%| F|  |TAMS 0x0000000711f00000, 0x0000000711f00000| Untracked 
| 184|0x0000000712000000, 0x0000000712000000, 0x0000000712100000|  0%| F|  |TAMS 0x0000000712000000, 0x0000000712000000| Untracked 
| 185|0x0000000712100000, 0x0000000712100000, 0x0000000712200000|  0%| F|  |TAMS 0x0000000712100000, 0x0000000712100000| Untracked 
| 186|0x0000000712200000, 0x0000000712200000, 0x0000000712300000|  0%| F|  |TAMS 0x0000000712200000, 0x0000000712200000| Untracked 
| 187|0x0000000712300000, 0x0000000712300000, 0x0000000712400000|  0%| F|  |TAMS 0x0000000712300000, 0x0000000712300000| Untracked 
| 188|0x0000000712400000, 0x0000000712400000, 0x0000000712500000|  0%| F|  |TAMS 0x0000000712400000, 0x0000000712400000| Untracked 
| 189|0x0000000712500000, 0x0000000712500000, 0x0000000712600000|  0%| F|  |TAMS 0x0000000712500000, 0x0000000712500000| Untracked 
| 190|0x0000000712600000, 0x0000000712600000, 0x0000000712700000|  0%| F|  |TAMS 0x0000000712600000, 0x0000000712600000| Untracked 
| 191|0x0000000712700000, 0x0000000712700000, 0x0000000712800000|  0%| F|  |TAMS 0x0000000712700000, 0x0000000712700000| Untracked 
| 192|0x0000000712800000, 0x0000000712800000, 0x0000000712900000|  0%| F|  |TAMS 0x0000000712800000, 0x0000000712800000| Untracked 
| 193|0x0000000712900000, 0x0000000712900000, 0x0000000712a00000|  0%| F|  |TAMS 0x0000000712900000, 0x0000000712900000| Untracked 
| 194|0x0000000712a00000, 0x0000000712a00000, 0x0000000712b00000|  0%| F|  |TAMS 0x0000000712a00000, 0x0000000712a00000| Untracked 
| 195|0x0000000712b00000, 0x0000000712b00000, 0x0000000712c00000|  0%| F|  |TAMS 0x0000000712b00000, 0x0000000712b00000| Untracked 
| 196|0x0000000712c00000, 0x0000000712c00000, 0x0000000712d00000|  0%| F|  |TAMS 0x0000000712c00000, 0x0000000712c00000| Untracked 
| 197|0x0000000712d00000, 0x0000000712d00000, 0x0000000712e00000|  0%| F|  |TAMS 0x0000000712d00000, 0x0000000712d00000| Untracked 
| 198|0x0000000712e00000, 0x0000000712e00000, 0x0000000712f00000|  0%| F|  |TAMS 0x0000000712e00000, 0x0000000712e00000| Untracked 
| 199|0x0000000712f00000, 0x0000000712f00000, 0x0000000713000000|  0%| F|  |TAMS 0x0000000712f00000, 0x0000000712f00000| Untracked 
| 200|0x0000000713000000, 0x0000000713000000, 0x0000000713100000|  0%| F|  |TAMS 0x0000000713000000, 0x0000000713000000| Untracked 
| 201|0x0000000713100000, 0x0000000713100000, 0x0000000713200000|  0%| F|  |TAMS 0x0000000713100000, 0x0000000713100000| Untracked 
| 202|0x0000000713200000, 0x0000000713200000, 0x0000000713300000|  0%| F|  |TAMS 0x0000000713200000, 0x0000000713200000| Untracked 
| 203|0x0000000713300000, 0x0000000713300000, 0x0000000713400000|  0%| F|  |TAMS 0x0000000713300000, 0x0000000713300000| Untracked 
| 204|0x0000000713400000, 0x0000000713400000, 0x0000000713500000|  0%| F|  |TAMS 0x0000000713400000, 0x0000000713400000| Untracked 
| 205|0x0000000713500000, 0x0000000713500000, 0x0000000713600000|  0%| F|  |TAMS 0x0000000713500000, 0x0000000713500000| Untracked 
| 206|0x0000000713600000, 0x0000000713600000, 0x0000000713700000|  0%| F|  |TAMS 0x0000000713600000, 0x0000000713600000| Untracked 
| 207|0x0000000713700000, 0x0000000713700000, 0x0000000713800000|  0%| F|  |TAMS 0x0000000713700000, 0x0000000713700000| Untracked 
| 208|0x0000000713800000, 0x0000000713800000, 0x0000000713900000|  0%| F|  |TAMS 0x0000000713800000, 0x0000000713800000| Untracked 
| 209|0x0000000713900000, 0x0000000713900000, 0x0000000713a00000|  0%| F|  |TAMS 0x0000000713900000, 0x0000000713900000| Untracked 
| 210|0x0000000713a00000, 0x0000000713a00000, 0x0000000713b00000|  0%| F|  |TAMS 0x0000000713a00000, 0x0000000713a00000| Untracked 
| 211|0x0000000713b00000, 0x0000000713b00000, 0x0000000713c00000|  0%| F|  |TAMS 0x0000000713b00000, 0x0000000713b00000| Untracked 
| 212|0x0000000713c00000, 0x0000000713c00000, 0x0000000713d00000|  0%| F|  |TAMS 0x0000000713c00000, 0x0000000713c00000| Untracked 
| 213|0x0000000713d00000, 0x0000000713d00000, 0x0000000713e00000|  0%| F|  |TAMS 0x0000000713d00000, 0x0000000713d00000| Untracked 
| 214|0x0000000713e00000, 0x0000000713e00000, 0x0000000713f00000|  0%| F|  |TAMS 0x0000000713e00000, 0x0000000713e00000| Untracked 
| 215|0x0000000713f00000, 0x0000000713f00000, 0x0000000714000000|  0%| F|  |TAMS 0x0000000713f00000, 0x0000000713f00000| Untracked 
| 216|0x0000000714000000, 0x0000000714000000, 0x0000000714100000|  0%| F|  |TAMS 0x0000000714000000, 0x0000000714000000| Untracked 
| 217|0x0000000714100000, 0x0000000714100000, 0x0000000714200000|  0%| F|  |TAMS 0x0000000714100000, 0x0000000714100000| Untracked 
| 218|0x0000000714200000, 0x0000000714200000, 0x0000000714300000|  0%| F|  |TAMS 0x0000000714200000, 0x0000000714200000| Untracked 
| 219|0x0000000714300000, 0x0000000714300000, 0x0000000714400000|  0%| F|  |TAMS 0x0000000714300000, 0x0000000714300000| Untracked 
| 220|0x0000000714400000, 0x0000000714400000, 0x0000000714500000|  0%| F|  |TAMS 0x0000000714400000, 0x0000000714400000| Untracked 
| 221|0x0000000714500000, 0x0000000714500000, 0x0000000714600000|  0%| F|  |TAMS 0x0000000714500000, 0x0000000714500000| Untracked 
| 222|0x0000000714600000, 0x0000000714600000, 0x0000000714700000|  0%| F|  |TAMS 0x0000000714600000, 0x0000000714600000| Untracked 
| 223|0x0000000714700000, 0x0000000714700000, 0x0000000714800000|  0%| F|  |TAMS 0x0000000714700000, 0x0000000714700000| Untracked 
| 224|0x0000000714800000, 0x0000000714800000, 0x0000000714900000|  0%| F|  |TAMS 0x0000000714800000, 0x0000000714800000| Untracked 
| 225|0x0000000714900000, 0x0000000714900000, 0x0000000714a00000|  0%| F|  |TAMS 0x0000000714900000, 0x0000000714900000| Untracked 
| 226|0x0000000714a00000, 0x0000000714a00000, 0x0000000714b00000|  0%| F|  |TAMS 0x0000000714a00000, 0x0000000714a00000| Untracked 
| 227|0x0000000714b00000, 0x0000000714b00000, 0x0000000714c00000|  0%| F|  |TAMS 0x0000000714b00000, 0x0000000714b00000| Untracked 
| 228|0x0000000714c00000, 0x0000000714c00000, 0x0000000714d00000|  0%| F|  |TAMS 0x0000000714c00000, 0x0000000714c00000| Untracked 
| 229|0x0000000714d00000, 0x0000000714d00000, 0x0000000714e00000|  0%| F|  |TAMS 0x0000000714d00000, 0x0000000714d00000| Untracked 
| 230|0x0000000714e00000, 0x0000000714e00000, 0x0000000714f00000|  0%| F|  |TAMS 0x0000000714e00000, 0x0000000714e00000| Untracked 
| 231|0x0000000714f00000, 0x0000000714f00000, 0x0000000715000000|  0%| F|  |TAMS 0x0000000714f00000, 0x0000000714f00000| Untracked 
| 232|0x0000000715000000, 0x0000000715000000, 0x0000000715100000|  0%| F|  |TAMS 0x0000000715000000, 0x0000000715000000| Untracked 
| 233|0x0000000715100000, 0x0000000715100000, 0x0000000715200000|  0%| F|  |TAMS 0x0000000715100000, 0x0000000715100000| Untracked 
| 234|0x0000000715200000, 0x0000000715200000, 0x0000000715300000|  0%| F|  |TAMS 0x0000000715200000, 0x0000000715200000| Untracked 
| 235|0x0000000715300000, 0x0000000715300000, 0x0000000715400000|  0%| F|  |TAMS 0x0000000715300000, 0x0000000715300000| Untracked 
| 236|0x0000000715400000, 0x0000000715400000, 0x0000000715500000|  0%| F|  |TAMS 0x0000000715400000, 0x0000000715400000| Untracked 
| 237|0x0000000715500000, 0x0000000715500000, 0x0000000715600000|  0%| F|  |TAMS 0x0000000715500000, 0x0000000715500000| Untracked 
| 238|0x0000000715600000, 0x0000000715600000, 0x0000000715700000|  0%| F|  |TAMS 0x0000000715600000, 0x0000000715600000| Untracked 
| 239|0x0000000715700000, 0x0000000715700000, 0x0000000715800000|  0%| F|  |TAMS 0x0000000715700000, 0x0000000715700000| Untracked 
| 240|0x0000000715800000, 0x0000000715800000, 0x0000000715900000|  0%| F|  |TAMS 0x0000000715800000, 0x0000000715800000| Untracked 
| 241|0x0000000715900000, 0x0000000715900000, 0x0000000715a00000|  0%| F|  |TAMS 0x0000000715900000, 0x0000000715900000| Untracked 
| 242|0x0000000715a00000, 0x0000000715a00000, 0x0000000715b00000|  0%| F|  |TAMS 0x0000000715a00000, 0x0000000715a00000| Untracked 
| 243|0x0000000715b00000, 0x0000000715b00000, 0x0000000715c00000|  0%| F|  |TAMS 0x0000000715b00000, 0x0000000715b00000| Untracked 
| 244|0x0000000715c00000, 0x0000000715c00000, 0x0000000715d00000|  0%| F|  |TAMS 0x0000000715c00000, 0x0000000715c00000| Untracked 
| 245|0x0000000715d00000, 0x0000000715d00000, 0x0000000715e00000|  0%| F|  |TAMS 0x0000000715d00000, 0x0000000715d00000| Untracked 
| 246|0x0000000715e00000, 0x0000000715e00000, 0x0000000715f00000|  0%| F|  |TAMS 0x0000000715e00000, 0x0000000715e00000| Untracked 
| 247|0x0000000715f00000, 0x0000000715f00000, 0x0000000716000000|  0%| F|  |TAMS 0x0000000715f00000, 0x0000000715f00000| Untracked 
| 248|0x0000000716000000, 0x0000000716076668, 0x0000000716100000| 46%| E|  |TAMS 0x0000000716000000, 0x0000000716000000| Complete 
| 249|0x0000000716100000, 0x0000000716200000, 0x0000000716200000|100%| E|CS|TAMS 0x0000000716100000, 0x0000000716100000| Complete 

Card table byte_map: [0x000001dbeb360000,0x000001dbebb30000] _byte_map_base: 0x000001dbe7b2c000

Marking Bits (Prev, Next): (CMBitMap*) 0x000001dbd12013b8, (CMBitMap*) 0x000001dbd12013f8
 Prev Bits: [0x000001dbec300000, 0x000001dbf0160000)
 Next Bits: [0x000001dbf0160000, 0x000001dbf3fc0000)

Polling page: 0x000001dbd1000000

Metaspace:

Usage:
  Non-class:      4.20 MB capacity,   386.13 KB (  9%) used,     3.83 MB ( 91%) free+waste,   512 bytes ( <1%) overhead. 
      Class:    390.00 KB capacity,    17.24 KB (  4%) used,   372.51 KB ( 96%) free+waste,   256 bytes ( <1%) overhead. 
       Both:      4.58 MB capacity,   403.38 KB (  9%) used,     4.19 MB ( 91%) free+waste,   768 bytes ( <1%) overhead. 

Virtual space:
  Non-class space:        8.00 MB reserved,       4.25 MB ( 53%) committed 
      Class space:        1.00 GB reserved,     512.00 KB ( <1%) committed 
             Both:        1.01 GB reserved,       4.75 MB ( <1%) committed 

Chunk freelists:
   Non-Class:  48.00 KB
       Class:  0 bytes
        Both:  48.00 KB

MaxMetaspaceSize: 17179869184.00 GB
CompressedClassSpaceSize: 1.00 GB

CodeHeap 'non-profiled nmethods': size=120000Kb used=20Kb max_used=20Kb free=119979Kb
 bounds [0x000001dbe2c00000, 0x000001dbe2e70000, 0x000001dbea130000]
CodeHeap 'profiled nmethods': size=120000Kb used=134Kb max_used=134Kb free=119865Kb
 bounds [0x000001dbdb6d0000, 0x000001dbdb940000, 0x000001dbe2c00000]
CodeHeap 'non-nmethods': size=5760Kb used=1091Kb max_used=1091Kb free=4668Kb
 bounds [0x000001dbdb130000, 0x000001dbdb3a0000, 0x000001dbdb6d0000]
 total_blobs=406 nmethods=96 adapters=223
 compilation: enabled
              stopped_count=0, restarted_count=0
 full_count=0

Compilation events (20 events):
Event: 0.185 Thread 0x000001dbf73f9800   87       3       java.util.AbstractMap::<init> (5 bytes)
Event: 0.186 Thread 0x000001dbf73f9800 nmethod 87 0x000001dbdb6ed210 code [0x000001dbdb6ed3a0, 0x000001dbdb6ed518]
Event: 0.191 Thread 0x000001dbf73f9800   88       3       sun.nio.fs.WindowsPathParser::isSlash (18 bytes)
Event: 0.191 Thread 0x000001dbf73f9800 nmethod 88 0x000001dbdb6ed610 code [0x000001dbdb6ed7a0, 0x000001dbdb6ed918]
Event: 0.192 Thread 0x000001dbf73f9800   89       3       java.lang.Math::min (11 bytes)
Event: 0.192 Thread 0x000001dbf73f9800 nmethod 89 0x000001dbdb6ed990 code [0x000001dbdb6edb20, 0x000001dbdb6edc58]
Event: 0.194 Thread 0x000001dbf73f9800   90       3       java.util.HashMap::putVal (300 bytes)
Event: 0.197 Thread 0x000001dbf73f9800 nmethod 90 0x000001dbdb6edd10 code [0x000001dbdb6edfc0, 0x000001dbdb6ef2b8]
Event: 0.197 Thread 0x000001dbf73f9800   91       3       java.lang.String::getBytes (44 bytes)
Event: 0.198 Thread 0x000001dbf73f9800 nmethod 91 0x000001dbdb6ef790 code [0x000001dbdb6ef960, 0x000001dbdb6efcd8]
Event: 0.200 Thread 0x000001dbf73f9800   92       3       java.lang.StringBuilder::append (8 bytes)
Event: 0.200 Thread 0x000001dbf73f9800 nmethod 92 0x000001dbdb6efe90 code [0x000001dbdb6f0040, 0x000001dbdb6f01a8]
Event: 0.200 Thread 0x000001dbf73f9800   93       3       java.lang.AbstractStringBuilder::append (45 bytes)
Event: 0.201 Thread 0x000001dbf73f9800 nmethod 93 0x000001dbdb6f0290 code [0x000001dbdb6f04a0, 0x000001dbdb6f09d8]
Event: 0.201 Thread 0x000001dbf73f9800   94       3       java.lang.AbstractStringBuilder::putStringAt (29 bytes)
Event: 0.202 Thread 0x000001dbf73f9800 nmethod 94 0x000001dbdb6f0c10 code [0x000001dbdb6f0de0, 0x000001dbdb6f10f8]
Event: 0.203 Thread 0x000001dbf73f9800   95       3       java.lang.String::hashCode (60 bytes)
Event: 0.204 Thread 0x000001dbf73f9800 nmethod 95 0x000001dbdb6f1210 code [0x000001dbdb6f13e0, 0x000001dbdb6f1868]
Event: 0.207 Thread 0x000001dbf73f0000   96       4       java.lang.Object::<init> (1 bytes)
Event: 0.208 Thread 0x000001dbf73f0000 nmethod 96 0x000001dbe2c04d90 code [0x000001dbe2c04f00, 0x000001dbe2c04fb8]

GC Heap History (0 events):
No events

Deoptimization events (4 events):
Event: 0.186 Thread 0x000001dbd119c800 Uncommon trap: trap_request=0xffffff45 fr.pc=0x000001dbe2c0442c relative=0x000000000000024c
Event: 0.186 Thread 0x000001dbd119c800 Uncommon trap: reason=unstable_if action=reinterpret pc=0x000001dbe2c0442c method=java.lang.String.hashCode()I @ 13 c2
Event: 0.186 Thread 0x000001dbd119c800 DEOPT PACKING pc=0x000001dbe2c0442c sp=0x0000001a630fe1c0
Event: 0.186 Thread 0x000001dbd119c800 DEOPT UNPACKING pc=0x000001dbdb13852f sp=0x0000001a630fe150 mode 2

Classes unloaded (0 events):
No events

Classes redefined (0 events):
No events

Internal exceptions (0 events):
No events

Events (20 events):
Event: 0.181 loading class jdk/internal/loader/URLClassPath$FileLoader done
Event: 0.184 loading class jdk/internal/loader/URLClassPath$FileLoader$1
Event: 0.184 loading class jdk/internal/loader/URLClassPath$FileLoader$1 done
Event: 0.193 Executing VM operation: HandshakeAllThreads
Event: 0.193 Executing VM operation: HandshakeAllThreads done
Event: 0.196 loading class java/util/concurrent/CyclicBarrier
Event: 0.196 loading class java/util/concurrent/CyclicBarrier done
Event: 0.197 loading class java/util/concurrent/locks/AbstractQueuedSynchronizer$ConditionObject
Event: 0.197 loading class java/util/concurrent/locks/Condition
Event: 0.198 loading class java/util/concurrent/locks/Condition done
Event: 0.198 loading class java/util/concurrent/locks/AbstractQueuedSynchronizer$ConditionObject done
Event: 0.198 loading class java/util/concurrent/CyclicBarrier$Generation
Event: 0.198 loading class java/util/concurrent/CyclicBarrier$Generation done
Event: 0.206 Executing VM operation: HandshakeAllThreads
Event: 0.206 Executing VM operation: HandshakeAllThreads done
Event: 0.210 loading class java/lang/UnsatisfiedLinkError
Event: 0.210 loading class java/lang/UnsatisfiedLinkError done
Event: 0.212 loading class java/lang/ClassLoaderHelper
Event: 0.213 loading class java/lang/ClassLoaderHelper done
Event: 0.226 Loaded shared library C:\Users\brian\AppData\Local\Programs\Webots\lib\controller\java\JavaController.dll


Dynamic libraries:
0x00007ff641380000 - 0x00007ff64138f000 	C:\Program Files\Java\jdk-14.0.2\bin\javaw.exe
0x00007ffb521c0000 - 0x00007ffb523b0000 	C:\Windows\SYSTEM32\ntdll.dll
0x00007ffb50710000 - 0x00007ffb507c2000 	C:\Windows\System32\KERNEL32.DLL
0x00007ffb4ffa0000 - 0x00007ffb50245000 	C:\Windows\System32\KERNELBASE.dll
0x00007ffb4f490000 - 0x00007ffb4f58a000 	C:\Windows\System32\ucrtbase.dll
0x00007ffb1ed10000 - 0x00007ffb1ed25000 	C:\Program Files\Java\jdk-14.0.2\bin\VCRUNTIME140.dll
0x00007ffb316d0000 - 0x00007ffb316e8000 	C:\Program Files\Java\jdk-14.0.2\bin\jli.dll
0x00007ffb51500000 - 0x00007ffb515a3000 	C:\Windows\System32\ADVAPI32.dll
0x00007ffb51760000 - 0x00007ffb517fe000 	C:\Windows\System32\msvcrt.dll
0x00007ffb50400000 - 0x00007ffb50497000 	C:\Windows\System32\sechost.dll
0x00007ffb50b80000 - 0x00007ffb50ca0000 	C:\Windows\System32\RPCRT4.dll
0x00007ffb504a0000 - 0x00007ffb50634000 	C:\Windows\System32\USER32.dll
0x00007ffb4f2c0000 - 0x00007ffb4f2e1000 	C:\Windows\System32\win32u.dll
0x00007ffb51370000 - 0x00007ffb51396000 	C:\Windows\System32\GDI32.dll
0x00007ffb2ee40000 - 0x00007ffb2f0c4000 	C:\Windows\WinSxS\amd64_microsoft.windows.common-controls_6595b64144ccf1df_6.0.18362.1198_none_9e820b57e45ad92f\COMCTL32.dll
0x00007ffb4f2f0000 - 0x00007ffb4f486000 	C:\Windows\System32\gdi32full.dll
0x00007ffb4fed0000 - 0x00007ffb4ff6e000 	C:\Windows\System32\msvcp_win.dll
0x00007ffb50840000 - 0x00007ffb50b75000 	C:\Windows\System32\combase.dll
0x00007ffb4f240000 - 0x00007ffb4f2c0000 	C:\Windows\System32\bcryptPrimitives.dll
0x00007ffb3e130000 - 0x00007ffb3e13a000 	C:\Windows\SYSTEM32\VERSION.dll
0x00007ffb51820000 - 0x00007ffb5184e000 	C:\Windows\System32\IMM32.DLL
0x00007ffb10ea0000 - 0x00007ffb10f3b000 	C:\Program Files\Java\jdk-14.0.2\bin\msvcp140.dll
0x00007ffaf96b0000 - 0x00007ffafa1ce000 	C:\Program Files\Java\jdk-14.0.2\bin\server\jvm.dll
0x00007ffb51810000 - 0x00007ffb51818000 	C:\Windows\System32\PSAPI.DLL
0x00007ffb3e1b0000 - 0x00007ffb3e1b9000 	C:\Windows\SYSTEM32\WSOCK32.dll
0x00007ffb488e0000 - 0x00007ffb48904000 	C:\Windows\SYSTEM32\WINMM.dll
0x00007ffb507d0000 - 0x00007ffb5083f000 	C:\Windows\System32\WS2_32.dll
0x00007ffb488b0000 - 0x00007ffb488dd000 	C:\Windows\SYSTEM32\winmmbase.dll
0x00007ffb4f1f0000 - 0x00007ffb4f23a000 	C:\Windows\System32\cfgmgr32.dll
0x00007ffb4f120000 - 0x00007ffb4f131000 	C:\Windows\System32\kernel.appcore.dll
0x00007ffb3e040000 - 0x00007ffb3e04a000 	C:\Program Files\Java\jdk-14.0.2\bin\jimage.dll
0x00007ffb4a920000 - 0x00007ffb4ab14000 	C:\Windows\SYSTEM32\DBGHELP.DLL
0x00007ffb484f0000 - 0x00007ffb4851a000 	C:\Windows\SYSTEM32\dbgcore.DLL
0x00007ffb194e0000 - 0x00007ffb19505000 	C:\Program Files\Java\jdk-14.0.2\bin\java.dll
0x00007ffb1cc70000 - 0x00007ffb1cc86000 	C:\Program Files\Java\jdk-14.0.2\bin\zip.dll
0x00007ffb518b0000 - 0x00007ffb51f97000 	C:\Windows\System32\SHELL32.dll
0x00007ffb512c0000 - 0x00007ffb51369000 	C:\Windows\System32\shcore.dll
0x00007ffb4f740000 - 0x00007ffb4fec1000 	C:\Windows\System32\windows.storage.dll
0x00007ffb4f0f0000 - 0x00007ffb4f113000 	C:\Windows\System32\profapi.dll
0x00007ffb4f0a0000 - 0x00007ffb4f0ea000 	C:\Windows\System32\powrprof.dll
0x00007ffb4f070000 - 0x00007ffb4f080000 	C:\Windows\System32\UMPDC.dll
0x00007ffb51850000 - 0x00007ffb518a2000 	C:\Windows\System32\shlwapi.dll
0x00007ffb50250000 - 0x00007ffb50267000 	C:\Windows\System32\cryptsp.dll
0x00007ffb1a9d0000 - 0x00007ffb1a9e9000 	C:\Program Files\Java\jdk-14.0.2\bin\net.dll
0x00007ffb47170000 - 0x00007ffb47260000 	C:\Windows\SYSTEM32\WINHTTP.dll
0x00007ffb4e8c0000 - 0x00007ffb4e927000 	C:\Windows\system32\mswsock.dll
0x00007ffb186b0000 - 0x00007ffb186c2000 	C:\Program Files\Java\jdk-14.0.2\bin\nio.dll
0x000000006e780000 - 0x000000006e7c0000 	C:\Users\brian\AppData\Local\Programs\Webots\lib\controller\java\JavaController.dll
0x0000000061440000 - 0x000000006145c000 	C:\Users\brian\AppData\Local\Programs\Webots\msys64\mingw64\bin\cpp\libgcc_s_seh-1.dll
0x000000006fc40000 - 0x000000006fdf1000 	C:\Users\brian\AppData\Local\Programs\Webots\msys64\mingw64\bin\cpp\libstdc++-6.dll
0x0000000064940000 - 0x0000000064956000 	C:\Users\brian\AppData\Local\Programs\Webots\msys64\mingw64\bin\cpp\libwinpthread-1.dll
0x0000000064f40000 - 0x0000000064fac000 	C:\Users\brian\AppData\Local\Programs\Webots\lib\controller\CppController.dll
0x000000006aa40000 - 0x000000006aac8000 	C:\Users\brian\AppData\Local\Programs\Webots\lib\controller\Controller.dll

dbghelp: loaded successfully - version: 4.0.5 - missing functions: none
symbol engine: initialized successfully - sym options: 0x614 - pdb path: .;C:\Program Files\Java\jdk-14.0.2\bin;C:\Windows\SYSTEM32;C:\Windows\WinSxS\amd64_microsoft.windows.common-controls_6595b64144ccf1df_6.0.18362.1198_none_9e820b57e45ad92f;C:\Program Files\Java\jdk-14.0.2\bin\server;C:\Users\brian\AppData\Local\Programs\Webots\lib\controller\java;C:\Users\brian\AppData\Local\Programs\Webots\msys64\mingw64\bin\cpp;C:\Users\brian\AppData\Local\Programs\Webots\lib\controller

VM Arguments:
jvm_args: -Djava.library.path=C:/Users/brian/AppData/Local/Programs/Webots/lib/controller/java 
java_command: T02Controller
java_class_path (initial): C:/Users/brian/AppData/Local/Programs/Webots/lib/controller/java/Controller.jar;C:/Users/brian/ECLIPS~2/ecse211/FINAL_~1/PROJEC~1/CONTRO~1/T02CON~1/;..\lib\simlejos.jar;..\lib\EV3WiFiClient.jar
Launcher Type: SUN_STANDARD

[Global flags]
     intx CICompilerCount                          = 4                                         {product} {ergonomic}
     uint ConcGCThreads                            = 2                                         {product} {ergonomic}
     uint G1ConcRefinementThreads                  = 8                                         {product} {ergonomic}
   size_t G1HeapRegionSize                         = 1048576                                   {product} {ergonomic}
    uintx GCDrainStackTargetSize                   = 64                                        {product} {ergonomic}
   size_t InitialHeapSize                          = 262144000                                 {product} {ergonomic}
   size_t MarkStackSize                            = 4194304                                   {product} {ergonomic}
   size_t MaxHeapSize                              = 4185915392                                {product} {ergonomic}
   size_t MaxNewSize                               = 2511339520                                {product} {ergonomic}
   size_t MinHeapDeltaBytes                        = 1048576                                   {product} {ergonomic}
   size_t MinHeapSize                              = 8388608                                   {product} {ergonomic}
    uintx NonNMethodCodeHeapSize                   = 5839372                                {pd product} {ergonomic}
    uintx NonProfiledCodeHeapSize                  = 122909434                              {pd product} {ergonomic}
    uintx ProfiledCodeHeapSize                     = 122909434                              {pd product} {ergonomic}
    uintx ReservedCodeCacheSize                    = 251658240                              {pd product} {ergonomic}
     bool SegmentedCodeCache                       = true                                      {product} {ergonomic}
   size_t SoftMaxHeapSize                          = 4185915392                             {manageable} {ergonomic}
     bool UseCompressedClassPointers               = true                                 {lp64_product} {ergonomic}
     bool UseCompressedOops                        = true                                 {lp64_product} {ergonomic}
     bool UseG1GC                                  = true                                      {product} {ergonomic}
     bool UseLargePagesIndividualAllocation        = false                                  {pd product} {ergonomic}

Logging:
Log output configuration:
 #0: stdout all=warning uptime,level,tags
 #1: stderr all=off uptime,level,tags

Environment Variables:
CLASSPATH=..\lib\simlejos.jar;..\lib\EV3WiFiClient.jar
PATH=C:\Users\brian\AppData\Local\Programs\Webots\msys64\mingw64\bin\cpp;C:\Program Files\Common Files\Oracle\Java\javapath;C:\Windows\system32;C:\Windows;C:\Windows\System32\Wbem;C:\Windows\System32\WindowsPowerShell\v1.0\;C:\Windows\System32\OpenSSH\;C:\Program Files\Git\cmd;C:\Users\brian\AppData\Local\Microsoft\WindowsApps;C:\Program Files\Java\jdk-14.0.2\bin;C:\Users\brian\AppData\Local\Programs\Webots\lib\controller
USERNAME=brian
OS=Windows_NT
PROCESSOR_IDENTIFIER=Intel64 Family 6 Model 126 Stepping 5, GenuineIntel



---------------  S Y S T E M  ---------------

OS: Windows 10 , 64 bit Build 18362 (10.0.18362.1110)
OS uptime: 0 days 22:23 hours

CPU:total 8 (initial active 8) (4 cores per cpu, 2 threads per core) family 6 model 126 stepping 5, cmov, cx8, fxsr, mmx, sse, sse2, sse3, ssse3, sse4.1, sse4.2, popcnt, avx, avx2, aes, clmul, erms, 3dnowpref, lzcnt, ht, tsc, tscinvbit, bmi1, bmi2, adx, evex, sha, fma

Memory: 4k page, system-wide physical 15961M (9912M free)
TotalPageFile size 18393M (AvailPageFile size 9150M)
current process WorkingSet (physical memory assigned to process): 30M, peak: 30M
current process commit charge ("private bytes"): 342M, peak: 342M

vm_info: Java HotSpot(TM) 64-Bit Server VM (14.0.2+12-46) for windows-amd64 JRE (14.0.2+12-46), built on Jul  9 2020 00:35:52 by "mach5one" with MS VC++ 15.9 (VS2017)

END.
