#
# A fatal error has been detected by the Java Runtime Environment:
#
#  EXCEPTION_ACCESS_VIOLATION (0xc0000005) at pc=0x000000006e7814a6, pid=6908, tid=7564
#
# JRE version: Java(TM) SE Runtime Environment (14.0.2+12) (build 14.0.2+12-46)
# Java VM: Java HotSpot(TM) 64-Bit Server VM (14.0.2+12-46, mixed mode, sharing, tiered, compressed oops, g1 gc, windows-amd64)
# Problematic frame:
# C  [JavaController.dll+0x14a6]
#
# No core dump will be written. Minidumps are not enabled by default on client versions of Windows
#
# If you would like to submit a bug report, please visit:
#   https://bugreport.java.com/bugreport/crash.jsp
# The crash happened outside the Java Virtual Machine in native code.
# See problematic frame for where to report the bug.
#

---------------  S U M M A R Y ------------

Command Line: -Djava.library.path=C:/Users/brian/AppData/Local/Programs/Webots/lib/controller/java T02Controller

Host: Intel(R) Core(TM) i7-1065G7 CPU @ 1.30GHz, 8 cores, 15G,  Windows 10 , 64 bit Build 18362 (10.0.18362.1110)
Time: Thu Nov 19 12:39:21 2020 Eastern Standard Time elapsed time: 84 seconds (0d 0h 1m 24s)

---------------  T H R E A D  ---------------

Current thread (0x0000023ba477f000):  JavaThread "main" [_thread_in_native, id=7564, stack(0x00000071ee300000,0x00000071ee400000)]

Stack: [0x00000071ee300000,0x00000071ee400000],  sp=0x00000071ee3ff340,  free space=1020k
Native frames: (J=compiled Java code, j=interpreted, Vv=VM code, C=native code)
C  [JavaController.dll+0x14a6]

Java frames: (J=compiled Java code, j=interpreted, Vv=VM code)
j  com.cyberbotics.webots.controller.wrapperJNI.Camera_getImage(JLcom/cyberbotics/webots/controller/Camera;)[I+0
j  com.cyberbotics.webots.controller.Camera.getImage()[I+5
j  simlejos.hardware.sensor.EV3ColorSensor$RedMode.fetchSample([FI)V+17
J 252 c1 simlejos.hardware.sensor.BaseSensor.fetchSample([FI)V (17 bytes) @ 0x0000023baece2704 [0x0000023baece25c0+0x0000000000000144]
j  ca.mcgill.ecse211.project.LightLocalizer.initilizeData()V+17
j  ca.mcgill.ecse211.project.LightLocalizer.moveUntilBlackLineDetected()V+22
j  ca.mcgill.ecse211.project.LightLocalizer.localize()V+0
j  ca.mcgill.ecse211.project.Main.main([Ljava/lang/String;)V+35
j  T02Controller.main([Ljava/lang/String;)V+1
v  ~StubRoutines::call_stub

siginfo: EXCEPTION_ACCESS_VIOLATION (0xc0000005), reading address 0x0000000000000000


Register to memory mapping:

RIP=0x000000006e7814a6 JavaController.dll
RAX=0x0 is NULL
RBX=0x0 is NULL
RCX=0x0000000000000001 is an unknown value
RDX=0xfffffdcb4ad7aaac is an unknown value
RSP=0x00000071ee3ff340 is pointing into the stack for thread: 0x0000023ba477f000
RBP=0x0000000000000001 is an unknown value
RSI=0x0000023ba477f310 points into unknown readable memory: a0 1a de 8f fe 7f 00 00
RDI=0x0000023bc9fd8550 points into unknown readable memory: d8 31 90 15 07 00 00 00
R8 =0x0000023bcab88740 points into unknown readable memory: 00 00 00 00 69 6c 65 00
R9 =0x00000007159031e8 is pointing into object: [I 
{0x00000007159031d8} - klass: {type array int}
 - length: 1
R10=0x0 is NULL
R11=0x00000071ee3ff320 is pointing into the stack for thread: 0x0000023ba477f000
R12=0x0 is NULL
R13={method} {0x0000023bca53bef8} 'Camera_getImage' '(JLcom/cyberbotics/webots/controller/Camera;)[I' in 'com/cyberbotics/webots/controller/wrapperJNI'
R14=0x00000071ee3ff498 is pointing into the stack for thread: 0x0000023ba477f000
R15=0x0000023ba477f000 is a thread


Registers:
RAX=0x0000000000000000, RBX=0x0000000000000000, RCX=0x0000000000000001, RDX=0xfffffdcb4ad7aaac
RSP=0x00000071ee3ff340, RBP=0x0000000000000001, RSI=0x0000023ba477f310, RDI=0x0000023bc9fd8550
R8 =0x0000023bcab88740, R9 =0x00000007159031e8, R10=0x0000000000000000, R11=0x00000071ee3ff320
R12=0x0000000000000000, R13=0x0000023bca53bef0, R14=0x00000071ee3ff498, R15=0x0000023ba477f000
RIP=0x000000006e7814a6, EFLAGS=0x0000000000010202

Top of Stack: (sp=0x00000071ee3ff340)
0x00000071ee3ff340:   0000000000000000 0000000000000001
0x00000071ee3ff350:   0000023ba477f310 0000023bc9fd8550
0x00000071ee3ff360:   0000023ba486c9d0 0000023ba486c9d0
0x00000071ee3ff370:   0000023ba477f310 0000000000000000
0x00000071ee3ff380:   0000000000000001 000000006e7820a8
0x00000071ee3ff390:   0000023ba486c9d0 0000023ba477f000
0x00000071ee3ff3a0:   0000023bca5764a8 0000023bae6ff260
0x00000071ee3ff3b0:   0000023ba477f000 0000023bca53bef0
0x00000071ee3ff3c0:   0000000800b9b9f0 0000023bca5764a8
0x00000071ee3ff3d0:   00000071ee3ff468 0000023bae6ff417
0x00000071ee3ff3e0:   0000023bca5764a8 0000023bae6ff0fc
0x00000071ee3ff3f0:   0000023bca53bef0 0000000800b9b9f0
0x00000071ee3ff400:   3ff0000000000000 0000023ba477f000
0x00000071ee3ff410:   0000000800b9b9f0 0000023bae6ff0b6
0x00000071ee3ff420:   00000071ee3ff420 0000023bca53bef0
0x00000071ee3ff430:   00000071ee3ff498 0000023bca550e10 

Instructions: (pc=0x000000006e7814a6)
0x000000006e7813a6:   20 48 89 ce 4c 89 c7 48 8d 1d 4c ff 00 00 83 fa
0x000000006e7813b6:   01 74 0e 48 83 c3 10 8b 03 85 c0 74 04 39 d0 75
0x000000006e7813c6:   f2 48 8b 06 48 89 f1 ff 90 88 00 00 00 48 8b 53
0x000000006e7813d6:   08 48 8b 06 48 89 f1 ff 50 30 48 89 c2 48 85 c0
0x000000006e7813e6:   74 0d 48 8b 06 49 89 f8 48 89 f1 ff 50 70 90 48
0x000000006e7813f6:   83 c4 20 5b 5e 5f c3 55 57 56 53 48 83 ec 28 48
0x000000006e781406:   89 cf 48 89 d3 4c 89 c6 4c 89 cd 48 8b 01 4c 89
0x000000006e781416:   ca ff 90 58 05 00 00 85 c0 7e 16 89 c1 b8 00 00
0x000000006e781426:   00 00 8b 14 86 89 14 83 48 83 c0 01 48 39 c8 75
0x000000006e781436:   f1 48 8b 07 41 b9 00 00 00 00 49 89 d8 48 89 ea
0x000000006e781446:   48 89 f9 ff 90 18 06 00 00 90 48 83 c4 28 5b 5e
0x000000006e781456:   5f 5d c3 55 57 56 53 48 83 ec 28 48 89 ce 48 89
0x000000006e781466:   d3 44 89 c5 48 8b 01 44 89 c2 ff 90 98 05 00 00
0x000000006e781476:   48 89 c7 48 85 c0 74 4d 48 8b 06 41 b8 00 00 00
0x000000006e781486:   00 48 89 fa 48 89 f1 ff 90 d8 05 00 00 49 89 c0
0x000000006e781496:   48 85 c0 74 3c 85 ed 7e 17 89 e9 b8 00 00 00 00
0x000000006e7814a6:   8b 14 83 41 89 14 80 48 83 c0 01 48 39 c8 75 f0
0x000000006e7814b6:   48 8b 06 41 b9 00 00 00 00 48 89 fa 48 89 f1 ff
0x000000006e7814c6:   90 18 06 00 00 48 89 f8 48 83 c4 28 5b 5e 5f 5d
0x000000006e7814d6:   c3 48 89 c7 eb ef 55 57 56 53 48 83 ec 28 48 89
0x000000006e7814e6:   cf 48 89 d6 44 89 c3 48 8b 01 44 89 c2 ff 90 a8
0x000000006e7814f6:   05 00 00 48 89 c5 48 85 c0 74 51 48 8b 07 41 b8
0x000000006e781506:   00 00 00 00 48 89 ea 48 89 f9 ff 90 e8 05 00 00
0x000000006e781516:   49 89 c0 48 85 c0 74 40 85 db 7e 1b 89 da b8 00
0x000000006e781526:   00 00 00 f3 0f 10 04 86 f3 41 0f 11 04 80 48 83
0x000000006e781536:   c0 01 48 39 d0 75 ec 48 8b 07 41 b9 00 00 00 00
0x000000006e781546:   48 89 ea 48 89 f9 ff 90 28 06 00 00 48 89 e8 48
0x000000006e781556:   83 c4 28 5b 5e 5f 5d c3 48 89 c5 eb ef 55 57 56
0x000000006e781566:   53 48 83 ec 28 48 89 cf 48 89 d3 4c 89 c6 4c 89
0x000000006e781576:   cd 48 8b 01 4c 89 ca ff 90 58 05 00 00 85 c0 7e
0x000000006e781586:   1a 89 c2 b8 00 00 00 00 f2 0f 10 04 c6 f2 0f 11
0x000000006e781596:   04 c3 48 83 c0 01 48 39 d0 75 ed 48 8b 07 41 b9 


Stack slot to memory mapping:
stack at sp + 0 slots: 0x0 is NULL
stack at sp + 1 slots: 0x0000000000000001 is an unknown value
stack at sp + 2 slots: 0x0000023ba477f310 points into unknown readable memory: a0 1a de 8f fe 7f 00 00
stack at sp + 3 slots: 0x0000023bc9fd8550 points into unknown readable memory: d8 31 90 15 07 00 00 00
stack at sp + 4 slots: 0x0000023ba486c9d0 points into unknown readable memory: 40 8c f5 64 00 00 00 00
stack at sp + 5 slots: 0x0000023ba486c9d0 points into unknown readable memory: 40 8c f5 64 00 00 00 00
stack at sp + 6 slots: 0x0000023ba477f310 points into unknown readable memory: a0 1a de 8f fe 7f 00 00
stack at sp + 7 slots: 0x0 is NULL


---------------  P R O C E S S  ---------------

Threads class SMR info:
_java_thread_list=0x0000023bcabd5880, length=14, elements={
0x0000023ba477f000, 0x0000023bca103800, 0x0000023bca106800, 0x0000023bca11d800,
0x0000023bca9a2000, 0x0000023bca9a9000, 0x0000023bca9b7000, 0x0000023bca9c1000,
0x0000023bca9a7800, 0x0000023bca9ae000, 0x0000023bca9aa000, 0x0000023bca9ac800,
0x0000023bca9a8800, 0x0000023bca9ad000
}

Java Threads: ( => current thread )
=>0x0000023ba477f000 JavaThread "main" [_thread_in_native, id=7564, stack(0x00000071ee300000,0x00000071ee400000)]
  0x0000023bca103800 JavaThread "Reference Handler" daemon [_thread_blocked, id=13436, stack(0x00000071eea00000,0x00000071eeb00000)]
  0x0000023bca106800 JavaThread "Finalizer" daemon [_thread_blocked, id=19032, stack(0x00000071eeb00000,0x00000071eec00000)]
  0x0000023bca11d800 JavaThread "Signal Dispatcher" daemon [_thread_blocked, id=5420, stack(0x00000071eec00000,0x00000071eed00000)]
  0x0000023bca9a2000 JavaThread "Attach Listener" daemon [_thread_blocked, id=4900, stack(0x00000071eed00000,0x00000071eee00000)]
  0x0000023bca9a9000 JavaThread "Service Thread" daemon [_thread_blocked, id=14644, stack(0x00000071eee00000,0x00000071eef00000)]
  0x0000023bca9b7000 JavaThread "C2 CompilerThread0" daemon [_thread_blocked, id=1548, stack(0x00000071eef00000,0x00000071ef000000)]
  0x0000023bca9c1000 JavaThread "C1 CompilerThread0" daemon [_thread_blocked, id=19076, stack(0x00000071ef000000,0x00000071ef100000)]
  0x0000023bca9a7800 JavaThread "Sweeper thread" daemon [_thread_blocked, id=17972, stack(0x00000071ef100000,0x00000071ef200000)]
  0x0000023bca9ae000 JavaThread "Notification Thread" daemon [_thread_blocked, id=12092, stack(0x00000071ef200000,0x00000071ef300000)]
  0x0000023bca9aa000 JavaThread "Common-Cleaner" daemon [_thread_blocked, id=5816, stack(0x00000071ef400000,0x00000071ef500000)]
  0x0000023bca9ac800 JavaThread "Thread-0" [_thread_in_native, id=16148, stack(0x00000071ef500000,0x00000071ef600000)]
  0x0000023bca9a8800 JavaThread "Thread-1" [_thread_blocked, id=15840, stack(0x00000071ef600000,0x00000071ef700000)]
  0x0000023bca9ad000 JavaThread "Thread-2" [_thread_blocked, id=13072, stack(0x00000071ef700000,0x00000071ef800000)]

Other Threads:
  0x0000023bca0ff800 VMThread "VM Thread" [stack: 0x00000071ee900000,0x00000071eea00000] [id=17220]
  0x0000023bcab0f000 WatcherThread [stack: 0x00000071ef300000,0x00000071ef400000] [id=5284]
  0x0000023ba47e4000 GCTaskThread "GC Thread#0" [stack: 0x00000071ee400000,0x00000071ee500000] [id=13224]
  0x0000023ba4805000 ConcurrentGCThread "G1 Main Marker" [stack: 0x00000071ee500000,0x00000071ee600000] [id=2196]
  0x0000023ba4806800 ConcurrentGCThread "G1 Conc#0" [stack: 0x00000071ee600000,0x00000071ee700000] [id=13272]
  0x0000023bc9fed800 ConcurrentGCThread "G1 Refine#0" [stack: 0x00000071ee700000,0x00000071ee800000] [id=17148]
  0x0000023ba484d800 ConcurrentGCThread "G1 Young RemSet Sampling" [stack: 0x00000071ee800000,0x00000071ee900000] [id=2668]

Threads with active compile tasks:

VM state:not at safepoint (normal execution)

VM Mutex/Monitor currently owned by a thread: None

Heap address: 0x0000000706800000, size: 3992 MB, Compressed Oops mode: Zero based, Oop shift amount: 3
Narrow klass base: 0x0000000800000000, Narrow klass shift: 3
Compressed class space size: 1073741824 Address: 0x0000000800b30000

Heap:
 garbage-first heap   total 256000K, used 8192K [0x0000000706800000, 0x0000000800000000)
  region size 1024K, 9 young (9216K), 0 survivors (0K)
 Metaspace       used 1276K, capacity 4911K, committed 5120K, reserved 1056768K
  class space    used 116K, capacity 447K, committed 512K, reserved 1048576K
Heap Regions: E=young(eden), S=young(survivor), O=old, HS=humongous(starts), HC=humongous(continues), CS=collection set, F=free, OA=open archive, CA=closed archive, TAMS=top-at-mark-start (previous, next)
|   0|0x0000000706800000, 0x0000000706800000, 0x0000000706900000|  0%| F|  |TAMS 0x0000000706800000, 0x0000000706800000| Untracked 
|   1|0x0000000706900000, 0x0000000706900000, 0x0000000706a00000|  0%| F|  |TAMS 0x0000000706900000, 0x0000000706900000| Untracked 
|   2|0x0000000706a00000, 0x0000000706a00000, 0x0000000706b00000|  0%| F|  |TAMS 0x0000000706a00000, 0x0000000706a00000| Untracked 
|   3|0x0000000706b00000, 0x0000000706b00000, 0x0000000706c00000|  0%| F|  |TAMS 0x0000000706b00000, 0x0000000706b00000| Untracked 
|   4|0x0000000706c00000, 0x0000000706c00000, 0x0000000706d00000|  0%| F|  |TAMS 0x0000000706c00000, 0x0000000706c00000| Untracked 
|   5|0x0000000706d00000, 0x0000000706d00000, 0x0000000706e00000|  0%| F|  |TAMS 0x0000000706d00000, 0x0000000706d00000| Untracked 
|   6|0x0000000706e00000, 0x0000000706e00000, 0x0000000706f00000|  0%| F|  |TAMS 0x0000000706e00000, 0x0000000706e00000| Untracked 
|   7|0x0000000706f00000, 0x0000000706f00000, 0x0000000707000000|  0%| F|  |TAMS 0x0000000706f00000, 0x0000000706f00000| Untracked 
|   8|0x0000000707000000, 0x0000000707000000, 0x0000000707100000|  0%| F|  |TAMS 0x0000000707000000, 0x0000000707000000| Untracked 
|   9|0x0000000707100000, 0x0000000707100000, 0x0000000707200000|  0%| F|  |TAMS 0x0000000707100000, 0x0000000707100000| Untracked 
|  10|0x0000000707200000, 0x0000000707200000, 0x0000000707300000|  0%| F|  |TAMS 0x0000000707200000, 0x0000000707200000| Untracked 
|  11|0x0000000707300000, 0x0000000707300000, 0x0000000707400000|  0%| F|  |TAMS 0x0000000707300000, 0x0000000707300000| Untracked 
|  12|0x0000000707400000, 0x0000000707400000, 0x0000000707500000|  0%| F|  |TAMS 0x0000000707400000, 0x0000000707400000| Untracked 
|  13|0x0000000707500000, 0x0000000707500000, 0x0000000707600000|  0%| F|  |TAMS 0x0000000707500000, 0x0000000707500000| Untracked 
|  14|0x0000000707600000, 0x0000000707600000, 0x0000000707700000|  0%| F|  |TAMS 0x0000000707600000, 0x0000000707600000| Untracked 
|  15|0x0000000707700000, 0x0000000707700000, 0x0000000707800000|  0%| F|  |TAMS 0x0000000707700000, 0x0000000707700000| Untracked 
|  16|0x0000000707800000, 0x0000000707800000, 0x0000000707900000|  0%| F|  |TAMS 0x0000000707800000, 0x0000000707800000| Untracked 
|  17|0x0000000707900000, 0x0000000707900000, 0x0000000707a00000|  0%| F|  |TAMS 0x0000000707900000, 0x0000000707900000| Untracked 
|  18|0x0000000707a00000, 0x0000000707a00000, 0x0000000707b00000|  0%| F|  |TAMS 0x0000000707a00000, 0x0000000707a00000| Untracked 
|  19|0x0000000707b00000, 0x0000000707b00000, 0x0000000707c00000|  0%| F|  |TAMS 0x0000000707b00000, 0x0000000707b00000| Untracked 
|  20|0x0000000707c00000, 0x0000000707c00000, 0x0000000707d00000|  0%| F|  |TAMS 0x0000000707c00000, 0x0000000707c00000| Untracked 
|  21|0x0000000707d00000, 0x0000000707d00000, 0x0000000707e00000|  0%| F|  |TAMS 0x0000000707d00000, 0x0000000707d00000| Untracked 
|  22|0x0000000707e00000, 0x0000000707e00000, 0x0000000707f00000|  0%| F|  |TAMS 0x0000000707e00000, 0x0000000707e00000| Untracked 
|  23|0x0000000707f00000, 0x0000000707f00000, 0x0000000708000000|  0%| F|  |TAMS 0x0000000707f00000, 0x0000000707f00000| Untracked 
|  24|0x0000000708000000, 0x0000000708000000, 0x0000000708100000|  0%| F|  |TAMS 0x0000000708000000, 0x0000000708000000| Untracked 
|  25|0x0000000708100000, 0x0000000708100000, 0x0000000708200000|  0%| F|  |TAMS 0x0000000708100000, 0x0000000708100000| Untracked 
|  26|0x0000000708200000, 0x0000000708200000, 0x0000000708300000|  0%| F|  |TAMS 0x0000000708200000, 0x0000000708200000| Untracked 
|  27|0x0000000708300000, 0x0000000708300000, 0x0000000708400000|  0%| F|  |TAMS 0x0000000708300000, 0x0000000708300000| Untracked 
|  28|0x0000000708400000, 0x0000000708400000, 0x0000000708500000|  0%| F|  |TAMS 0x0000000708400000, 0x0000000708400000| Untracked 
|  29|0x0000000708500000, 0x0000000708500000, 0x0000000708600000|  0%| F|  |TAMS 0x0000000708500000, 0x0000000708500000| Untracked 
|  30|0x0000000708600000, 0x0000000708600000, 0x0000000708700000|  0%| F|  |TAMS 0x0000000708600000, 0x0000000708600000| Untracked 
|  31|0x0000000708700000, 0x0000000708700000, 0x0000000708800000|  0%| F|  |TAMS 0x0000000708700000, 0x0000000708700000| Untracked 
|  32|0x0000000708800000, 0x0000000708800000, 0x0000000708900000|  0%| F|  |TAMS 0x0000000708800000, 0x0000000708800000| Untracked 
|  33|0x0000000708900000, 0x0000000708900000, 0x0000000708a00000|  0%| F|  |TAMS 0x0000000708900000, 0x0000000708900000| Untracked 
|  34|0x0000000708a00000, 0x0000000708a00000, 0x0000000708b00000|  0%| F|  |TAMS 0x0000000708a00000, 0x0000000708a00000| Untracked 
|  35|0x0000000708b00000, 0x0000000708b00000, 0x0000000708c00000|  0%| F|  |TAMS 0x0000000708b00000, 0x0000000708b00000| Untracked 
|  36|0x0000000708c00000, 0x0000000708c00000, 0x0000000708d00000|  0%| F|  |TAMS 0x0000000708c00000, 0x0000000708c00000| Untracked 
|  37|0x0000000708d00000, 0x0000000708d00000, 0x0000000708e00000|  0%| F|  |TAMS 0x0000000708d00000, 0x0000000708d00000| Untracked 
|  38|0x0000000708e00000, 0x0000000708e00000, 0x0000000708f00000|  0%| F|  |TAMS 0x0000000708e00000, 0x0000000708e00000| Untracked 
|  39|0x0000000708f00000, 0x0000000708f00000, 0x0000000709000000|  0%| F|  |TAMS 0x0000000708f00000, 0x0000000708f00000| Untracked 
|  40|0x0000000709000000, 0x0000000709000000, 0x0000000709100000|  0%| F|  |TAMS 0x0000000709000000, 0x0000000709000000| Untracked 
|  41|0x0000000709100000, 0x0000000709100000, 0x0000000709200000|  0%| F|  |TAMS 0x0000000709100000, 0x0000000709100000| Untracked 
|  42|0x0000000709200000, 0x0000000709200000, 0x0000000709300000|  0%| F|  |TAMS 0x0000000709200000, 0x0000000709200000| Untracked 
|  43|0x0000000709300000, 0x0000000709300000, 0x0000000709400000|  0%| F|  |TAMS 0x0000000709300000, 0x0000000709300000| Untracked 
|  44|0x0000000709400000, 0x0000000709400000, 0x0000000709500000|  0%| F|  |TAMS 0x0000000709400000, 0x0000000709400000| Untracked 
|  45|0x0000000709500000, 0x0000000709500000, 0x0000000709600000|  0%| F|  |TAMS 0x0000000709500000, 0x0000000709500000| Untracked 
|  46|0x0000000709600000, 0x0000000709600000, 0x0000000709700000|  0%| F|  |TAMS 0x0000000709600000, 0x0000000709600000| Untracked 
|  47|0x0000000709700000, 0x0000000709700000, 0x0000000709800000|  0%| F|  |TAMS 0x0000000709700000, 0x0000000709700000| Untracked 
|  48|0x0000000709800000, 0x0000000709800000, 0x0000000709900000|  0%| F|  |TAMS 0x0000000709800000, 0x0000000709800000| Untracked 
|  49|0x0000000709900000, 0x0000000709900000, 0x0000000709a00000|  0%| F|  |TAMS 0x0000000709900000, 0x0000000709900000| Untracked 
|  50|0x0000000709a00000, 0x0000000709a00000, 0x0000000709b00000|  0%| F|  |TAMS 0x0000000709a00000, 0x0000000709a00000| Untracked 
|  51|0x0000000709b00000, 0x0000000709b00000, 0x0000000709c00000|  0%| F|  |TAMS 0x0000000709b00000, 0x0000000709b00000| Untracked 
|  52|0x0000000709c00000, 0x0000000709c00000, 0x0000000709d00000|  0%| F|  |TAMS 0x0000000709c00000, 0x0000000709c00000| Untracked 
|  53|0x0000000709d00000, 0x0000000709d00000, 0x0000000709e00000|  0%| F|  |TAMS 0x0000000709d00000, 0x0000000709d00000| Untracked 
|  54|0x0000000709e00000, 0x0000000709e00000, 0x0000000709f00000|  0%| F|  |TAMS 0x0000000709e00000, 0x0000000709e00000| Untracked 
|  55|0x0000000709f00000, 0x0000000709f00000, 0x000000070a000000|  0%| F|  |TAMS 0x0000000709f00000, 0x0000000709f00000| Untracked 
|  56|0x000000070a000000, 0x000000070a000000, 0x000000070a100000|  0%| F|  |TAMS 0x000000070a000000, 0x000000070a000000| Untracked 
|  57|0x000000070a100000, 0x000000070a100000, 0x000000070a200000|  0%| F|  |TAMS 0x000000070a100000, 0x000000070a100000| Untracked 
|  58|0x000000070a200000, 0x000000070a200000, 0x000000070a300000|  0%| F|  |TAMS 0x000000070a200000, 0x000000070a200000| Untracked 
|  59|0x000000070a300000, 0x000000070a300000, 0x000000070a400000|  0%| F|  |TAMS 0x000000070a300000, 0x000000070a300000| Untracked 
|  60|0x000000070a400000, 0x000000070a400000, 0x000000070a500000|  0%| F|  |TAMS 0x000000070a400000, 0x000000070a400000| Untracked 
|  61|0x000000070a500000, 0x000000070a500000, 0x000000070a600000|  0%| F|  |TAMS 0x000000070a500000, 0x000000070a500000| Untracked 
|  62|0x000000070a600000, 0x000000070a600000, 0x000000070a700000|  0%| F|  |TAMS 0x000000070a600000, 0x000000070a600000| Untracked 
|  63|0x000000070a700000, 0x000000070a700000, 0x000000070a800000|  0%| F|  |TAMS 0x000000070a700000, 0x000000070a700000| Untracked 
|  64|0x000000070a800000, 0x000000070a800000, 0x000000070a900000|  0%| F|  |TAMS 0x000000070a800000, 0x000000070a800000| Untracked 
|  65|0x000000070a900000, 0x000000070a900000, 0x000000070aa00000|  0%| F|  |TAMS 0x000000070a900000, 0x000000070a900000| Untracked 
|  66|0x000000070aa00000, 0x000000070aa00000, 0x000000070ab00000|  0%| F|  |TAMS 0x000000070aa00000, 0x000000070aa00000| Untracked 
|  67|0x000000070ab00000, 0x000000070ab00000, 0x000000070ac00000|  0%| F|  |TAMS 0x000000070ab00000, 0x000000070ab00000| Untracked 
|  68|0x000000070ac00000, 0x000000070ac00000, 0x000000070ad00000|  0%| F|  |TAMS 0x000000070ac00000, 0x000000070ac00000| Untracked 
|  69|0x000000070ad00000, 0x000000070ad00000, 0x000000070ae00000|  0%| F|  |TAMS 0x000000070ad00000, 0x000000070ad00000| Untracked 
|  70|0x000000070ae00000, 0x000000070ae00000, 0x000000070af00000|  0%| F|  |TAMS 0x000000070ae00000, 0x000000070ae00000| Untracked 
|  71|0x000000070af00000, 0x000000070af00000, 0x000000070b000000|  0%| F|  |TAMS 0x000000070af00000, 0x000000070af00000| Untracked 
|  72|0x000000070b000000, 0x000000070b000000, 0x000000070b100000|  0%| F|  |TAMS 0x000000070b000000, 0x000000070b000000| Untracked 
|  73|0x000000070b100000, 0x000000070b100000, 0x000000070b200000|  0%| F|  |TAMS 0x000000070b100000, 0x000000070b100000| Untracked 
|  74|0x000000070b200000, 0x000000070b200000, 0x000000070b300000|  0%| F|  |TAMS 0x000000070b200000, 0x000000070b200000| Untracked 
|  75|0x000000070b300000, 0x000000070b300000, 0x000000070b400000|  0%| F|  |TAMS 0x000000070b300000, 0x000000070b300000| Untracked 
|  76|0x000000070b400000, 0x000000070b400000, 0x000000070b500000|  0%| F|  |TAMS 0x000000070b400000, 0x000000070b400000| Untracked 
|  77|0x000000070b500000, 0x000000070b500000, 0x000000070b600000|  0%| F|  |TAMS 0x000000070b500000, 0x000000070b500000| Untracked 
|  78|0x000000070b600000, 0x000000070b600000, 0x000000070b700000|  0%| F|  |TAMS 0x000000070b600000, 0x000000070b600000| Untracked 
|  79|0x000000070b700000, 0x000000070b700000, 0x000000070b800000|  0%| F|  |TAMS 0x000000070b700000, 0x000000070b700000| Untracked 
|  80|0x000000070b800000, 0x000000070b800000, 0x000000070b900000|  0%| F|  |TAMS 0x000000070b800000, 0x000000070b800000| Untracked 
|  81|0x000000070b900000, 0x000000070b900000, 0x000000070ba00000|  0%| F|  |TAMS 0x000000070b900000, 0x000000070b900000| Untracked 
|  82|0x000000070ba00000, 0x000000070ba00000, 0x000000070bb00000|  0%| F|  |TAMS 0x000000070ba00000, 0x000000070ba00000| Untracked 
|  83|0x000000070bb00000, 0x000000070bb00000, 0x000000070bc00000|  0%| F|  |TAMS 0x000000070bb00000, 0x000000070bb00000| Untracked 
|  84|0x000000070bc00000, 0x000000070bc00000, 0x000000070bd00000|  0%| F|  |TAMS 0x000000070bc00000, 0x000000070bc00000| Untracked 
|  85|0x000000070bd00000, 0x000000070bd00000, 0x000000070be00000|  0%| F|  |TAMS 0x000000070bd00000, 0x000000070bd00000| Untracked 
|  86|0x000000070be00000, 0x000000070be00000, 0x000000070bf00000|  0%| F|  |TAMS 0x000000070be00000, 0x000000070be00000| Untracked 
|  87|0x000000070bf00000, 0x000000070bf00000, 0x000000070c000000|  0%| F|  |TAMS 0x000000070bf00000, 0x000000070bf00000| Untracked 
|  88|0x000000070c000000, 0x000000070c000000, 0x000000070c100000|  0%| F|  |TAMS 0x000000070c000000, 0x000000070c000000| Untracked 
|  89|0x000000070c100000, 0x000000070c100000, 0x000000070c200000|  0%| F|  |TAMS 0x000000070c100000, 0x000000070c100000| Untracked 
|  90|0x000000070c200000, 0x000000070c200000, 0x000000070c300000|  0%| F|  |TAMS 0x000000070c200000, 0x000000070c200000| Untracked 
|  91|0x000000070c300000, 0x000000070c300000, 0x000000070c400000|  0%| F|  |TAMS 0x000000070c300000, 0x000000070c300000| Untracked 
|  92|0x000000070c400000, 0x000000070c400000, 0x000000070c500000|  0%| F|  |TAMS 0x000000070c400000, 0x000000070c400000| Untracked 
|  93|0x000000070c500000, 0x000000070c500000, 0x000000070c600000|  0%| F|  |TAMS 0x000000070c500000, 0x000000070c500000| Untracked 
|  94|0x000000070c600000, 0x000000070c600000, 0x000000070c700000|  0%| F|  |TAMS 0x000000070c600000, 0x000000070c600000| Untracked 
|  95|0x000000070c700000, 0x000000070c700000, 0x000000070c800000|  0%| F|  |TAMS 0x000000070c700000, 0x000000070c700000| Untracked 
|  96|0x000000070c800000, 0x000000070c800000, 0x000000070c900000|  0%| F|  |TAMS 0x000000070c800000, 0x000000070c800000| Untracked 
|  97|0x000000070c900000, 0x000000070c900000, 0x000000070ca00000|  0%| F|  |TAMS 0x000000070c900000, 0x000000070c900000| Untracked 
|  98|0x000000070ca00000, 0x000000070ca00000, 0x000000070cb00000|  0%| F|  |TAMS 0x000000070ca00000, 0x000000070ca00000| Untracked 
|  99|0x000000070cb00000, 0x000000070cb00000, 0x000000070cc00000|  0%| F|  |TAMS 0x000000070cb00000, 0x000000070cb00000| Untracked 
| 100|0x000000070cc00000, 0x000000070cc00000, 0x000000070cd00000|  0%| F|  |TAMS 0x000000070cc00000, 0x000000070cc00000| Untracked 
| 101|0x000000070cd00000, 0x000000070cd00000, 0x000000070ce00000|  0%| F|  |TAMS 0x000000070cd00000, 0x000000070cd00000| Untracked 
| 102|0x000000070ce00000, 0x000000070ce00000, 0x000000070cf00000|  0%| F|  |TAMS 0x000000070ce00000, 0x000000070ce00000| Untracked 
| 103|0x000000070cf00000, 0x000000070cf00000, 0x000000070d000000|  0%| F|  |TAMS 0x000000070cf00000, 0x000000070cf00000| Untracked 
| 104|0x000000070d000000, 0x000000070d000000, 0x000000070d100000|  0%| F|  |TAMS 0x000000070d000000, 0x000000070d000000| Untracked 
| 105|0x000000070d100000, 0x000000070d100000, 0x000000070d200000|  0%| F|  |TAMS 0x000000070d100000, 0x000000070d100000| Untracked 
| 106|0x000000070d200000, 0x000000070d200000, 0x000000070d300000|  0%| F|  |TAMS 0x000000070d200000, 0x000000070d200000| Untracked 
| 107|0x000000070d300000, 0x000000070d300000, 0x000000070d400000|  0%| F|  |TAMS 0x000000070d300000, 0x000000070d300000| Untracked 
| 108|0x000000070d400000, 0x000000070d400000, 0x000000070d500000|  0%| F|  |TAMS 0x000000070d400000, 0x000000070d400000| Untracked 
| 109|0x000000070d500000, 0x000000070d500000, 0x000000070d600000|  0%| F|  |TAMS 0x000000070d500000, 0x000000070d500000| Untracked 
| 110|0x000000070d600000, 0x000000070d600000, 0x000000070d700000|  0%| F|  |TAMS 0x000000070d600000, 0x000000070d600000| Untracked 
| 111|0x000000070d700000, 0x000000070d700000, 0x000000070d800000|  0%| F|  |TAMS 0x000000070d700000, 0x000000070d700000| Untracked 
| 112|0x000000070d800000, 0x000000070d800000, 0x000000070d900000|  0%| F|  |TAMS 0x000000070d800000, 0x000000070d800000| Untracked 
| 113|0x000000070d900000, 0x000000070d900000, 0x000000070da00000|  0%| F|  |TAMS 0x000000070d900000, 0x000000070d900000| Untracked 
| 114|0x000000070da00000, 0x000000070da00000, 0x000000070db00000|  0%| F|  |TAMS 0x000000070da00000, 0x000000070da00000| Untracked 
| 115|0x000000070db00000, 0x000000070db00000, 0x000000070dc00000|  0%| F|  |TAMS 0x000000070db00000, 0x000000070db00000| Untracked 
| 116|0x000000070dc00000, 0x000000070dc00000, 0x000000070dd00000|  0%| F|  |TAMS 0x000000070dc00000, 0x000000070dc00000| Untracked 
| 117|0x000000070dd00000, 0x000000070dd00000, 0x000000070de00000|  0%| F|  |TAMS 0x000000070dd00000, 0x000000070dd00000| Untracked 
| 118|0x000000070de00000, 0x000000070de00000, 0x000000070df00000|  0%| F|  |TAMS 0x000000070de00000, 0x000000070de00000| Untracked 
| 119|0x000000070df00000, 0x000000070df00000, 0x000000070e000000|  0%| F|  |TAMS 0x000000070df00000, 0x000000070df00000| Untracked 
| 120|0x000000070e000000, 0x000000070e000000, 0x000000070e100000|  0%| F|  |TAMS 0x000000070e000000, 0x000000070e000000| Untracked 
| 121|0x000000070e100000, 0x000000070e100000, 0x000000070e200000|  0%| F|  |TAMS 0x000000070e100000, 0x000000070e100000| Untracked 
| 122|0x000000070e200000, 0x000000070e200000, 0x000000070e300000|  0%| F|  |TAMS 0x000000070e200000, 0x000000070e200000| Untracked 
| 123|0x000000070e300000, 0x000000070e300000, 0x000000070e400000|  0%| F|  |TAMS 0x000000070e300000, 0x000000070e300000| Untracked 
| 124|0x000000070e400000, 0x000000070e400000, 0x000000070e500000|  0%| F|  |TAMS 0x000000070e400000, 0x000000070e400000| Untracked 
| 125|0x000000070e500000, 0x000000070e500000, 0x000000070e600000|  0%| F|  |TAMS 0x000000070e500000, 0x000000070e500000| Untracked 
| 126|0x000000070e600000, 0x000000070e600000, 0x000000070e700000|  0%| F|  |TAMS 0x000000070e600000, 0x000000070e600000| Untracked 
| 127|0x000000070e700000, 0x000000070e700000, 0x000000070e800000|  0%| F|  |TAMS 0x000000070e700000, 0x000000070e700000| Untracked 
| 128|0x000000070e800000, 0x000000070e800000, 0x000000070e900000|  0%| F|  |TAMS 0x000000070e800000, 0x000000070e800000| Untracked 
| 129|0x000000070e900000, 0x000000070e900000, 0x000000070ea00000|  0%| F|  |TAMS 0x000000070e900000, 0x000000070e900000| Untracked 
| 130|0x000000070ea00000, 0x000000070ea00000, 0x000000070eb00000|  0%| F|  |TAMS 0x000000070ea00000, 0x000000070ea00000| Untracked 
| 131|0x000000070eb00000, 0x000000070eb00000, 0x000000070ec00000|  0%| F|  |TAMS 0x000000070eb00000, 0x000000070eb00000| Untracked 
| 132|0x000000070ec00000, 0x000000070ec00000, 0x000000070ed00000|  0%| F|  |TAMS 0x000000070ec00000, 0x000000070ec00000| Untracked 
| 133|0x000000070ed00000, 0x000000070ed00000, 0x000000070ee00000|  0%| F|  |TAMS 0x000000070ed00000, 0x000000070ed00000| Untracked 
| 134|0x000000070ee00000, 0x000000070ee00000, 0x000000070ef00000|  0%| F|  |TAMS 0x000000070ee00000, 0x000000070ee00000| Untracked 
| 135|0x000000070ef00000, 0x000000070ef00000, 0x000000070f000000|  0%| F|  |TAMS 0x000000070ef00000, 0x000000070ef00000| Untracked 
| 136|0x000000070f000000, 0x000000070f000000, 0x000000070f100000|  0%| F|  |TAMS 0x000000070f000000, 0x000000070f000000| Untracked 
| 137|0x000000070f100000, 0x000000070f100000, 0x000000070f200000|  0%| F|  |TAMS 0x000000070f100000, 0x000000070f100000| Untracked 
| 138|0x000000070f200000, 0x000000070f200000, 0x000000070f300000|  0%| F|  |TAMS 0x000000070f200000, 0x000000070f200000| Untracked 
| 139|0x000000070f300000, 0x000000070f300000, 0x000000070f400000|  0%| F|  |TAMS 0x000000070f300000, 0x000000070f300000| Untracked 
| 140|0x000000070f400000, 0x000000070f400000, 0x000000070f500000|  0%| F|  |TAMS 0x000000070f400000, 0x000000070f400000| Untracked 
| 141|0x000000070f500000, 0x000000070f500000, 0x000000070f600000|  0%| F|  |TAMS 0x000000070f500000, 0x000000070f500000| Untracked 
| 142|0x000000070f600000, 0x000000070f600000, 0x000000070f700000|  0%| F|  |TAMS 0x000000070f600000, 0x000000070f600000| Untracked 
| 143|0x000000070f700000, 0x000000070f700000, 0x000000070f800000|  0%| F|  |TAMS 0x000000070f700000, 0x000000070f700000| Untracked 
| 144|0x000000070f800000, 0x000000070f800000, 0x000000070f900000|  0%| F|  |TAMS 0x000000070f800000, 0x000000070f800000| Untracked 
| 145|0x000000070f900000, 0x000000070f900000, 0x000000070fa00000|  0%| F|  |TAMS 0x000000070f900000, 0x000000070f900000| Untracked 
| 146|0x000000070fa00000, 0x000000070fa00000, 0x000000070fb00000|  0%| F|  |TAMS 0x000000070fa00000, 0x000000070fa00000| Untracked 
| 147|0x000000070fb00000, 0x000000070fb00000, 0x000000070fc00000|  0%| F|  |TAMS 0x000000070fb00000, 0x000000070fb00000| Untracked 
| 148|0x000000070fc00000, 0x000000070fc00000, 0x000000070fd00000|  0%| F|  |TAMS 0x000000070fc00000, 0x000000070fc00000| Untracked 
| 149|0x000000070fd00000, 0x000000070fd00000, 0x000000070fe00000|  0%| F|  |TAMS 0x000000070fd00000, 0x000000070fd00000| Untracked 
| 150|0x000000070fe00000, 0x000000070fe00000, 0x000000070ff00000|  0%| F|  |TAMS 0x000000070fe00000, 0x000000070fe00000| Untracked 
| 151|0x000000070ff00000, 0x000000070ff00000, 0x0000000710000000|  0%| F|  |TAMS 0x000000070ff00000, 0x000000070ff00000| Untracked 
| 152|0x0000000710000000, 0x0000000710000000, 0x0000000710100000|  0%| F|  |TAMS 0x0000000710000000, 0x0000000710000000| Untracked 
| 153|0x0000000710100000, 0x0000000710100000, 0x0000000710200000|  0%| F|  |TAMS 0x0000000710100000, 0x0000000710100000| Untracked 
| 154|0x0000000710200000, 0x0000000710200000, 0x0000000710300000|  0%| F|  |TAMS 0x0000000710200000, 0x0000000710200000| Untracked 
| 155|0x0000000710300000, 0x0000000710300000, 0x0000000710400000|  0%| F|  |TAMS 0x0000000710300000, 0x0000000710300000| Untracked 
| 156|0x0000000710400000, 0x0000000710400000, 0x0000000710500000|  0%| F|  |TAMS 0x0000000710400000, 0x0000000710400000| Untracked 
| 157|0x0000000710500000, 0x0000000710500000, 0x0000000710600000|  0%| F|  |TAMS 0x0000000710500000, 0x0000000710500000| Untracked 
| 158|0x0000000710600000, 0x0000000710600000, 0x0000000710700000|  0%| F|  |TAMS 0x0000000710600000, 0x0000000710600000| Untracked 
| 159|0x0000000710700000, 0x0000000710700000, 0x0000000710800000|  0%| F|  |TAMS 0x0000000710700000, 0x0000000710700000| Untracked 
| 160|0x0000000710800000, 0x0000000710800000, 0x0000000710900000|  0%| F|  |TAMS 0x0000000710800000, 0x0000000710800000| Untracked 
| 161|0x0000000710900000, 0x0000000710900000, 0x0000000710a00000|  0%| F|  |TAMS 0x0000000710900000, 0x0000000710900000| Untracked 
| 162|0x0000000710a00000, 0x0000000710a00000, 0x0000000710b00000|  0%| F|  |TAMS 0x0000000710a00000, 0x0000000710a00000| Untracked 
| 163|0x0000000710b00000, 0x0000000710b00000, 0x0000000710c00000|  0%| F|  |TAMS 0x0000000710b00000, 0x0000000710b00000| Untracked 
| 164|0x0000000710c00000, 0x0000000710c00000, 0x0000000710d00000|  0%| F|  |TAMS 0x0000000710c00000, 0x0000000710c00000| Untracked 
| 165|0x0000000710d00000, 0x0000000710d00000, 0x0000000710e00000|  0%| F|  |TAMS 0x0000000710d00000, 0x0000000710d00000| Untracked 
| 166|0x0000000710e00000, 0x0000000710e00000, 0x0000000710f00000|  0%| F|  |TAMS 0x0000000710e00000, 0x0000000710e00000| Untracked 
| 167|0x0000000710f00000, 0x0000000710f00000, 0x0000000711000000|  0%| F|  |TAMS 0x0000000710f00000, 0x0000000710f00000| Untracked 
| 168|0x0000000711000000, 0x0000000711000000, 0x0000000711100000|  0%| F|  |TAMS 0x0000000711000000, 0x0000000711000000| Untracked 
| 169|0x0000000711100000, 0x0000000711100000, 0x0000000711200000|  0%| F|  |TAMS 0x0000000711100000, 0x0000000711100000| Untracked 
| 170|0x0000000711200000, 0x0000000711200000, 0x0000000711300000|  0%| F|  |TAMS 0x0000000711200000, 0x0000000711200000| Untracked 
| 171|0x0000000711300000, 0x0000000711300000, 0x0000000711400000|  0%| F|  |TAMS 0x0000000711300000, 0x0000000711300000| Untracked 
| 172|0x0000000711400000, 0x0000000711400000, 0x0000000711500000|  0%| F|  |TAMS 0x0000000711400000, 0x0000000711400000| Untracked 
| 173|0x0000000711500000, 0x0000000711500000, 0x0000000711600000|  0%| F|  |TAMS 0x0000000711500000, 0x0000000711500000| Untracked 
| 174|0x0000000711600000, 0x0000000711600000, 0x0000000711700000|  0%| F|  |TAMS 0x0000000711600000, 0x0000000711600000| Untracked 
| 175|0x0000000711700000, 0x0000000711700000, 0x0000000711800000|  0%| F|  |TAMS 0x0000000711700000, 0x0000000711700000| Untracked 
| 176|0x0000000711800000, 0x0000000711800000, 0x0000000711900000|  0%| F|  |TAMS 0x0000000711800000, 0x0000000711800000| Untracked 
| 177|0x0000000711900000, 0x0000000711900000, 0x0000000711a00000|  0%| F|  |TAMS 0x0000000711900000, 0x0000000711900000| Untracked 
| 178|0x0000000711a00000, 0x0000000711a00000, 0x0000000711b00000|  0%| F|  |TAMS 0x0000000711a00000, 0x0000000711a00000| Untracked 
| 179|0x0000000711b00000, 0x0000000711b00000, 0x0000000711c00000|  0%| F|  |TAMS 0x0000000711b00000, 0x0000000711b00000| Untracked 
| 180|0x0000000711c00000, 0x0000000711c00000, 0x0000000711d00000|  0%| F|  |TAMS 0x0000000711c00000, 0x0000000711c00000| Untracked 
| 181|0x0000000711d00000, 0x0000000711d00000, 0x0000000711e00000|  0%| F|  |TAMS 0x0000000711d00000, 0x0000000711d00000| Untracked 
| 182|0x0000000711e00000, 0x0000000711e00000, 0x0000000711f00000|  0%| F|  |TAMS 0x0000000711e00000, 0x0000000711e00000| Untracked 
| 183|0x0000000711f00000, 0x0000000711f00000, 0x0000000712000000|  0%| F|  |TAMS 0x0000000711f00000, 0x0000000711f00000| Untracked 
| 184|0x0000000712000000, 0x0000000712000000, 0x0000000712100000|  0%| F|  |TAMS 0x0000000712000000, 0x0000000712000000| Untracked 
| 185|0x0000000712100000, 0x0000000712100000, 0x0000000712200000|  0%| F|  |TAMS 0x0000000712100000, 0x0000000712100000| Untracked 
| 186|0x0000000712200000, 0x0000000712200000, 0x0000000712300000|  0%| F|  |TAMS 0x0000000712200000, 0x0000000712200000| Untracked 
| 187|0x0000000712300000, 0x0000000712300000, 0x0000000712400000|  0%| F|  |TAMS 0x0000000712300000, 0x0000000712300000| Untracked 
| 188|0x0000000712400000, 0x0000000712400000, 0x0000000712500000|  0%| F|  |TAMS 0x0000000712400000, 0x0000000712400000| Untracked 
| 189|0x0000000712500000, 0x0000000712500000, 0x0000000712600000|  0%| F|  |TAMS 0x0000000712500000, 0x0000000712500000| Untracked 
| 190|0x0000000712600000, 0x0000000712600000, 0x0000000712700000|  0%| F|  |TAMS 0x0000000712600000, 0x0000000712600000| Untracked 
| 191|0x0000000712700000, 0x0000000712700000, 0x0000000712800000|  0%| F|  |TAMS 0x0000000712700000, 0x0000000712700000| Untracked 
| 192|0x0000000712800000, 0x0000000712800000, 0x0000000712900000|  0%| F|  |TAMS 0x0000000712800000, 0x0000000712800000| Untracked 
| 193|0x0000000712900000, 0x0000000712900000, 0x0000000712a00000|  0%| F|  |TAMS 0x0000000712900000, 0x0000000712900000| Untracked 
| 194|0x0000000712a00000, 0x0000000712a00000, 0x0000000712b00000|  0%| F|  |TAMS 0x0000000712a00000, 0x0000000712a00000| Untracked 
| 195|0x0000000712b00000, 0x0000000712b00000, 0x0000000712c00000|  0%| F|  |TAMS 0x0000000712b00000, 0x0000000712b00000| Untracked 
| 196|0x0000000712c00000, 0x0000000712c00000, 0x0000000712d00000|  0%| F|  |TAMS 0x0000000712c00000, 0x0000000712c00000| Untracked 
| 197|0x0000000712d00000, 0x0000000712d00000, 0x0000000712e00000|  0%| F|  |TAMS 0x0000000712d00000, 0x0000000712d00000| Untracked 
| 198|0x0000000712e00000, 0x0000000712e00000, 0x0000000712f00000|  0%| F|  |TAMS 0x0000000712e00000, 0x0000000712e00000| Untracked 
| 199|0x0000000712f00000, 0x0000000712f00000, 0x0000000713000000|  0%| F|  |TAMS 0x0000000712f00000, 0x0000000712f00000| Untracked 
| 200|0x0000000713000000, 0x0000000713000000, 0x0000000713100000|  0%| F|  |TAMS 0x0000000713000000, 0x0000000713000000| Untracked 
| 201|0x0000000713100000, 0x0000000713100000, 0x0000000713200000|  0%| F|  |TAMS 0x0000000713100000, 0x0000000713100000| Untracked 
| 202|0x0000000713200000, 0x0000000713200000, 0x0000000713300000|  0%| F|  |TAMS 0x0000000713200000, 0x0000000713200000| Untracked 
| 203|0x0000000713300000, 0x0000000713300000, 0x0000000713400000|  0%| F|  |TAMS 0x0000000713300000, 0x0000000713300000| Untracked 
| 204|0x0000000713400000, 0x0000000713400000, 0x0000000713500000|  0%| F|  |TAMS 0x0000000713400000, 0x0000000713400000| Untracked 
| 205|0x0000000713500000, 0x0000000713500000, 0x0000000713600000|  0%| F|  |TAMS 0x0000000713500000, 0x0000000713500000| Untracked 
| 206|0x0000000713600000, 0x0000000713600000, 0x0000000713700000|  0%| F|  |TAMS 0x0000000713600000, 0x0000000713600000| Untracked 
| 207|0x0000000713700000, 0x0000000713700000, 0x0000000713800000|  0%| F|  |TAMS 0x0000000713700000, 0x0000000713700000| Untracked 
| 208|0x0000000713800000, 0x0000000713800000, 0x0000000713900000|  0%| F|  |TAMS 0x0000000713800000, 0x0000000713800000| Untracked 
| 209|0x0000000713900000, 0x0000000713900000, 0x0000000713a00000|  0%| F|  |TAMS 0x0000000713900000, 0x0000000713900000| Untracked 
| 210|0x0000000713a00000, 0x0000000713a00000, 0x0000000713b00000|  0%| F|  |TAMS 0x0000000713a00000, 0x0000000713a00000| Untracked 
| 211|0x0000000713b00000, 0x0000000713b00000, 0x0000000713c00000|  0%| F|  |TAMS 0x0000000713b00000, 0x0000000713b00000| Untracked 
| 212|0x0000000713c00000, 0x0000000713c00000, 0x0000000713d00000|  0%| F|  |TAMS 0x0000000713c00000, 0x0000000713c00000| Untracked 
| 213|0x0000000713d00000, 0x0000000713d00000, 0x0000000713e00000|  0%| F|  |TAMS 0x0000000713d00000, 0x0000000713d00000| Untracked 
| 214|0x0000000713e00000, 0x0000000713e00000, 0x0000000713f00000|  0%| F|  |TAMS 0x0000000713e00000, 0x0000000713e00000| Untracked 
| 215|0x0000000713f00000, 0x0000000713f00000, 0x0000000714000000|  0%| F|  |TAMS 0x0000000713f00000, 0x0000000713f00000| Untracked 
| 216|0x0000000714000000, 0x0000000714000000, 0x0000000714100000|  0%| F|  |TAMS 0x0000000714000000, 0x0000000714000000| Untracked 
| 217|0x0000000714100000, 0x0000000714100000, 0x0000000714200000|  0%| F|  |TAMS 0x0000000714100000, 0x0000000714100000| Untracked 
| 218|0x0000000714200000, 0x0000000714200000, 0x0000000714300000|  0%| F|  |TAMS 0x0000000714200000, 0x0000000714200000| Untracked 
| 219|0x0000000714300000, 0x0000000714300000, 0x0000000714400000|  0%| F|  |TAMS 0x0000000714300000, 0x0000000714300000| Untracked 
| 220|0x0000000714400000, 0x0000000714400000, 0x0000000714500000|  0%| F|  |TAMS 0x0000000714400000, 0x0000000714400000| Untracked 
| 221|0x0000000714500000, 0x0000000714500000, 0x0000000714600000|  0%| F|  |TAMS 0x0000000714500000, 0x0000000714500000| Untracked 
| 222|0x0000000714600000, 0x0000000714600000, 0x0000000714700000|  0%| F|  |TAMS 0x0000000714600000, 0x0000000714600000| Untracked 
| 223|0x0000000714700000, 0x0000000714700000, 0x0000000714800000|  0%| F|  |TAMS 0x0000000714700000, 0x0000000714700000| Untracked 
| 224|0x0000000714800000, 0x0000000714800000, 0x0000000714900000|  0%| F|  |TAMS 0x0000000714800000, 0x0000000714800000| Untracked 
| 225|0x0000000714900000, 0x0000000714900000, 0x0000000714a00000|  0%| F|  |TAMS 0x0000000714900000, 0x0000000714900000| Untracked 
| 226|0x0000000714a00000, 0x0000000714a00000, 0x0000000714b00000|  0%| F|  |TAMS 0x0000000714a00000, 0x0000000714a00000| Untracked 
| 227|0x0000000714b00000, 0x0000000714b00000, 0x0000000714c00000|  0%| F|  |TAMS 0x0000000714b00000, 0x0000000714b00000| Untracked 
| 228|0x0000000714c00000, 0x0000000714c00000, 0x0000000714d00000|  0%| F|  |TAMS 0x0000000714c00000, 0x0000000714c00000| Untracked 
| 229|0x0000000714d00000, 0x0000000714d00000, 0x0000000714e00000|  0%| F|  |TAMS 0x0000000714d00000, 0x0000000714d00000| Untracked 
| 230|0x0000000714e00000, 0x0000000714e00000, 0x0000000714f00000|  0%| F|  |TAMS 0x0000000714e00000, 0x0000000714e00000| Untracked 
| 231|0x0000000714f00000, 0x0000000714f00000, 0x0000000715000000|  0%| F|  |TAMS 0x0000000714f00000, 0x0000000714f00000| Untracked 
| 232|0x0000000715000000, 0x0000000715000000, 0x0000000715100000|  0%| F|  |TAMS 0x0000000715000000, 0x0000000715000000| Untracked 
| 233|0x0000000715100000, 0x0000000715100000, 0x0000000715200000|  0%| F|  |TAMS 0x0000000715100000, 0x0000000715100000| Untracked 
| 234|0x0000000715200000, 0x0000000715200000, 0x0000000715300000|  0%| F|  |TAMS 0x0000000715200000, 0x0000000715200000| Untracked 
| 235|0x0000000715300000, 0x0000000715300000, 0x0000000715400000|  0%| F|  |TAMS 0x0000000715300000, 0x0000000715300000| Untracked 
| 236|0x0000000715400000, 0x0000000715400000, 0x0000000715500000|  0%| F|  |TAMS 0x0000000715400000, 0x0000000715400000| Untracked 
| 237|0x0000000715500000, 0x0000000715500000, 0x0000000715600000|  0%| F|  |TAMS 0x0000000715500000, 0x0000000715500000| Untracked 
| 238|0x0000000715600000, 0x0000000715600000, 0x0000000715700000|  0%| F|  |TAMS 0x0000000715600000, 0x0000000715600000| Untracked 
| 239|0x0000000715700000, 0x0000000715700000, 0x0000000715800000|  0%| F|  |TAMS 0x0000000715700000, 0x0000000715700000| Untracked 
| 240|0x0000000715800000, 0x0000000715800000, 0x0000000715900000|  0%| F|  |TAMS 0x0000000715800000, 0x0000000715800000| Untracked 
| 241|0x0000000715900000, 0x00000007159764a0, 0x0000000715a00000| 46%| E|  |TAMS 0x0000000715900000, 0x0000000715900000| Complete 
| 242|0x0000000715a00000, 0x0000000715b00000, 0x0000000715b00000|100%| E|CS|TAMS 0x0000000715a00000, 0x0000000715a00000| Complete 
| 243|0x0000000715b00000, 0x0000000715c00000, 0x0000000715c00000|100%| E|CS|TAMS 0x0000000715b00000, 0x0000000715b00000| Complete 
| 244|0x0000000715c00000, 0x0000000715d00000, 0x0000000715d00000|100%| E|CS|TAMS 0x0000000715c00000, 0x0000000715c00000| Complete 
| 245|0x0000000715d00000, 0x0000000715e00000, 0x0000000715e00000|100%| E|CS|TAMS 0x0000000715d00000, 0x0000000715d00000| Complete 
| 246|0x0000000715e00000, 0x0000000715f00000, 0x0000000715f00000|100%| E|CS|TAMS 0x0000000715e00000, 0x0000000715e00000| Complete 
| 247|0x0000000715f00000, 0x0000000716000000, 0x0000000716000000|100%| E|CS|TAMS 0x0000000715f00000, 0x0000000715f00000| Complete 
| 248|0x0000000716000000, 0x0000000716100000, 0x0000000716100000|100%| E|CS|TAMS 0x0000000716000000, 0x0000000716000000| Complete 
| 249|0x0000000716100000, 0x0000000716200000, 0x0000000716200000|100%| E|CS|TAMS 0x0000000716100000, 0x0000000716100000| Complete 

Card table byte_map: [0x0000023bbe930000,0x0000023bbf100000] _byte_map_base: 0x0000023bbb0fc000

Marking Bits (Prev, Next): (CMBitMap*) 0x0000023ba47e4918, (CMBitMap*) 0x0000023ba47e4958
 Prev Bits: [0x0000023bbf8d0000, 0x0000023bc3730000)
 Next Bits: [0x0000023bc3730000, 0x0000023bc7590000)

Polling page: 0x0000023ba4850000

Metaspace:

Usage:
  Non-class:      4.36 MB capacity,     1.13 MB ( 26%) used,     3.22 MB ( 74%) free+waste,     2.63 KB ( <1%) overhead. 
      Class:    447.00 KB capacity,   116.75 KB ( 26%) used,   328.44 KB ( 73%) free+waste,     1.81 KB ( <1%) overhead. 
       Both:      4.80 MB capacity,     1.25 MB ( 26%) used,     3.54 MB ( 74%) free+waste,     4.44 KB ( <1%) overhead. 

Virtual space:
  Non-class space:        8.00 MB reserved,       4.50 MB ( 56%) committed 
      Class space:        1.00 GB reserved,     512.00 KB ( <1%) committed 
             Both:        1.01 GB reserved,       5.00 MB ( <1%) committed 

Chunk freelists:
   Non-Class:  16.00 KB
       Class:  1.00 KB
        Both:  17.00 KB

MaxMetaspaceSize: 17179869184.00 GB
CompressedClassSpaceSize: 1.00 GB

CodeHeap 'non-profiled nmethods': size=120000Kb used=202Kb max_used=202Kb free=119797Kb
 bounds [0x0000023bb61c0000, 0x0000023bb6430000, 0x0000023bbd6f0000]
CodeHeap 'profiled nmethods': size=120000Kb used=509Kb max_used=509Kb free=119490Kb
 bounds [0x0000023baec90000, 0x0000023baef00000, 0x0000023bb61c0000]
CodeHeap 'non-nmethods': size=5760Kb used=1169Kb max_used=1192Kb free=4590Kb
 bounds [0x0000023bae6f0000, 0x0000023bae960000, 0x0000023baec90000]
 total_blobs=795 nmethods=382 adapters=326
 compilation: enabled
              stopped_count=0, restarted_count=0
 full_count=0

Compilation events (20 events):
Event: 82.351 Thread 0x0000023bca9b7000  373       4       com.cyberbotics.webots.controller.Motor::getTargetPosition (9 bytes)
Event: 82.352 Thread 0x0000023bca9b7000 nmethod 373 0x0000023bb61ec110 code [0x0000023bb61ec2a0, 0x0000023bb61ec348]
Event: 84.287 Thread 0x0000023bca9b7000  374       4       java.util.concurrent.locks.ReentrantLock::lock (8 bytes)
Event: 84.287 Thread 0x0000023bca9c1000  375   !   3       java.util.concurrent.CyclicBarrier::dowait (251 bytes)
Event: 84.290 Thread 0x0000023bca9c1000 nmethod 375 0x0000023baed0b210 code [0x0000023baed0b660, 0x0000023baed0d668]
Event: 84.290 Thread 0x0000023bca9c1000  377       3       java.util.concurrent.CyclicBarrier$Generation::<init> (5 bytes)
Event: 84.290 Thread 0x0000023bca9c1000 nmethod 377 0x0000023baed0e790 code [0x0000023baed0e920, 0x0000023baed0ea98]
Event: 84.290 Thread 0x0000023bca9c1000  376       3       java.util.concurrent.CyclicBarrier::nextGeneration (29 bytes)
Event: 84.290 Thread 0x0000023bca9c1000 nmethod 376 0x0000023baed0eb90 code [0x0000023baed0ed80, 0x0000023baed0f348]
Event: 84.294 Thread 0x0000023bca9b7000 nmethod 374 0x0000023bb61ec410 code [0x0000023bb61ec600, 0x0000023bb61eca48]
Event: 84.294 Thread 0x0000023bca9b7000  378       4       java.util.concurrent.locks.ReentrantLock::unlock (10 bytes)
Event: 84.298 Thread 0x0000023bca9b7000 nmethod 378 0x0000023bb61ecc90 code [0x0000023bb61ece40, 0x0000023bb61ed088]
Event: 84.411 Thread 0x0000023bca9b7000  379       4       java.util.concurrent.locks.AbstractQueuedSynchronizer$ConditionObject::signalAll (34 bytes)
Event: 84.428 Thread 0x0000023bca9b7000 nmethod 379 0x0000023bb61ed210 code [0x0000023bb61ed400, 0x0000023bb61edc38]
Event: 84.428 Thread 0x0000023bca9b7000  381       4       java.util.concurrent.locks.AbstractQueuedSynchronizer::enqueue (60 bytes)
Event: 84.435 Thread 0x0000023bca9b7000 nmethod 381 0x0000023bb61edf10 code [0x0000023bb61ee0c0, 0x0000023bb61ee4d8]
Event: 84.435 Thread 0x0000023bca9b7000  380   !   4       java.util.concurrent.ForkJoinPool::managedBlock (158 bytes)
Event: 84.439 Thread 0x0000023bca9b7000 nmethod 380 0x0000023bb61ee610 code [0x0000023bb61ee800, 0x0000023bb61eea08]
Event: 84.543 Thread 0x0000023bca9b7000  382   !   4       java.util.concurrent.CyclicBarrier::dowait (251 bytes)
Event: 84.597 Thread 0x0000023bca9b7000 nmethod 382 0x0000023bb61eec10 code [0x0000023bb61ef120, 0x0000023bb61f16d0]

GC Heap History (0 events):
No events

Deoptimization events (20 events):
Event: 0.084 Thread 0x0000023ba477f000 Uncommon trap: trap_request=0xffffff45 fr.pc=0x0000023bb61c48a8 relative=0x0000000000000248
Event: 0.084 Thread 0x0000023ba477f000 Uncommon trap: reason=unstable_if action=reinterpret pc=0x0000023bb61c48a8 method=java.lang.String.hashCode()I @ 13 c2
Event: 0.084 Thread 0x0000023ba477f000 DEOPT PACKING pc=0x0000023bb61c48a8 sp=0x00000071ee3fe430
Event: 0.084 Thread 0x0000023ba477f000 DEOPT UNPACKING pc=0x0000023bae6f852f sp=0x00000071ee3fe3c0 mode 2
Event: 73.240 Thread 0x0000023ba477f000 Uncommon trap: trap_request=0xffffff45 fr.pc=0x0000023bb61d5938 relative=0x00000000000006b8
Event: 73.240 Thread 0x0000023ba477f000 Uncommon trap: reason=unstable_if action=reinterpret pc=0x0000023bb61d5938 method=ca.mcgill.ecse211.project.UltrasonicLocalizer.filter(I)I @ 4 c2
Event: 73.240 Thread 0x0000023ba477f000 DEOPT PACKING pc=0x0000023bb61d5938 sp=0x00000071ee3ff5e0
Event: 73.240 Thread 0x0000023ba477f000 DEOPT UNPACKING pc=0x0000023bae6f852f sp=0x00000071ee3ff558 mode 2
Event: 73.241 Thread 0x0000023bca9ad000 Uncommon trap: trap_request=0xffffff45 fr.pc=0x0000023bb61d6674 relative=0x0000000000000054
Event: 73.241 Thread 0x0000023bca9ad000 Uncommon trap: reason=unstable_if action=reinterpret pc=0x0000023bb61d6674 method=ca.mcgill.ecse211.project.UltrasonicLocalizer.filter(I)I @ 4 c2
Event: 73.241 Thread 0x0000023bca9ad000 DEOPT PACKING pc=0x0000023bb61d6674 sp=0x00000071ef7feb80
Event: 73.241 Thread 0x0000023bca9ad000 DEOPT UNPACKING pc=0x0000023bae6f852f sp=0x00000071ef7feb18 mode 2
Event: 79.582 Thread 0x0000023bca9a8800 Uncommon trap: trap_request=0xffffff5c fr.pc=0x0000023bb61dc534 relative=0x0000000000000c14
Event: 79.582 Thread 0x0000023bca9a8800 Uncommon trap: reason=speculate_null_check action=make_not_entrant pc=0x0000023bb61dc534 method=java.util.concurrent.locks.AbstractQueuedSynchronizer.acquire(Ljava/util/concurrent/locks/AbstractQueuedSynchronizer$Node;IZZZJ)I @ 254 c2
Event: 79.582 Thread 0x0000023bca9a8800 DEOPT PACKING pc=0x0000023bb61dc534 sp=0x00000071ef6fefd0
Event: 79.582 Thread 0x0000023bca9a8800 DEOPT UNPACKING pc=0x0000023bae6f852f sp=0x00000071ef6fef50 mode 2
Event: 84.241 Thread 0x0000023bca9ad000 Uncommon trap: trap_request=0xffffff45 fr.pc=0x0000023bb61d9670 relative=0x0000000000002330
Event: 84.242 Thread 0x0000023bca9ad000 Uncommon trap: reason=unstable_if action=reinterpret pc=0x0000023bb61d9670 method=jdk.internal.misc.Unsafe.getAndBitwiseAndInt(Ljava/lang/Object;JI)I @ 21 c2
Event: 84.242 Thread 0x0000023bca9ad000 DEOPT PACKING pc=0x0000023bb61d9670 sp=0x00000071ef7feb80
Event: 84.242 Thread 0x0000023bca9ad000 DEOPT UNPACKING pc=0x0000023bae6f852f sp=0x00000071ef7fe880 mode 2

Classes unloaded (0 events):
No events

Classes redefined (0 events):
No events

Internal exceptions (3 events):
Event: 3.226 Thread 0x0000023ba477f000 Exception <a 'java/net/ConnectException'{0x0000000715f0cb88}: Connection refused: connect> (0x0000000715f0cb88) 
thrown [./open/src/hotspot/share/prims/jni.cpp, line 620]
Event: 3.228 Thread 0x0000023ba477f000 Exception <a 'java/net/SocketException'{0x0000000715f0df58}: Socket is not connected: shutdown> (0x0000000715f0df58) 
thrown [./open/src/hotspot/share/prims/jni.cpp, line 620]
Event: 3.231 Thread 0x0000023ba477f000 Exception <a 'java/lang/NullPointerException'{0x0000000715f156a8}> (0x0000000715f156a8) 
thrown [./open/src/hotspot/share/interpreter/linkResolver.cpp, line 1348]

Events (20 events):
Event: 3.236 Thread 0x0000023bca9a8800 Thread added: 0x0000023bca9a8800
Event: 3.236 Thread 0x0000023bca9ad000 Thread added: 0x0000023bca9ad000
Event: 3.237 loading class java/util/concurrent/locks/AbstractQueuedSynchronizer$ExclusiveNode
Event: 3.237 loading class java/util/concurrent/locks/AbstractQueuedSynchronizer$ExclusiveNode done
Event: 73.216 loading class java/util/DualPivotQuicksort
Event: 73.216 loading class java/util/DualPivotQuicksort done
Event: 79.533 loading class java/lang/invoke/BoundMethodHandle$Species_LLL
Event: 79.533 loading class java/lang/invoke/BoundMethodHandle$Species_LLL done
Event: 79.536 loading class java/lang/invoke/BoundMethodHandle$Species_LLLL
Event: 79.536 loading class java/lang/invoke/BoundMethodHandle$Species_LLLL done
Event: 79.538 loading class java/lang/invoke/BoundMethodHandle$Species_LLLLL
Event: 79.539 loading class java/lang/invoke/BoundMethodHandle$Species_LLLLL done
Event: 79.541 loading class java/lang/invoke/BoundMethodHandle$Species_LJ
Event: 79.541 loading class java/lang/invoke/BoundMethodHandle$Species_LJ done
Event: 79.542 loading class java/lang/invoke/BoundMethodHandle$Species_LLLLLL
Event: 79.542 loading class java/lang/invoke/BoundMethodHandle$Species_LLLLLL done
Event: 79.545 loading class java/lang/invoke/BoundMethodHandle$Species_LLLLLLL
Event: 79.545 loading class java/lang/invoke/BoundMethodHandle$Species_LLLLLLL done
Event: 79.549 loading class jdk/internal/math/FDBigInteger
Event: 79.550 loading class jdk/internal/math/FDBigInteger done


Dynamic libraries:
0x00007ff661540000 - 0x00007ff66154f000 	C:\Program Files\Java\jdk-14.0.2\bin\javaw.exe
0x00007ffef7c20000 - 0x00007ffef7e10000 	C:\Windows\SYSTEM32\ntdll.dll
0x00007ffef7260000 - 0x00007ffef7312000 	C:\Windows\System32\KERNEL32.DLL
0x00007ffef4d20000 - 0x00007ffef4fc5000 	C:\Windows\System32\KERNELBASE.dll
0x00007ffef5a00000 - 0x00007ffef5afa000 	C:\Windows\System32\ucrtbase.dll
0x00007ffee94e0000 - 0x00007ffee94f8000 	C:\Program Files\Java\jdk-14.0.2\bin\jli.dll
0x00007ffee9500000 - 0x00007ffee9515000 	C:\Program Files\Java\jdk-14.0.2\bin\VCRUNTIME140.dll
0x00007ffef5cd0000 - 0x00007ffef5d73000 	C:\Windows\System32\ADVAPI32.dll
0x00007ffef6470000 - 0x00007ffef650e000 	C:\Windows\System32\msvcrt.dll
0x00007ffef6a20000 - 0x00007ffef6ab7000 	C:\Windows\System32\sechost.dll
0x00007ffef6900000 - 0x00007ffef6a20000 	C:\Windows\System32\RPCRT4.dll
0x00007ffef70c0000 - 0x00007ffef7254000 	C:\Windows\System32\USER32.dll
0x00007ffef4ba0000 - 0x00007ffef4bc1000 	C:\Windows\System32\win32u.dll
0x00007ffef7a70000 - 0x00007ffef7a96000 	C:\Windows\System32\GDI32.dll
0x00007ffef5b00000 - 0x00007ffef5c96000 	C:\Windows\System32\gdi32full.dll
0x00007ffed3080000 - 0x00007ffed3304000 	C:\Windows\WinSxS\amd64_microsoft.windows.common-controls_6595b64144ccf1df_6.0.18362.1198_none_9e820b57e45ad92f\COMCTL32.dll
0x00007ffef5890000 - 0x00007ffef592e000 	C:\Windows\System32\msvcp_win.dll
0x00007ffef6590000 - 0x00007ffef68c5000 	C:\Windows\System32\combase.dll
0x00007ffef5030000 - 0x00007ffef50b0000 	C:\Windows\System32\bcryptPrimitives.dll
0x00007ffee7ce0000 - 0x00007ffee7cea000 	C:\Windows\SYSTEM32\VERSION.dll
0x00007ffef68d0000 - 0x00007ffef68fe000 	C:\Windows\System32\IMM32.DLL
0x00007ffee81f0000 - 0x00007ffee828b000 	C:\Program Files\Java\jdk-14.0.2\bin\msvcp140.dll
0x00007ffe8f420000 - 0x00007ffe8ff3e000 	C:\Program Files\Java\jdk-14.0.2\bin\server\jvm.dll
0x00007ffef7b70000 - 0x00007ffef7b78000 	C:\Windows\System32\PSAPI.DLL
0x00007ffee9f50000 - 0x00007ffee9f59000 	C:\Windows\SYSTEM32\WSOCK32.dll
0x00007ffef6ce0000 - 0x00007ffef6d4f000 	C:\Windows\System32\WS2_32.dll
0x00007ffeee340000 - 0x00007ffeee364000 	C:\Windows\SYSTEM32\WINMM.dll
0x00007ffeee310000 - 0x00007ffeee33d000 	C:\Windows\SYSTEM32\winmmbase.dll
0x00007ffef50b0000 - 0x00007ffef50fa000 	C:\Windows\System32\cfgmgr32.dll
0x00007ffef4ae0000 - 0x00007ffef4af1000 	C:\Windows\System32\kernel.appcore.dll
0x00007ffee94d0000 - 0x00007ffee94da000 	C:\Program Files\Java\jdk-14.0.2\bin\jimage.dll
0x00007ffef0380000 - 0x00007ffef0574000 	C:\Windows\SYSTEM32\DBGHELP.DLL
0x00007ffeee0b0000 - 0x00007ffeee0da000 	C:\Windows\SYSTEM32\dbgcore.DLL
0x00007ffee94a0000 - 0x00007ffee94c5000 	C:\Program Files\Java\jdk-14.0.2\bin\java.dll
0x00007ffee8470000 - 0x00007ffee8486000 	C:\Program Files\Java\jdk-14.0.2\bin\zip.dll
0x00007ffef5d80000 - 0x00007ffef6467000 	C:\Windows\System32\SHELL32.dll
0x00007ffef6ac0000 - 0x00007ffef6b69000 	C:\Windows\System32\shcore.dll
0x00007ffef5100000 - 0x00007ffef5881000 	C:\Windows\System32\windows.storage.dll
0x00007ffef4b70000 - 0x00007ffef4b93000 	C:\Windows\System32\profapi.dll
0x00007ffef4b00000 - 0x00007ffef4b4a000 	C:\Windows\System32\powrprof.dll
0x00007ffef4ad0000 - 0x00007ffef4ae0000 	C:\Windows\System32\UMPDC.dll
0x00007ffef7340000 - 0x00007ffef7392000 	C:\Windows\System32\shlwapi.dll
0x00007ffef5930000 - 0x00007ffef5947000 	C:\Windows\System32\cryptsp.dll
0x00007ffee8450000 - 0x00007ffee8469000 	C:\Program Files\Java\jdk-14.0.2\bin\net.dll
0x00007ffeecc60000 - 0x00007ffeecd50000 	C:\Windows\SYSTEM32\WINHTTP.dll
0x00007ffef4320000 - 0x00007ffef4387000 	C:\Windows\system32\mswsock.dll
0x00007ffee81d0000 - 0x00007ffee81e2000 	C:\Program Files\Java\jdk-14.0.2\bin\nio.dll
0x000000006e780000 - 0x000000006e7c0000 	C:\Users\brian\AppData\Local\Programs\Webots\lib\controller\java\JavaController.dll
0x000000006fc40000 - 0x000000006fdf1000 	C:\Users\brian\AppData\Local\Programs\Webots\msys64\mingw64\bin\cpp\libstdc++-6.dll
0x0000000061440000 - 0x000000006145c000 	C:\Users\brian\AppData\Local\Programs\Webots\msys64\mingw64\bin\cpp\libgcc_s_seh-1.dll
0x0000000064940000 - 0x0000000064956000 	C:\Users\brian\AppData\Local\Programs\Webots\msys64\mingw64\bin\cpp\libwinpthread-1.dll
0x0000000064f40000 - 0x0000000064fac000 	C:\Users\brian\AppData\Local\Programs\Webots\lib\controller\CppController.dll
0x000000006aa40000 - 0x000000006aac8000 	C:\Users\brian\AppData\Local\Programs\Webots\lib\controller\Controller.dll
0x0000000063e00000 - 0x0000000063e1b000 	C:\Users\brian\AppData\Local\Programs\Webots\RESOUR~1\projects\plugins\ROBOT_~1\generic\generic.dll

dbghelp: loaded successfully - version: 4.0.5 - missing functions: none
symbol engine: initialized successfully - sym options: 0x614 - pdb path: .;C:\Program Files\Java\jdk-14.0.2\bin;C:\Windows\SYSTEM32;C:\Windows\WinSxS\amd64_microsoft.windows.common-controls_6595b64144ccf1df_6.0.18362.1198_none_9e820b57e45ad92f;C:\Program Files\Java\jdk-14.0.2\bin\server;C:\Users\brian\AppData\Local\Programs\Webots\lib\controller\java;C:\Users\brian\AppData\Local\Programs\Webots\msys64\mingw64\bin\cpp;C:\Users\brian\AppData\Local\Programs\Webots\lib\controller;C:\Users\brian\AppData\Local\Programs\Webots\RESOUR~1\projects\plugins\ROBOT_~1\generic

VM Arguments:
jvm_args: -Djava.library.path=C:/Users/brian/AppData/Local/Programs/Webots/lib/controller/java 
java_command: T02Controller
java_class_path (initial): C:/Users/brian/AppData/Local/Programs/Webots/lib/controller/java/Controller.jar;C:/Users/brian/ECLIPS~2/ecse211/FINAL_~1/PROJEC~1/CONTRO~1/T02CON~1/;..\lib\simlejos.jar;..\lib\EV3WiFiClient.jar
Launcher Type: SUN_STANDARD

[Global flags]
     intx CICompilerCount                          = 4                                         {product} {ergonomic}
     uint ConcGCThreads                            = 2                                         {product} {ergonomic}
     uint G1ConcRefinementThreads                  = 8                                         {product} {ergonomic}
   size_t G1HeapRegionSize                         = 1048576                                   {product} {ergonomic}
    uintx GCDrainStackTargetSize                   = 64                                        {product} {ergonomic}
   size_t InitialHeapSize                          = 262144000                                 {product} {ergonomic}
   size_t MarkStackSize                            = 4194304                                   {product} {ergonomic}
   size_t MaxHeapSize                              = 4185915392                                {product} {ergonomic}
   size_t MaxNewSize                               = 2511339520                                {product} {ergonomic}
   size_t MinHeapDeltaBytes                        = 1048576                                   {product} {ergonomic}
   size_t MinHeapSize                              = 8388608                                   {product} {ergonomic}
    uintx NonNMethodCodeHeapSize                   = 5839372                                {pd product} {ergonomic}
    uintx NonProfiledCodeHeapSize                  = 122909434                              {pd product} {ergonomic}
    uintx ProfiledCodeHeapSize                     = 122909434                              {pd product} {ergonomic}
    uintx ReservedCodeCacheSize                    = 251658240                              {pd product} {ergonomic}
     bool SegmentedCodeCache                       = true                                      {product} {ergonomic}
   size_t SoftMaxHeapSize                          = 4185915392                             {manageable} {ergonomic}
     bool UseCompressedClassPointers               = true                                 {lp64_product} {ergonomic}
     bool UseCompressedOops                        = true                                 {lp64_product} {ergonomic}
     bool UseG1GC                                  = true                                      {product} {ergonomic}
     bool UseLargePagesIndividualAllocation        = false                                  {pd product} {ergonomic}

Logging:
Log output configuration:
 #0: stdout all=warning uptime,level,tags
 #1: stderr all=off uptime,level,tags

Environment Variables:
CLASSPATH=..\lib\simlejos.jar;..\lib\EV3WiFiClient.jar
PATH=C:\Users\brian\AppData\Local\Programs\Webots\msys64\mingw64\bin\cpp;C:\Program Files\Common Files\Oracle\Java\javapath;C:\Windows\system32;C:\Windows;C:\Windows\System32\Wbem;C:\Windows\System32\WindowsPowerShell\v1.0\;C:\Windows\System32\OpenSSH\;C:\Program Files\Git\cmd;C:\Users\brian\AppData\Local\Microsoft\WindowsApps;C:\Program Files\Java\jdk-14.0.2\bin;C:\Users\brian\AppData\Local\Programs\Webots\lib\controller
USERNAME=brian
OS=Windows_NT
PROCESSOR_IDENTIFIER=Intel64 Family 6 Model 126 Stepping 5, GenuineIntel



---------------  S Y S T E M  ---------------

OS: Windows 10 , 64 bit Build 18362 (10.0.18362.1110)
OS uptime: 1 days 16:00 hours

CPU:total 8 (initial active 8) (4 cores per cpu, 2 threads per core) family 6 model 126 stepping 5, cmov, cx8, fxsr, mmx, sse, sse2, sse3, ssse3, sse4.1, sse4.2, popcnt, avx, avx2, aes, clmul, erms, 3dnowpref, lzcnt, ht, tsc, tscinvbit, bmi1, bmi2, adx, evex, sha, fma

Memory: 4k page, system-wide physical 15961M (10001M free)
TotalPageFile size 18393M (AvailPageFile size 11268M)
current process WorkingSet (physical memory assigned to process): 44M, peak: 45M
current process commit charge ("private bytes"): 347M, peak: 349M

vm_info: Java HotSpot(TM) 64-Bit Server VM (14.0.2+12-46) for windows-amd64 JRE (14.0.2+12-46), built on Jul  9 2020 00:35:52 by "mach5one" with MS VC++ 15.9 (VS2017)

END.
