#
# A fatal error has been detected by the Java Runtime Environment:
#
#  EXCEPTION_ACCESS_VIOLATION (0xc0000005) at pc=0x000000006e7814a6, pid=8348, tid=20268
#
# JRE version: Java(TM) SE Runtime Environment (14.0.2+12) (build 14.0.2+12-46)
# Java VM: Java HotSpot(TM) 64-Bit Server VM (14.0.2+12-46, mixed mode, sharing, tiered, compressed oops, g1 gc, windows-amd64)
# Problematic frame:
# C  [JavaController.dll+0x14a6]
#
# No core dump will be written. Minidumps are not enabled by default on client versions of Windows
#
# If you would like to submit a bug report, please visit:
#   https://bugreport.java.com/bugreport/crash.jsp
# The crash happened outside the Java Virtual Machine in native code.
# See problematic frame for where to report the bug.
#

---------------  S U M M A R Y ------------

Command Line: -Djava.library.path=C:/Users/brian/AppData/Local/Programs/Webots/lib/controller/java T02Controller

Host: Intel(R) Core(TM) i7-1065G7 CPU @ 1.30GHz, 8 cores, 15G,  Windows 10 , 64 bit Build 18362 (10.0.18362.1110)
Time: Wed Nov 11 10:28:43 2020 Eastern Standard Time elapsed time: 14 seconds (0d 0h 0m 14s)

---------------  T H R E A D  ---------------

Current thread (0x000001f791fad800):  JavaThread "main" [_thread_in_native, id=20268, stack(0x0000008ba1100000,0x0000008ba1200000)]

Stack: [0x0000008ba1100000,0x0000008ba1200000],  sp=0x0000008ba11ff140,  free space=1020k
Native frames: (J=compiled Java code, j=interpreted, Vv=VM code, C=native code)
C  [JavaController.dll+0x14a6]

Java frames: (J=compiled Java code, j=interpreted, Vv=VM code)
j  com.cyberbotics.webots.controller.wrapperJNI.Camera_getImage(JLcom/cyberbotics/webots/controller/Camera;)[I+0
j  com.cyberbotics.webots.controller.Camera.getImage()[I+5
j  simlejos.hardware.sensor.EV3ColorSensor$RedMode.fetchSample([FI)V+17
j  simlejos.hardware.sensor.BaseSensor.fetchSample([FI)V+11
j  ca.mcgill.ecse211.project.LightLocalizer.initilizeData()V+17
j  ca.mcgill.ecse211.project.LightLocalizer.moveUntilBlackLineDetected2()V+22
j  ca.mcgill.ecse211.project.LightLocalizer.localize()V+0
j  ca.mcgill.ecse211.project.Main.main([Ljava/lang/String;)V+19
j  T02Controller.main([Ljava/lang/String;)V+1
v  ~StubRoutines::call_stub

siginfo: EXCEPTION_ACCESS_VIOLATION (0xc0000005), reading address 0x0000000000000000


Register to memory mapping:

RIP=0x000000006e7814a6 JavaController.dll
RAX=0x0 is NULL
RBX=0x0 is NULL
RCX=0x0000000000000001 is an unknown value
RDX=0xfffffe0f603317c4 is an unknown value
RSP=0x0000008ba11ff140 is pointing into the stack for thread: 0x000001f791fad800
RBP=0x0000000000000001 is an unknown value
RSI=0x000001f791fadb10 points into unknown readable memory: a0 1a a6 07 fb 7f 00 00
RDI=0x000001f7b58f30e0 points into unknown readable memory: 60 f8 d6 15 07 00 00 00
R8 =0x000001f7b5a3e0b0 points into unknown readable memory: 00 00 00 00 00 72 65 00
R9 =0x0000000715d6f870 is pointing into object: [I 
{0x0000000715d6f860} - klass: {type array int}
 - length: 1
R10=0x0 is NULL
R11=0x0000008ba11ff120 is pointing into the stack for thread: 0x000001f791fad800
R12=0x0 is NULL
R13={method} {0x000001f7b5e5b4f0} 'Camera_getImage' '(JLcom/cyberbotics/webots/controller/Camera;)[I' in 'com/cyberbotics/webots/controller/wrapperJNI'
R14=0x0000008ba11ff298 is pointing into the stack for thread: 0x000001f791fad800
R15=0x000001f791fad800 is a thread


Registers:
RAX=0x0000000000000000, RBX=0x0000000000000000, RCX=0x0000000000000001, RDX=0xfffffe0f603317c4
RSP=0x0000008ba11ff140, RBP=0x0000000000000001, RSI=0x000001f791fadb10, RDI=0x000001f7b58f30e0
R8 =0x000001f7b5a3e0b0, R9 =0x0000000715d6f870, R10=0x0000000000000000, R11=0x0000008ba11ff120
R12=0x0000000000000000, R13=0x000001f7b5e5b4e8, R14=0x0000008ba11ff298, R15=0x000001f791fad800
RIP=0x000000006e7814a6, EFLAGS=0x0000000000010202

Top of Stack: (sp=0x0000008ba11ff140)
0x0000008ba11ff140:   0000000000000000 0000000000000001
0x0000008ba11ff150:   000001f791fadb10 000001f7b58f30e0
0x0000008ba11ff160:   000001f78ffdcaa0 000001f78ffdcaa0
0x0000008ba11ff170:   000001f791fadb10 0000000000000000
0x0000008ba11ff180:   0000000000000001 000000006e7820a8
0x0000008ba11ff190:   000001f78ffdcaa0 000001f791fad800
0x0000008ba11ff1a0:   000000000000897a 000001f79a75f260
0x0000008ba11ff1b0:   000001f791fad800 000001f7b5e5b4e8
0x0000008ba11ff1c0:   0000000000000001 000000000000897a
0x0000008ba11ff1d0:   0000008ba11ff268 000001f79a75f417
0x0000008ba11ff1e0:   000000000000897a 000001f79a75f0fc
0x0000008ba11ff1f0:   000001f7b5e5b4e8 0000000000000001
0x0000008ba11ff200:   3ff0000000000000 000001f791fad800
0x0000008ba11ff210:   0000000000000001 000001f79a75f0b6
0x0000008ba11ff220:   0000008ba11ff220 000001f7b5e5b4e8
0x0000008ba11ff230:   0000008ba11ff298 000001f7b5e70410 

Instructions: (pc=0x000000006e7814a6)
0x000000006e7813a6:   20 48 89 ce 4c 89 c7 48 8d 1d 4c ff 00 00 83 fa
0x000000006e7813b6:   01 74 0e 48 83 c3 10 8b 03 85 c0 74 04 39 d0 75
0x000000006e7813c6:   f2 48 8b 06 48 89 f1 ff 90 88 00 00 00 48 8b 53
0x000000006e7813d6:   08 48 8b 06 48 89 f1 ff 50 30 48 89 c2 48 85 c0
0x000000006e7813e6:   74 0d 48 8b 06 49 89 f8 48 89 f1 ff 50 70 90 48
0x000000006e7813f6:   83 c4 20 5b 5e 5f c3 55 57 56 53 48 83 ec 28 48
0x000000006e781406:   89 cf 48 89 d3 4c 89 c6 4c 89 cd 48 8b 01 4c 89
0x000000006e781416:   ca ff 90 58 05 00 00 85 c0 7e 16 89 c1 b8 00 00
0x000000006e781426:   00 00 8b 14 86 89 14 83 48 83 c0 01 48 39 c8 75
0x000000006e781436:   f1 48 8b 07 41 b9 00 00 00 00 49 89 d8 48 89 ea
0x000000006e781446:   48 89 f9 ff 90 18 06 00 00 90 48 83 c4 28 5b 5e
0x000000006e781456:   5f 5d c3 55 57 56 53 48 83 ec 28 48 89 ce 48 89
0x000000006e781466:   d3 44 89 c5 48 8b 01 44 89 c2 ff 90 98 05 00 00
0x000000006e781476:   48 89 c7 48 85 c0 74 4d 48 8b 06 41 b8 00 00 00
0x000000006e781486:   00 48 89 fa 48 89 f1 ff 90 d8 05 00 00 49 89 c0
0x000000006e781496:   48 85 c0 74 3c 85 ed 7e 17 89 e9 b8 00 00 00 00
0x000000006e7814a6:   8b 14 83 41 89 14 80 48 83 c0 01 48 39 c8 75 f0
0x000000006e7814b6:   48 8b 06 41 b9 00 00 00 00 48 89 fa 48 89 f1 ff
0x000000006e7814c6:   90 18 06 00 00 48 89 f8 48 83 c4 28 5b 5e 5f 5d
0x000000006e7814d6:   c3 48 89 c7 eb ef 55 57 56 53 48 83 ec 28 48 89
0x000000006e7814e6:   cf 48 89 d6 44 89 c3 48 8b 01 44 89 c2 ff 90 a8
0x000000006e7814f6:   05 00 00 48 89 c5 48 85 c0 74 51 48 8b 07 41 b8
0x000000006e781506:   00 00 00 00 48 89 ea 48 89 f9 ff 90 e8 05 00 00
0x000000006e781516:   49 89 c0 48 85 c0 74 40 85 db 7e 1b 89 da b8 00
0x000000006e781526:   00 00 00 f3 0f 10 04 86 f3 41 0f 11 04 80 48 83
0x000000006e781536:   c0 01 48 39 d0 75 ec 48 8b 07 41 b9 00 00 00 00
0x000000006e781546:   48 89 ea 48 89 f9 ff 90 28 06 00 00 48 89 e8 48
0x000000006e781556:   83 c4 28 5b 5e 5f 5d c3 48 89 c5 eb ef 55 57 56
0x000000006e781566:   53 48 83 ec 28 48 89 cf 48 89 d3 4c 89 c6 4c 89
0x000000006e781576:   cd 48 8b 01 4c 89 ca ff 90 58 05 00 00 85 c0 7e
0x000000006e781586:   1a 89 c2 b8 00 00 00 00 f2 0f 10 04 c6 f2 0f 11
0x000000006e781596:   04 c3 48 83 c0 01 48 39 d0 75 ed 48 8b 07 41 b9 


Stack slot to memory mapping:
stack at sp + 0 slots: 0x0 is NULL
stack at sp + 1 slots: 0x0000000000000001 is an unknown value
stack at sp + 2 slots: 0x000001f791fadb10 points into unknown readable memory: a0 1a a6 07 fb 7f 00 00
stack at sp + 3 slots: 0x000001f7b58f30e0 points into unknown readable memory: 60 f8 d6 15 07 00 00 00
stack at sp + 4 slots: 0x000001f78ffdcaa0 points into unknown readable memory: 40 8c f5 64 00 00 00 00
stack at sp + 5 slots: 0x000001f78ffdcaa0 points into unknown readable memory: 40 8c f5 64 00 00 00 00
stack at sp + 6 slots: 0x000001f791fadb10 points into unknown readable memory: a0 1a a6 07 fb 7f 00 00
stack at sp + 7 slots: 0x0 is NULL


---------------  P R O C E S S  ---------------

Threads class SMR info:
_java_thread_list=0x000001f7b6429800, length=13, elements={
0x000001f791fad800, 0x000001f7b5a23800, 0x000001f7b5a25800, 0x000001f7b62c3000,
0x000001f7b62c4000, 0x000001f7b62c9800, 0x000001f7b62ca800, 0x000001f7b62cc000,
0x000001f7b62cf800, 0x000001f7b641c800, 0x000001f7b6423000, 0x000001f7b6487800,
0x000001f7b642a800
}

Java Threads: ( => current thread )
=>0x000001f791fad800 JavaThread "main" [_thread_in_native, id=20268, stack(0x0000008ba1100000,0x0000008ba1200000)]
  0x000001f7b5a23800 JavaThread "Reference Handler" daemon [_thread_blocked, id=21096, stack(0x0000008ba1800000,0x0000008ba1900000)]
  0x000001f7b5a25800 JavaThread "Finalizer" daemon [_thread_blocked, id=15460, stack(0x0000008ba1900000,0x0000008ba1a00000)]
  0x000001f7b62c3000 JavaThread "Signal Dispatcher" daemon [_thread_blocked, id=18072, stack(0x0000008ba1a00000,0x0000008ba1b00000)]
  0x000001f7b62c4000 JavaThread "Attach Listener" daemon [_thread_blocked, id=11188, stack(0x0000008ba1b00000,0x0000008ba1c00000)]
  0x000001f7b62c9800 JavaThread "Service Thread" daemon [_thread_blocked, id=17776, stack(0x0000008ba1c00000,0x0000008ba1d00000)]
  0x000001f7b62ca800 JavaThread "C2 CompilerThread0" daemon [_thread_blocked, id=16688, stack(0x0000008ba1d00000,0x0000008ba1e00000)]
  0x000001f7b62cc000 JavaThread "C1 CompilerThread0" daemon [_thread_blocked, id=18676, stack(0x0000008ba1e00000,0x0000008ba1f00000)]
  0x000001f7b62cf800 JavaThread "Sweeper thread" daemon [_thread_blocked, id=3940, stack(0x0000008ba1f00000,0x0000008ba2000000)]
  0x000001f7b641c800 JavaThread "Notification Thread" daemon [_thread_blocked, id=22448, stack(0x0000008ba2000000,0x0000008ba2100000)]
  0x000001f7b6423000 JavaThread "Common-Cleaner" daemon [_thread_blocked, id=13424, stack(0x0000008ba2200000,0x0000008ba2300000)]
  0x000001f7b6487800 JavaThread "Thread-0" [_thread_blocked, id=14888, stack(0x0000008ba2300000,0x0000008ba2400000)]
  0x000001f7b642a800 JavaThread "Thread-1" [_thread_blocked, id=16056, stack(0x0000008ba2400000,0x0000008ba2500000)]

Other Threads:
  0x000001f7b5a1f800 VMThread "VM Thread" [stack: 0x0000008ba1700000,0x0000008ba1800000] [id=2156]
  0x000001f7b6421800 WatcherThread [stack: 0x0000008ba2100000,0x0000008ba2200000] [id=1660]
  0x000001f792011800 GCTaskThread "GC Thread#0" [stack: 0x0000008ba1200000,0x0000008ba1300000] [id=7836]
  0x000001f792033800 ConcurrentGCThread "G1 Main Marker" [stack: 0x0000008ba1300000,0x0000008ba1400000] [id=10848]
  0x000001f792035000 ConcurrentGCThread "G1 Conc#0" [stack: 0x0000008ba1400000,0x0000008ba1500000] [id=21764]
  0x000001f7b5909800 ConcurrentGCThread "G1 Refine#0" [stack: 0x0000008ba1500000,0x0000008ba1600000] [id=1448]
  0x000001f7b590c800 ConcurrentGCThread "G1 Young RemSet Sampling" [stack: 0x0000008ba1600000,0x0000008ba1700000] [id=1288]

Threads with active compile tasks:

VM state:not at safepoint (normal execution)

VM Mutex/Monitor currently owned by a thread: None

Heap address: 0x0000000706800000, size: 3992 MB, Compressed Oops mode: Zero based, Oop shift amount: 3
Narrow klass base: 0x0000000800000000, Narrow klass shift: 3
Compressed class space size: 1073741824 Address: 0x0000000800b30000

Heap:
 garbage-first heap   total 256000K, used 4096K [0x0000000706800000, 0x0000000800000000)
  region size 1024K, 5 young (5120K), 0 survivors (0K)
 Metaspace       used 1459K, capacity 4975K, committed 5120K, reserved 1056768K
  class space    used 138K, capacity 447K, committed 512K, reserved 1048576K
Heap Regions: E=young(eden), S=young(survivor), O=old, HS=humongous(starts), HC=humongous(continues), CS=collection set, F=free, OA=open archive, CA=closed archive, TAMS=top-at-mark-start (previous, next)
|   0|0x0000000706800000, 0x0000000706800000, 0x0000000706900000|  0%| F|  |TAMS 0x0000000706800000, 0x0000000706800000| Untracked 
|   1|0x0000000706900000, 0x0000000706900000, 0x0000000706a00000|  0%| F|  |TAMS 0x0000000706900000, 0x0000000706900000| Untracked 
|   2|0x0000000706a00000, 0x0000000706a00000, 0x0000000706b00000|  0%| F|  |TAMS 0x0000000706a00000, 0x0000000706a00000| Untracked 
|   3|0x0000000706b00000, 0x0000000706b00000, 0x0000000706c00000|  0%| F|  |TAMS 0x0000000706b00000, 0x0000000706b00000| Untracked 
|   4|0x0000000706c00000, 0x0000000706c00000, 0x0000000706d00000|  0%| F|  |TAMS 0x0000000706c00000, 0x0000000706c00000| Untracked 
|   5|0x0000000706d00000, 0x0000000706d00000, 0x0000000706e00000|  0%| F|  |TAMS 0x0000000706d00000, 0x0000000706d00000| Untracked 
|   6|0x0000000706e00000, 0x0000000706e00000, 0x0000000706f00000|  0%| F|  |TAMS 0x0000000706e00000, 0x0000000706e00000| Untracked 
|   7|0x0000000706f00000, 0x0000000706f00000, 0x0000000707000000|  0%| F|  |TAMS 0x0000000706f00000, 0x0000000706f00000| Untracked 
|   8|0x0000000707000000, 0x0000000707000000, 0x0000000707100000|  0%| F|  |TAMS 0x0000000707000000, 0x0000000707000000| Untracked 
|   9|0x0000000707100000, 0x0000000707100000, 0x0000000707200000|  0%| F|  |TAMS 0x0000000707100000, 0x0000000707100000| Untracked 
|  10|0x0000000707200000, 0x0000000707200000, 0x0000000707300000|  0%| F|  |TAMS 0x0000000707200000, 0x0000000707200000| Untracked 
|  11|0x0000000707300000, 0x0000000707300000, 0x0000000707400000|  0%| F|  |TAMS 0x0000000707300000, 0x0000000707300000| Untracked 
|  12|0x0000000707400000, 0x0000000707400000, 0x0000000707500000|  0%| F|  |TAMS 0x0000000707400000, 0x0000000707400000| Untracked 
|  13|0x0000000707500000, 0x0000000707500000, 0x0000000707600000|  0%| F|  |TAMS 0x0000000707500000, 0x0000000707500000| Untracked 
|  14|0x0000000707600000, 0x0000000707600000, 0x0000000707700000|  0%| F|  |TAMS 0x0000000707600000, 0x0000000707600000| Untracked 
|  15|0x0000000707700000, 0x0000000707700000, 0x0000000707800000|  0%| F|  |TAMS 0x0000000707700000, 0x0000000707700000| Untracked 
|  16|0x0000000707800000, 0x0000000707800000, 0x0000000707900000|  0%| F|  |TAMS 0x0000000707800000, 0x0000000707800000| Untracked 
|  17|0x0000000707900000, 0x0000000707900000, 0x0000000707a00000|  0%| F|  |TAMS 0x0000000707900000, 0x0000000707900000| Untracked 
|  18|0x0000000707a00000, 0x0000000707a00000, 0x0000000707b00000|  0%| F|  |TAMS 0x0000000707a00000, 0x0000000707a00000| Untracked 
|  19|0x0000000707b00000, 0x0000000707b00000, 0x0000000707c00000|  0%| F|  |TAMS 0x0000000707b00000, 0x0000000707b00000| Untracked 
|  20|0x0000000707c00000, 0x0000000707c00000, 0x0000000707d00000|  0%| F|  |TAMS 0x0000000707c00000, 0x0000000707c00000| Untracked 
|  21|0x0000000707d00000, 0x0000000707d00000, 0x0000000707e00000|  0%| F|  |TAMS 0x0000000707d00000, 0x0000000707d00000| Untracked 
|  22|0x0000000707e00000, 0x0000000707e00000, 0x0000000707f00000|  0%| F|  |TAMS 0x0000000707e00000, 0x0000000707e00000| Untracked 
|  23|0x0000000707f00000, 0x0000000707f00000, 0x0000000708000000|  0%| F|  |TAMS 0x0000000707f00000, 0x0000000707f00000| Untracked 
|  24|0x0000000708000000, 0x0000000708000000, 0x0000000708100000|  0%| F|  |TAMS 0x0000000708000000, 0x0000000708000000| Untracked 
|  25|0x0000000708100000, 0x0000000708100000, 0x0000000708200000|  0%| F|  |TAMS 0x0000000708100000, 0x0000000708100000| Untracked 
|  26|0x0000000708200000, 0x0000000708200000, 0x0000000708300000|  0%| F|  |TAMS 0x0000000708200000, 0x0000000708200000| Untracked 
|  27|0x0000000708300000, 0x0000000708300000, 0x0000000708400000|  0%| F|  |TAMS 0x0000000708300000, 0x0000000708300000| Untracked 
|  28|0x0000000708400000, 0x0000000708400000, 0x0000000708500000|  0%| F|  |TAMS 0x0000000708400000, 0x0000000708400000| Untracked 
|  29|0x0000000708500000, 0x0000000708500000, 0x0000000708600000|  0%| F|  |TAMS 0x0000000708500000, 0x0000000708500000| Untracked 
|  30|0x0000000708600000, 0x0000000708600000, 0x0000000708700000|  0%| F|  |TAMS 0x0000000708600000, 0x0000000708600000| Untracked 
|  31|0x0000000708700000, 0x0000000708700000, 0x0000000708800000|  0%| F|  |TAMS 0x0000000708700000, 0x0000000708700000| Untracked 
|  32|0x0000000708800000, 0x0000000708800000, 0x0000000708900000|  0%| F|  |TAMS 0x0000000708800000, 0x0000000708800000| Untracked 
|  33|0x0000000708900000, 0x0000000708900000, 0x0000000708a00000|  0%| F|  |TAMS 0x0000000708900000, 0x0000000708900000| Untracked 
|  34|0x0000000708a00000, 0x0000000708a00000, 0x0000000708b00000|  0%| F|  |TAMS 0x0000000708a00000, 0x0000000708a00000| Untracked 
|  35|0x0000000708b00000, 0x0000000708b00000, 0x0000000708c00000|  0%| F|  |TAMS 0x0000000708b00000, 0x0000000708b00000| Untracked 
|  36|0x0000000708c00000, 0x0000000708c00000, 0x0000000708d00000|  0%| F|  |TAMS 0x0000000708c00000, 0x0000000708c00000| Untracked 
|  37|0x0000000708d00000, 0x0000000708d00000, 0x0000000708e00000|  0%| F|  |TAMS 0x0000000708d00000, 0x0000000708d00000| Untracked 
|  38|0x0000000708e00000, 0x0000000708e00000, 0x0000000708f00000|  0%| F|  |TAMS 0x0000000708e00000, 0x0000000708e00000| Untracked 
|  39|0x0000000708f00000, 0x0000000708f00000, 0x0000000709000000|  0%| F|  |TAMS 0x0000000708f00000, 0x0000000708f00000| Untracked 
|  40|0x0000000709000000, 0x0000000709000000, 0x0000000709100000|  0%| F|  |TAMS 0x0000000709000000, 0x0000000709000000| Untracked 
|  41|0x0000000709100000, 0x0000000709100000, 0x0000000709200000|  0%| F|  |TAMS 0x0000000709100000, 0x0000000709100000| Untracked 
|  42|0x0000000709200000, 0x0000000709200000, 0x0000000709300000|  0%| F|  |TAMS 0x0000000709200000, 0x0000000709200000| Untracked 
|  43|0x0000000709300000, 0x0000000709300000, 0x0000000709400000|  0%| F|  |TAMS 0x0000000709300000, 0x0000000709300000| Untracked 
|  44|0x0000000709400000, 0x0000000709400000, 0x0000000709500000|  0%| F|  |TAMS 0x0000000709400000, 0x0000000709400000| Untracked 
|  45|0x0000000709500000, 0x0000000709500000, 0x0000000709600000|  0%| F|  |TAMS 0x0000000709500000, 0x0000000709500000| Untracked 
|  46|0x0000000709600000, 0x0000000709600000, 0x0000000709700000|  0%| F|  |TAMS 0x0000000709600000, 0x0000000709600000| Untracked 
|  47|0x0000000709700000, 0x0000000709700000, 0x0000000709800000|  0%| F|  |TAMS 0x0000000709700000, 0x0000000709700000| Untracked 
|  48|0x0000000709800000, 0x0000000709800000, 0x0000000709900000|  0%| F|  |TAMS 0x0000000709800000, 0x0000000709800000| Untracked 
|  49|0x0000000709900000, 0x0000000709900000, 0x0000000709a00000|  0%| F|  |TAMS 0x0000000709900000, 0x0000000709900000| Untracked 
|  50|0x0000000709a00000, 0x0000000709a00000, 0x0000000709b00000|  0%| F|  |TAMS 0x0000000709a00000, 0x0000000709a00000| Untracked 
|  51|0x0000000709b00000, 0x0000000709b00000, 0x0000000709c00000|  0%| F|  |TAMS 0x0000000709b00000, 0x0000000709b00000| Untracked 
|  52|0x0000000709c00000, 0x0000000709c00000, 0x0000000709d00000|  0%| F|  |TAMS 0x0000000709c00000, 0x0000000709c00000| Untracked 
|  53|0x0000000709d00000, 0x0000000709d00000, 0x0000000709e00000|  0%| F|  |TAMS 0x0000000709d00000, 0x0000000709d00000| Untracked 
|  54|0x0000000709e00000, 0x0000000709e00000, 0x0000000709f00000|  0%| F|  |TAMS 0x0000000709e00000, 0x0000000709e00000| Untracked 
|  55|0x0000000709f00000, 0x0000000709f00000, 0x000000070a000000|  0%| F|  |TAMS 0x0000000709f00000, 0x0000000709f00000| Untracked 
|  56|0x000000070a000000, 0x000000070a000000, 0x000000070a100000|  0%| F|  |TAMS 0x000000070a000000, 0x000000070a000000| Untracked 
|  57|0x000000070a100000, 0x000000070a100000, 0x000000070a200000|  0%| F|  |TAMS 0x000000070a100000, 0x000000070a100000| Untracked 
|  58|0x000000070a200000, 0x000000070a200000, 0x000000070a300000|  0%| F|  |TAMS 0x000000070a200000, 0x000000070a200000| Untracked 
|  59|0x000000070a300000, 0x000000070a300000, 0x000000070a400000|  0%| F|  |TAMS 0x000000070a300000, 0x000000070a300000| Untracked 
|  60|0x000000070a400000, 0x000000070a400000, 0x000000070a500000|  0%| F|  |TAMS 0x000000070a400000, 0x000000070a400000| Untracked 
|  61|0x000000070a500000, 0x000000070a500000, 0x000000070a600000|  0%| F|  |TAMS 0x000000070a500000, 0x000000070a500000| Untracked 
|  62|0x000000070a600000, 0x000000070a600000, 0x000000070a700000|  0%| F|  |TAMS 0x000000070a600000, 0x000000070a600000| Untracked 
|  63|0x000000070a700000, 0x000000070a700000, 0x000000070a800000|  0%| F|  |TAMS 0x000000070a700000, 0x000000070a700000| Untracked 
|  64|0x000000070a800000, 0x000000070a800000, 0x000000070a900000|  0%| F|  |TAMS 0x000000070a800000, 0x000000070a800000| Untracked 
|  65|0x000000070a900000, 0x000000070a900000, 0x000000070aa00000|  0%| F|  |TAMS 0x000000070a900000, 0x000000070a900000| Untracked 
|  66|0x000000070aa00000, 0x000000070aa00000, 0x000000070ab00000|  0%| F|  |TAMS 0x000000070aa00000, 0x000000070aa00000| Untracked 
|  67|0x000000070ab00000, 0x000000070ab00000, 0x000000070ac00000|  0%| F|  |TAMS 0x000000070ab00000, 0x000000070ab00000| Untracked 
|  68|0x000000070ac00000, 0x000000070ac00000, 0x000000070ad00000|  0%| F|  |TAMS 0x000000070ac00000, 0x000000070ac00000| Untracked 
|  69|0x000000070ad00000, 0x000000070ad00000, 0x000000070ae00000|  0%| F|  |TAMS 0x000000070ad00000, 0x000000070ad00000| Untracked 
|  70|0x000000070ae00000, 0x000000070ae00000, 0x000000070af00000|  0%| F|  |TAMS 0x000000070ae00000, 0x000000070ae00000| Untracked 
|  71|0x000000070af00000, 0x000000070af00000, 0x000000070b000000|  0%| F|  |TAMS 0x000000070af00000, 0x000000070af00000| Untracked 
|  72|0x000000070b000000, 0x000000070b000000, 0x000000070b100000|  0%| F|  |TAMS 0x000000070b000000, 0x000000070b000000| Untracked 
|  73|0x000000070b100000, 0x000000070b100000, 0x000000070b200000|  0%| F|  |TAMS 0x000000070b100000, 0x000000070b100000| Untracked 
|  74|0x000000070b200000, 0x000000070b200000, 0x000000070b300000|  0%| F|  |TAMS 0x000000070b200000, 0x000000070b200000| Untracked 
|  75|0x000000070b300000, 0x000000070b300000, 0x000000070b400000|  0%| F|  |TAMS 0x000000070b300000, 0x000000070b300000| Untracked 
|  76|0x000000070b400000, 0x000000070b400000, 0x000000070b500000|  0%| F|  |TAMS 0x000000070b400000, 0x000000070b400000| Untracked 
|  77|0x000000070b500000, 0x000000070b500000, 0x000000070b600000|  0%| F|  |TAMS 0x000000070b500000, 0x000000070b500000| Untracked 
|  78|0x000000070b600000, 0x000000070b600000, 0x000000070b700000|  0%| F|  |TAMS 0x000000070b600000, 0x000000070b600000| Untracked 
|  79|0x000000070b700000, 0x000000070b700000, 0x000000070b800000|  0%| F|  |TAMS 0x000000070b700000, 0x000000070b700000| Untracked 
|  80|0x000000070b800000, 0x000000070b800000, 0x000000070b900000|  0%| F|  |TAMS 0x000000070b800000, 0x000000070b800000| Untracked 
|  81|0x000000070b900000, 0x000000070b900000, 0x000000070ba00000|  0%| F|  |TAMS 0x000000070b900000, 0x000000070b900000| Untracked 
|  82|0x000000070ba00000, 0x000000070ba00000, 0x000000070bb00000|  0%| F|  |TAMS 0x000000070ba00000, 0x000000070ba00000| Untracked 
|  83|0x000000070bb00000, 0x000000070bb00000, 0x000000070bc00000|  0%| F|  |TAMS 0x000000070bb00000, 0x000000070bb00000| Untracked 
|  84|0x000000070bc00000, 0x000000070bc00000, 0x000000070bd00000|  0%| F|  |TAMS 0x000000070bc00000, 0x000000070bc00000| Untracked 
|  85|0x000000070bd00000, 0x000000070bd00000, 0x000000070be00000|  0%| F|  |TAMS 0x000000070bd00000, 0x000000070bd00000| Untracked 
|  86|0x000000070be00000, 0x000000070be00000, 0x000000070bf00000|  0%| F|  |TAMS 0x000000070be00000, 0x000000070be00000| Untracked 
|  87|0x000000070bf00000, 0x000000070bf00000, 0x000000070c000000|  0%| F|  |TAMS 0x000000070bf00000, 0x000000070bf00000| Untracked 
|  88|0x000000070c000000, 0x000000070c000000, 0x000000070c100000|  0%| F|  |TAMS 0x000000070c000000, 0x000000070c000000| Untracked 
|  89|0x000000070c100000, 0x000000070c100000, 0x000000070c200000|  0%| F|  |TAMS 0x000000070c100000, 0x000000070c100000| Untracked 
|  90|0x000000070c200000, 0x000000070c200000, 0x000000070c300000|  0%| F|  |TAMS 0x000000070c200000, 0x000000070c200000| Untracked 
|  91|0x000000070c300000, 0x000000070c300000, 0x000000070c400000|  0%| F|  |TAMS 0x000000070c300000, 0x000000070c300000| Untracked 
|  92|0x000000070c400000, 0x000000070c400000, 0x000000070c500000|  0%| F|  |TAMS 0x000000070c400000, 0x000000070c400000| Untracked 
|  93|0x000000070c500000, 0x000000070c500000, 0x000000070c600000|  0%| F|  |TAMS 0x000000070c500000, 0x000000070c500000| Untracked 
|  94|0x000000070c600000, 0x000000070c600000, 0x000000070c700000|  0%| F|  |TAMS 0x000000070c600000, 0x000000070c600000| Untracked 
|  95|0x000000070c700000, 0x000000070c700000, 0x000000070c800000|  0%| F|  |TAMS 0x000000070c700000, 0x000000070c700000| Untracked 
|  96|0x000000070c800000, 0x000000070c800000, 0x000000070c900000|  0%| F|  |TAMS 0x000000070c800000, 0x000000070c800000| Untracked 
|  97|0x000000070c900000, 0x000000070c900000, 0x000000070ca00000|  0%| F|  |TAMS 0x000000070c900000, 0x000000070c900000| Untracked 
|  98|0x000000070ca00000, 0x000000070ca00000, 0x000000070cb00000|  0%| F|  |TAMS 0x000000070ca00000, 0x000000070ca00000| Untracked 
|  99|0x000000070cb00000, 0x000000070cb00000, 0x000000070cc00000|  0%| F|  |TAMS 0x000000070cb00000, 0x000000070cb00000| Untracked 
| 100|0x000000070cc00000, 0x000000070cc00000, 0x000000070cd00000|  0%| F|  |TAMS 0x000000070cc00000, 0x000000070cc00000| Untracked 
| 101|0x000000070cd00000, 0x000000070cd00000, 0x000000070ce00000|  0%| F|  |TAMS 0x000000070cd00000, 0x000000070cd00000| Untracked 
| 102|0x000000070ce00000, 0x000000070ce00000, 0x000000070cf00000|  0%| F|  |TAMS 0x000000070ce00000, 0x000000070ce00000| Untracked 
| 103|0x000000070cf00000, 0x000000070cf00000, 0x000000070d000000|  0%| F|  |TAMS 0x000000070cf00000, 0x000000070cf00000| Untracked 
| 104|0x000000070d000000, 0x000000070d000000, 0x000000070d100000|  0%| F|  |TAMS 0x000000070d000000, 0x000000070d000000| Untracked 
| 105|0x000000070d100000, 0x000000070d100000, 0x000000070d200000|  0%| F|  |TAMS 0x000000070d100000, 0x000000070d100000| Untracked 
| 106|0x000000070d200000, 0x000000070d200000, 0x000000070d300000|  0%| F|  |TAMS 0x000000070d200000, 0x000000070d200000| Untracked 
| 107|0x000000070d300000, 0x000000070d300000, 0x000000070d400000|  0%| F|  |TAMS 0x000000070d300000, 0x000000070d300000| Untracked 
| 108|0x000000070d400000, 0x000000070d400000, 0x000000070d500000|  0%| F|  |TAMS 0x000000070d400000, 0x000000070d400000| Untracked 
| 109|0x000000070d500000, 0x000000070d500000, 0x000000070d600000|  0%| F|  |TAMS 0x000000070d500000, 0x000000070d500000| Untracked 
| 110|0x000000070d600000, 0x000000070d600000, 0x000000070d700000|  0%| F|  |TAMS 0x000000070d600000, 0x000000070d600000| Untracked 
| 111|0x000000070d700000, 0x000000070d700000, 0x000000070d800000|  0%| F|  |TAMS 0x000000070d700000, 0x000000070d700000| Untracked 
| 112|0x000000070d800000, 0x000000070d800000, 0x000000070d900000|  0%| F|  |TAMS 0x000000070d800000, 0x000000070d800000| Untracked 
| 113|0x000000070d900000, 0x000000070d900000, 0x000000070da00000|  0%| F|  |TAMS 0x000000070d900000, 0x000000070d900000| Untracked 
| 114|0x000000070da00000, 0x000000070da00000, 0x000000070db00000|  0%| F|  |TAMS 0x000000070da00000, 0x000000070da00000| Untracked 
| 115|0x000000070db00000, 0x000000070db00000, 0x000000070dc00000|  0%| F|  |TAMS 0x000000070db00000, 0x000000070db00000| Untracked 
| 116|0x000000070dc00000, 0x000000070dc00000, 0x000000070dd00000|  0%| F|  |TAMS 0x000000070dc00000, 0x000000070dc00000| Untracked 
| 117|0x000000070dd00000, 0x000000070dd00000, 0x000000070de00000|  0%| F|  |TAMS 0x000000070dd00000, 0x000000070dd00000| Untracked 
| 118|0x000000070de00000, 0x000000070de00000, 0x000000070df00000|  0%| F|  |TAMS 0x000000070de00000, 0x000000070de00000| Untracked 
| 119|0x000000070df00000, 0x000000070df00000, 0x000000070e000000|  0%| F|  |TAMS 0x000000070df00000, 0x000000070df00000| Untracked 
| 120|0x000000070e000000, 0x000000070e000000, 0x000000070e100000|  0%| F|  |TAMS 0x000000070e000000, 0x000000070e000000| Untracked 
| 121|0x000000070e100000, 0x000000070e100000, 0x000000070e200000|  0%| F|  |TAMS 0x000000070e100000, 0x000000070e100000| Untracked 
| 122|0x000000070e200000, 0x000000070e200000, 0x000000070e300000|  0%| F|  |TAMS 0x000000070e200000, 0x000000070e200000| Untracked 
| 123|0x000000070e300000, 0x000000070e300000, 0x000000070e400000|  0%| F|  |TAMS 0x000000070e300000, 0x000000070e300000| Untracked 
| 124|0x000000070e400000, 0x000000070e400000, 0x000000070e500000|  0%| F|  |TAMS 0x000000070e400000, 0x000000070e400000| Untracked 
| 125|0x000000070e500000, 0x000000070e500000, 0x000000070e600000|  0%| F|  |TAMS 0x000000070e500000, 0x000000070e500000| Untracked 
| 126|0x000000070e600000, 0x000000070e600000, 0x000000070e700000|  0%| F|  |TAMS 0x000000070e600000, 0x000000070e600000| Untracked 
| 127|0x000000070e700000, 0x000000070e700000, 0x000000070e800000|  0%| F|  |TAMS 0x000000070e700000, 0x000000070e700000| Untracked 
| 128|0x000000070e800000, 0x000000070e800000, 0x000000070e900000|  0%| F|  |TAMS 0x000000070e800000, 0x000000070e800000| Untracked 
| 129|0x000000070e900000, 0x000000070e900000, 0x000000070ea00000|  0%| F|  |TAMS 0x000000070e900000, 0x000000070e900000| Untracked 
| 130|0x000000070ea00000, 0x000000070ea00000, 0x000000070eb00000|  0%| F|  |TAMS 0x000000070ea00000, 0x000000070ea00000| Untracked 
| 131|0x000000070eb00000, 0x000000070eb00000, 0x000000070ec00000|  0%| F|  |TAMS 0x000000070eb00000, 0x000000070eb00000| Untracked 
| 132|0x000000070ec00000, 0x000000070ec00000, 0x000000070ed00000|  0%| F|  |TAMS 0x000000070ec00000, 0x000000070ec00000| Untracked 
| 133|0x000000070ed00000, 0x000000070ed00000, 0x000000070ee00000|  0%| F|  |TAMS 0x000000070ed00000, 0x000000070ed00000| Untracked 
| 134|0x000000070ee00000, 0x000000070ee00000, 0x000000070ef00000|  0%| F|  |TAMS 0x000000070ee00000, 0x000000070ee00000| Untracked 
| 135|0x000000070ef00000, 0x000000070ef00000, 0x000000070f000000|  0%| F|  |TAMS 0x000000070ef00000, 0x000000070ef00000| Untracked 
| 136|0x000000070f000000, 0x000000070f000000, 0x000000070f100000|  0%| F|  |TAMS 0x000000070f000000, 0x000000070f000000| Untracked 
| 137|0x000000070f100000, 0x000000070f100000, 0x000000070f200000|  0%| F|  |TAMS 0x000000070f100000, 0x000000070f100000| Untracked 
| 138|0x000000070f200000, 0x000000070f200000, 0x000000070f300000|  0%| F|  |TAMS 0x000000070f200000, 0x000000070f200000| Untracked 
| 139|0x000000070f300000, 0x000000070f300000, 0x000000070f400000|  0%| F|  |TAMS 0x000000070f300000, 0x000000070f300000| Untracked 
| 140|0x000000070f400000, 0x000000070f400000, 0x000000070f500000|  0%| F|  |TAMS 0x000000070f400000, 0x000000070f400000| Untracked 
| 141|0x000000070f500000, 0x000000070f500000, 0x000000070f600000|  0%| F|  |TAMS 0x000000070f500000, 0x000000070f500000| Untracked 
| 142|0x000000070f600000, 0x000000070f600000, 0x000000070f700000|  0%| F|  |TAMS 0x000000070f600000, 0x000000070f600000| Untracked 
| 143|0x000000070f700000, 0x000000070f700000, 0x000000070f800000|  0%| F|  |TAMS 0x000000070f700000, 0x000000070f700000| Untracked 
| 144|0x000000070f800000, 0x000000070f800000, 0x000000070f900000|  0%| F|  |TAMS 0x000000070f800000, 0x000000070f800000| Untracked 
| 145|0x000000070f900000, 0x000000070f900000, 0x000000070fa00000|  0%| F|  |TAMS 0x000000070f900000, 0x000000070f900000| Untracked 
| 146|0x000000070fa00000, 0x000000070fa00000, 0x000000070fb00000|  0%| F|  |TAMS 0x000000070fa00000, 0x000000070fa00000| Untracked 
| 147|0x000000070fb00000, 0x000000070fb00000, 0x000000070fc00000|  0%| F|  |TAMS 0x000000070fb00000, 0x000000070fb00000| Untracked 
| 148|0x000000070fc00000, 0x000000070fc00000, 0x000000070fd00000|  0%| F|  |TAMS 0x000000070fc00000, 0x000000070fc00000| Untracked 
| 149|0x000000070fd00000, 0x000000070fd00000, 0x000000070fe00000|  0%| F|  |TAMS 0x000000070fd00000, 0x000000070fd00000| Untracked 
| 150|0x000000070fe00000, 0x000000070fe00000, 0x000000070ff00000|  0%| F|  |TAMS 0x000000070fe00000, 0x000000070fe00000| Untracked 
| 151|0x000000070ff00000, 0x000000070ff00000, 0x0000000710000000|  0%| F|  |TAMS 0x000000070ff00000, 0x000000070ff00000| Untracked 
| 152|0x0000000710000000, 0x0000000710000000, 0x0000000710100000|  0%| F|  |TAMS 0x0000000710000000, 0x0000000710000000| Untracked 
| 153|0x0000000710100000, 0x0000000710100000, 0x0000000710200000|  0%| F|  |TAMS 0x0000000710100000, 0x0000000710100000| Untracked 
| 154|0x0000000710200000, 0x0000000710200000, 0x0000000710300000|  0%| F|  |TAMS 0x0000000710200000, 0x0000000710200000| Untracked 
| 155|0x0000000710300000, 0x0000000710300000, 0x0000000710400000|  0%| F|  |TAMS 0x0000000710300000, 0x0000000710300000| Untracked 
| 156|0x0000000710400000, 0x0000000710400000, 0x0000000710500000|  0%| F|  |TAMS 0x0000000710400000, 0x0000000710400000| Untracked 
| 157|0x0000000710500000, 0x0000000710500000, 0x0000000710600000|  0%| F|  |TAMS 0x0000000710500000, 0x0000000710500000| Untracked 
| 158|0x0000000710600000, 0x0000000710600000, 0x0000000710700000|  0%| F|  |TAMS 0x0000000710600000, 0x0000000710600000| Untracked 
| 159|0x0000000710700000, 0x0000000710700000, 0x0000000710800000|  0%| F|  |TAMS 0x0000000710700000, 0x0000000710700000| Untracked 
| 160|0x0000000710800000, 0x0000000710800000, 0x0000000710900000|  0%| F|  |TAMS 0x0000000710800000, 0x0000000710800000| Untracked 
| 161|0x0000000710900000, 0x0000000710900000, 0x0000000710a00000|  0%| F|  |TAMS 0x0000000710900000, 0x0000000710900000| Untracked 
| 162|0x0000000710a00000, 0x0000000710a00000, 0x0000000710b00000|  0%| F|  |TAMS 0x0000000710a00000, 0x0000000710a00000| Untracked 
| 163|0x0000000710b00000, 0x0000000710b00000, 0x0000000710c00000|  0%| F|  |TAMS 0x0000000710b00000, 0x0000000710b00000| Untracked 
| 164|0x0000000710c00000, 0x0000000710c00000, 0x0000000710d00000|  0%| F|  |TAMS 0x0000000710c00000, 0x0000000710c00000| Untracked 
| 165|0x0000000710d00000, 0x0000000710d00000, 0x0000000710e00000|  0%| F|  |TAMS 0x0000000710d00000, 0x0000000710d00000| Untracked 
| 166|0x0000000710e00000, 0x0000000710e00000, 0x0000000710f00000|  0%| F|  |TAMS 0x0000000710e00000, 0x0000000710e00000| Untracked 
| 167|0x0000000710f00000, 0x0000000710f00000, 0x0000000711000000|  0%| F|  |TAMS 0x0000000710f00000, 0x0000000710f00000| Untracked 
| 168|0x0000000711000000, 0x0000000711000000, 0x0000000711100000|  0%| F|  |TAMS 0x0000000711000000, 0x0000000711000000| Untracked 
| 169|0x0000000711100000, 0x0000000711100000, 0x0000000711200000|  0%| F|  |TAMS 0x0000000711100000, 0x0000000711100000| Untracked 
| 170|0x0000000711200000, 0x0000000711200000, 0x0000000711300000|  0%| F|  |TAMS 0x0000000711200000, 0x0000000711200000| Untracked 
| 171|0x0000000711300000, 0x0000000711300000, 0x0000000711400000|  0%| F|  |TAMS 0x0000000711300000, 0x0000000711300000| Untracked 
| 172|0x0000000711400000, 0x0000000711400000, 0x0000000711500000|  0%| F|  |TAMS 0x0000000711400000, 0x0000000711400000| Untracked 
| 173|0x0000000711500000, 0x0000000711500000, 0x0000000711600000|  0%| F|  |TAMS 0x0000000711500000, 0x0000000711500000| Untracked 
| 174|0x0000000711600000, 0x0000000711600000, 0x0000000711700000|  0%| F|  |TAMS 0x0000000711600000, 0x0000000711600000| Untracked 
| 175|0x0000000711700000, 0x0000000711700000, 0x0000000711800000|  0%| F|  |TAMS 0x0000000711700000, 0x0000000711700000| Untracked 
| 176|0x0000000711800000, 0x0000000711800000, 0x0000000711900000|  0%| F|  |TAMS 0x0000000711800000, 0x0000000711800000| Untracked 
| 177|0x0000000711900000, 0x0000000711900000, 0x0000000711a00000|  0%| F|  |TAMS 0x0000000711900000, 0x0000000711900000| Untracked 
| 178|0x0000000711a00000, 0x0000000711a00000, 0x0000000711b00000|  0%| F|  |TAMS 0x0000000711a00000, 0x0000000711a00000| Untracked 
| 179|0x0000000711b00000, 0x0000000711b00000, 0x0000000711c00000|  0%| F|  |TAMS 0x0000000711b00000, 0x0000000711b00000| Untracked 
| 180|0x0000000711c00000, 0x0000000711c00000, 0x0000000711d00000|  0%| F|  |TAMS 0x0000000711c00000, 0x0000000711c00000| Untracked 
| 181|0x0000000711d00000, 0x0000000711d00000, 0x0000000711e00000|  0%| F|  |TAMS 0x0000000711d00000, 0x0000000711d00000| Untracked 
| 182|0x0000000711e00000, 0x0000000711e00000, 0x0000000711f00000|  0%| F|  |TAMS 0x0000000711e00000, 0x0000000711e00000| Untracked 
| 183|0x0000000711f00000, 0x0000000711f00000, 0x0000000712000000|  0%| F|  |TAMS 0x0000000711f00000, 0x0000000711f00000| Untracked 
| 184|0x0000000712000000, 0x0000000712000000, 0x0000000712100000|  0%| F|  |TAMS 0x0000000712000000, 0x0000000712000000| Untracked 
| 185|0x0000000712100000, 0x0000000712100000, 0x0000000712200000|  0%| F|  |TAMS 0x0000000712100000, 0x0000000712100000| Untracked 
| 186|0x0000000712200000, 0x0000000712200000, 0x0000000712300000|  0%| F|  |TAMS 0x0000000712200000, 0x0000000712200000| Untracked 
| 187|0x0000000712300000, 0x0000000712300000, 0x0000000712400000|  0%| F|  |TAMS 0x0000000712300000, 0x0000000712300000| Untracked 
| 188|0x0000000712400000, 0x0000000712400000, 0x0000000712500000|  0%| F|  |TAMS 0x0000000712400000, 0x0000000712400000| Untracked 
| 189|0x0000000712500000, 0x0000000712500000, 0x0000000712600000|  0%| F|  |TAMS 0x0000000712500000, 0x0000000712500000| Untracked 
| 190|0x0000000712600000, 0x0000000712600000, 0x0000000712700000|  0%| F|  |TAMS 0x0000000712600000, 0x0000000712600000| Untracked 
| 191|0x0000000712700000, 0x0000000712700000, 0x0000000712800000|  0%| F|  |TAMS 0x0000000712700000, 0x0000000712700000| Untracked 
| 192|0x0000000712800000, 0x0000000712800000, 0x0000000712900000|  0%| F|  |TAMS 0x0000000712800000, 0x0000000712800000| Untracked 
| 193|0x0000000712900000, 0x0000000712900000, 0x0000000712a00000|  0%| F|  |TAMS 0x0000000712900000, 0x0000000712900000| Untracked 
| 194|0x0000000712a00000, 0x0000000712a00000, 0x0000000712b00000|  0%| F|  |TAMS 0x0000000712a00000, 0x0000000712a00000| Untracked 
| 195|0x0000000712b00000, 0x0000000712b00000, 0x0000000712c00000|  0%| F|  |TAMS 0x0000000712b00000, 0x0000000712b00000| Untracked 
| 196|0x0000000712c00000, 0x0000000712c00000, 0x0000000712d00000|  0%| F|  |TAMS 0x0000000712c00000, 0x0000000712c00000| Untracked 
| 197|0x0000000712d00000, 0x0000000712d00000, 0x0000000712e00000|  0%| F|  |TAMS 0x0000000712d00000, 0x0000000712d00000| Untracked 
| 198|0x0000000712e00000, 0x0000000712e00000, 0x0000000712f00000|  0%| F|  |TAMS 0x0000000712e00000, 0x0000000712e00000| Untracked 
| 199|0x0000000712f00000, 0x0000000712f00000, 0x0000000713000000|  0%| F|  |TAMS 0x0000000712f00000, 0x0000000712f00000| Untracked 
| 200|0x0000000713000000, 0x0000000713000000, 0x0000000713100000|  0%| F|  |TAMS 0x0000000713000000, 0x0000000713000000| Untracked 
| 201|0x0000000713100000, 0x0000000713100000, 0x0000000713200000|  0%| F|  |TAMS 0x0000000713100000, 0x0000000713100000| Untracked 
| 202|0x0000000713200000, 0x0000000713200000, 0x0000000713300000|  0%| F|  |TAMS 0x0000000713200000, 0x0000000713200000| Untracked 
| 203|0x0000000713300000, 0x0000000713300000, 0x0000000713400000|  0%| F|  |TAMS 0x0000000713300000, 0x0000000713300000| Untracked 
| 204|0x0000000713400000, 0x0000000713400000, 0x0000000713500000|  0%| F|  |TAMS 0x0000000713400000, 0x0000000713400000| Untracked 
| 205|0x0000000713500000, 0x0000000713500000, 0x0000000713600000|  0%| F|  |TAMS 0x0000000713500000, 0x0000000713500000| Untracked 
| 206|0x0000000713600000, 0x0000000713600000, 0x0000000713700000|  0%| F|  |TAMS 0x0000000713600000, 0x0000000713600000| Untracked 
| 207|0x0000000713700000, 0x0000000713700000, 0x0000000713800000|  0%| F|  |TAMS 0x0000000713700000, 0x0000000713700000| Untracked 
| 208|0x0000000713800000, 0x0000000713800000, 0x0000000713900000|  0%| F|  |TAMS 0x0000000713800000, 0x0000000713800000| Untracked 
| 209|0x0000000713900000, 0x0000000713900000, 0x0000000713a00000|  0%| F|  |TAMS 0x0000000713900000, 0x0000000713900000| Untracked 
| 210|0x0000000713a00000, 0x0000000713a00000, 0x0000000713b00000|  0%| F|  |TAMS 0x0000000713a00000, 0x0000000713a00000| Untracked 
| 211|0x0000000713b00000, 0x0000000713b00000, 0x0000000713c00000|  0%| F|  |TAMS 0x0000000713b00000, 0x0000000713b00000| Untracked 
| 212|0x0000000713c00000, 0x0000000713c00000, 0x0000000713d00000|  0%| F|  |TAMS 0x0000000713c00000, 0x0000000713c00000| Untracked 
| 213|0x0000000713d00000, 0x0000000713d00000, 0x0000000713e00000|  0%| F|  |TAMS 0x0000000713d00000, 0x0000000713d00000| Untracked 
| 214|0x0000000713e00000, 0x0000000713e00000, 0x0000000713f00000|  0%| F|  |TAMS 0x0000000713e00000, 0x0000000713e00000| Untracked 
| 215|0x0000000713f00000, 0x0000000713f00000, 0x0000000714000000|  0%| F|  |TAMS 0x0000000713f00000, 0x0000000713f00000| Untracked 
| 216|0x0000000714000000, 0x0000000714000000, 0x0000000714100000|  0%| F|  |TAMS 0x0000000714000000, 0x0000000714000000| Untracked 
| 217|0x0000000714100000, 0x0000000714100000, 0x0000000714200000|  0%| F|  |TAMS 0x0000000714100000, 0x0000000714100000| Untracked 
| 218|0x0000000714200000, 0x0000000714200000, 0x0000000714300000|  0%| F|  |TAMS 0x0000000714200000, 0x0000000714200000| Untracked 
| 219|0x0000000714300000, 0x0000000714300000, 0x0000000714400000|  0%| F|  |TAMS 0x0000000714300000, 0x0000000714300000| Untracked 
| 220|0x0000000714400000, 0x0000000714400000, 0x0000000714500000|  0%| F|  |TAMS 0x0000000714400000, 0x0000000714400000| Untracked 
| 221|0x0000000714500000, 0x0000000714500000, 0x0000000714600000|  0%| F|  |TAMS 0x0000000714500000, 0x0000000714500000| Untracked 
| 222|0x0000000714600000, 0x0000000714600000, 0x0000000714700000|  0%| F|  |TAMS 0x0000000714600000, 0x0000000714600000| Untracked 
| 223|0x0000000714700000, 0x0000000714700000, 0x0000000714800000|  0%| F|  |TAMS 0x0000000714700000, 0x0000000714700000| Untracked 
| 224|0x0000000714800000, 0x0000000714800000, 0x0000000714900000|  0%| F|  |TAMS 0x0000000714800000, 0x0000000714800000| Untracked 
| 225|0x0000000714900000, 0x0000000714900000, 0x0000000714a00000|  0%| F|  |TAMS 0x0000000714900000, 0x0000000714900000| Untracked 
| 226|0x0000000714a00000, 0x0000000714a00000, 0x0000000714b00000|  0%| F|  |TAMS 0x0000000714a00000, 0x0000000714a00000| Untracked 
| 227|0x0000000714b00000, 0x0000000714b00000, 0x0000000714c00000|  0%| F|  |TAMS 0x0000000714b00000, 0x0000000714b00000| Untracked 
| 228|0x0000000714c00000, 0x0000000714c00000, 0x0000000714d00000|  0%| F|  |TAMS 0x0000000714c00000, 0x0000000714c00000| Untracked 
| 229|0x0000000714d00000, 0x0000000714d00000, 0x0000000714e00000|  0%| F|  |TAMS 0x0000000714d00000, 0x0000000714d00000| Untracked 
| 230|0x0000000714e00000, 0x0000000714e00000, 0x0000000714f00000|  0%| F|  |TAMS 0x0000000714e00000, 0x0000000714e00000| Untracked 
| 231|0x0000000714f00000, 0x0000000714f00000, 0x0000000715000000|  0%| F|  |TAMS 0x0000000714f00000, 0x0000000714f00000| Untracked 
| 232|0x0000000715000000, 0x0000000715000000, 0x0000000715100000|  0%| F|  |TAMS 0x0000000715000000, 0x0000000715000000| Untracked 
| 233|0x0000000715100000, 0x0000000715100000, 0x0000000715200000|  0%| F|  |TAMS 0x0000000715100000, 0x0000000715100000| Untracked 
| 234|0x0000000715200000, 0x0000000715200000, 0x0000000715300000|  0%| F|  |TAMS 0x0000000715200000, 0x0000000715200000| Untracked 
| 235|0x0000000715300000, 0x0000000715300000, 0x0000000715400000|  0%| F|  |TAMS 0x0000000715300000, 0x0000000715300000| Untracked 
| 236|0x0000000715400000, 0x0000000715400000, 0x0000000715500000|  0%| F|  |TAMS 0x0000000715400000, 0x0000000715400000| Untracked 
| 237|0x0000000715500000, 0x0000000715500000, 0x0000000715600000|  0%| F|  |TAMS 0x0000000715500000, 0x0000000715500000| Untracked 
| 238|0x0000000715600000, 0x0000000715600000, 0x0000000715700000|  0%| F|  |TAMS 0x0000000715600000, 0x0000000715600000| Untracked 
| 239|0x0000000715700000, 0x0000000715700000, 0x0000000715800000|  0%| F|  |TAMS 0x0000000715700000, 0x0000000715700000| Untracked 
| 240|0x0000000715800000, 0x0000000715800000, 0x0000000715900000|  0%| F|  |TAMS 0x0000000715800000, 0x0000000715800000| Untracked 
| 241|0x0000000715900000, 0x0000000715900000, 0x0000000715a00000|  0%| F|  |TAMS 0x0000000715900000, 0x0000000715900000| Untracked 
| 242|0x0000000715a00000, 0x0000000715a00000, 0x0000000715b00000|  0%| F|  |TAMS 0x0000000715a00000, 0x0000000715a00000| Untracked 
| 243|0x0000000715b00000, 0x0000000715b00000, 0x0000000715c00000|  0%| F|  |TAMS 0x0000000715b00000, 0x0000000715b00000| Untracked 
| 244|0x0000000715c00000, 0x0000000715c00000, 0x0000000715d00000|  0%| F|  |TAMS 0x0000000715c00000, 0x0000000715c00000| Untracked 
| 245|0x0000000715d00000, 0x0000000715e00000, 0x0000000715e00000|100%| E|  |TAMS 0x0000000715d00000, 0x0000000715d00000| Complete 
| 246|0x0000000715e00000, 0x0000000715f00000, 0x0000000715f00000|100%| E|CS|TAMS 0x0000000715e00000, 0x0000000715e00000| Complete 
| 247|0x0000000715f00000, 0x0000000716000000, 0x0000000716000000|100%| E|CS|TAMS 0x0000000715f00000, 0x0000000715f00000| Complete 
| 248|0x0000000716000000, 0x0000000716100000, 0x0000000716100000|100%| E|CS|TAMS 0x0000000716000000, 0x0000000716000000| Complete 
| 249|0x0000000716100000, 0x0000000716200000, 0x0000000716200000|100%| E|CS|TAMS 0x0000000716100000, 0x0000000716100000| Complete 

Card table byte_map: [0x000001f7aa250000,0x000001f7aaa20000] _byte_map_base: 0x000001f7a6a1c000

Marking Bits (Prev, Next): (CMBitMap*) 0x000001f792012738, (CMBitMap*) 0x000001f792012778
 Prev Bits: [0x000001f7ab1f0000, 0x000001f7af050000)
 Next Bits: [0x000001f7af050000, 0x000001f7b2eb0000)

Polling page: 0x000001f78ffa0000

Metaspace:

Usage:
  Non-class:      4.42 MB capacity,     1.29 MB ( 29%) used,     3.13 MB ( 71%) free+waste,     2.69 KB ( <1%) overhead. 
      Class:    447.00 KB capacity,   138.33 KB ( 31%) used,   306.86 KB ( 69%) free+waste,     1.81 KB ( <1%) overhead. 
       Both:      4.86 MB capacity,     1.43 MB ( 29%) used,     3.43 MB ( 71%) free+waste,     4.50 KB ( <1%) overhead. 

Virtual space:
  Non-class space:        8.00 MB reserved,       4.50 MB ( 56%) committed 
      Class space:        1.00 GB reserved,     512.00 KB ( <1%) committed 
             Both:        1.01 GB reserved,       5.00 MB ( <1%) committed 

Chunk freelists:
   Non-Class:  16.00 KB
       Class:  1.00 KB
        Both:  17.00 KB

MaxMetaspaceSize: 17179869184.00 GB
CompressedClassSpaceSize: 1.00 GB

CodeHeap 'non-profiled nmethods': size=120000Kb used=191Kb max_used=191Kb free=119809Kb
 bounds [0x000001f7a2220000, 0x000001f7a2490000, 0x000001f7a9750000]
CodeHeap 'profiled nmethods': size=120000Kb used=480Kb max_used=480Kb free=119519Kb
 bounds [0x000001f79acf0000, 0x000001f79af60000, 0x000001f7a2220000]
CodeHeap 'non-nmethods': size=5760Kb used=1172Kb max_used=1191Kb free=4587Kb
 bounds [0x000001f79a750000, 0x000001f79a9c0000, 0x000001f79acf0000]
 total_blobs=778 nmethods=364 adapters=327
 compilation: enabled
              stopped_count=0, restarted_count=0
 full_count=0

Compilation events (20 events):
Event: 12.360 Thread 0x000001f7b62cc000  354       3       java.util.concurrent.CyclicBarrier::nextGeneration (29 bytes)
Event: 12.361 Thread 0x000001f7b62cc000 nmethod 354 0x000001f79ad65a90 code [0x000001f79ad65c80, 0x000001f79ad66248]
Event: 12.402 Thread 0x000001f7b62ca800  356       4       java.util.concurrent.locks.AbstractQueuedSynchronizer$ConditionObject::signalAll (34 bytes)
Event: 12.422 Thread 0x000001f7b62ca800 nmethod 356 0x000001f7a2248f90 code [0x000001f7a22491a0, 0x000001f7a22499b8]
Event: 12.689 Thread 0x000001f7b62ca800  357   !   4       java.util.concurrent.locks.AbstractQueuedSynchronizer$ConditionObject::await (159 bytes)
Event: 12.727 Thread 0x000001f7b62ca800 nmethod 357 0x000001f7a2249c10 code [0x000001f7a2249f20, 0x000001f7a224adc8]
Event: 12.727 Thread 0x000001f7b62ca800  358       4       java.util.concurrent.locks.AbstractQueuedSynchronizer$ConditionObject::enableWait (84 bytes)
Event: 12.743 Thread 0x000001f7b62ca800 nmethod 358 0x000001f7a224b590 code [0x000001f7a224b7c0, 0x000001f7a224bf88]
Event: 12.866 Thread 0x000001f7b62ca800  359   !   4       java.util.concurrent.CyclicBarrier::dowait (251 bytes)
Event: 12.931 Thread 0x000001f7b62ca800 nmethod 359 0x000001f7a224c290 code [0x000001f7a224c660, 0x000001f7a224dc20]
Event: 12.965 Thread 0x000001f7b62cc000  360   !   3       simlejos.ExecutionController::performPhysicsStep (60 bytes)
Event: 12.967 Thread 0x000001f7b62cc000 nmethod 360 0x000001f79ad66490 code [0x000001f79ad66700, 0x000001f79ad670c8]
Event: 13.490 Thread 0x000001f7b62cc000  361       3       java.util.concurrent.locks.AbstractQueuedSynchronizer::acquire (20 bytes)
Event: 13.491 Thread 0x000001f7b62cc000 nmethod 361 0x000001f79ad67590 code [0x000001f79ad67740, 0x000001f79ad679d8]
Event: 13.584 Thread 0x000001f7b62cc000  362       3       java.util.concurrent.locks.LockSupport::park (23 bytes)
Event: 13.585 Thread 0x000001f7b62cc000 nmethod 362 0x000001f79ad67a90 code [0x000001f79ad67c60, 0x000001f79ad68188]
Event: 13.916 Thread 0x000001f7b62ca800  363   !   4       simlejos.robotics.RegulatedMotor::getSensorValue (80 bytes)
Event: 13.936 Thread 0x000001f7b62ca800 nmethod 363 0x000001f7a224e790 code [0x000001f7a224ea60, 0x000001f7a224f350]
Event: 13.937 Thread 0x000001f7b62ca800  364       4       com.cyberbotics.webots.controller.Motor::getTargetPosition (9 bytes)
Event: 13.937 Thread 0x000001f7b62ca800 nmethod 364 0x000001f7a224f910 code [0x000001f7a224faa0, 0x000001f7a224fb48]

GC Heap History (0 events):
No events

Deoptimization events (12 events):
Event: 0.082 Thread 0x000001f791fad800 Uncommon trap: trap_request=0xffffff45 fr.pc=0x000001f7a2223ba8 relative=0x0000000000000248
Event: 0.082 Thread 0x000001f791fad800 Uncommon trap: reason=unstable_if action=reinterpret pc=0x000001f7a2223ba8 method=java.lang.String.hashCode()I @ 13 c2
Event: 0.082 Thread 0x000001f791fad800 DEOPT PACKING pc=0x000001f7a2223ba8 sp=0x0000008ba11fe250
Event: 0.082 Thread 0x000001f791fad800 DEOPT UNPACKING pc=0x000001f79a75852f sp=0x0000008ba11fe1e0 mode 2
Event: 11.245 Thread 0x000001f791fad800 Uncommon trap: trap_request=0xffffff5c fr.pc=0x000001f7a223a940 relative=0x0000000000000d20
Event: 11.245 Thread 0x000001f791fad800 Uncommon trap: reason=speculate_null_check action=make_not_entrant pc=0x000001f7a223a940 method=java.util.concurrent.locks.AbstractQueuedSynchronizer.acquire(Ljava/util/concurrent/locks/AbstractQueuedSynchronizer$Node;IZZZJ)I @ 254 c2
Event: 11.245 Thread 0x000001f791fad800 DEOPT PACKING pc=0x000001f7a223a940 sp=0x0000008ba11ff0e0
Event: 11.245 Thread 0x000001f791fad800 DEOPT UNPACKING pc=0x000001f79a75852f sp=0x0000008ba11ff0b0 mode 2
Event: 12.355 Thread 0x000001f7b6487800 Uncommon trap: trap_request=0xffffff45 fr.pc=0x000001f7a2237b04 relative=0x0000000000002444
Event: 12.355 Thread 0x000001f7b6487800 Uncommon trap: reason=unstable_if action=reinterpret pc=0x000001f7a2237b04 method=jdk.internal.misc.Unsafe.getAndBitwiseAndInt(Ljava/lang/Object;JI)I @ 21 c2
Event: 12.355 Thread 0x000001f7b6487800 DEOPT PACKING pc=0x000001f7a2237b04 sp=0x0000008ba23ff180
Event: 12.355 Thread 0x000001f7b6487800 DEOPT UNPACKING pc=0x000001f79a75852f sp=0x0000008ba23fef20 mode 2

Classes unloaded (0 events):
No events

Classes redefined (0 events):
No events

Internal exceptions (0 events):
No events

Events (20 events):
Event: 8.637 loading class sun/nio/ch/ExtendedSocketOption$1 done
Event: 8.645 Thread 0x000001f7b642a800 Thread added: 0x000001f7b642a800
Event: 8.645 loading class java/util/concurrent/locks/AbstractQueuedSynchronizer$ExclusiveNode
Event: 8.645 loading class java/util/concurrent/locks/AbstractQueuedSynchronizer$ExclusiveNode done
Event: 8.796 loading class java/util/DualPivotQuicksort
Event: 8.797 loading class java/util/DualPivotQuicksort done
Event: 11.140 loading class java/lang/invoke/BoundMethodHandle$Species_LLL
Event: 11.140 loading class java/lang/invoke/BoundMethodHandle$Species_LLL done
Event: 11.146 loading class java/lang/invoke/BoundMethodHandle$Species_LLLL
Event: 11.146 loading class java/lang/invoke/BoundMethodHandle$Species_LLLL done
Event: 11.148 loading class java/lang/invoke/BoundMethodHandle$Species_LLLLL
Event: 11.149 loading class java/lang/invoke/BoundMethodHandle$Species_LLLLL done
Event: 11.152 loading class java/lang/invoke/BoundMethodHandle$Species_LJ
Event: 11.152 loading class java/lang/invoke/BoundMethodHandle$Species_LJ done
Event: 11.154 loading class java/lang/invoke/BoundMethodHandle$Species_LLLLLL
Event: 11.154 loading class java/lang/invoke/BoundMethodHandle$Species_LLLLLL done
Event: 11.156 loading class java/lang/invoke/BoundMethodHandle$Species_LLLLLLL
Event: 11.156 loading class java/lang/invoke/BoundMethodHandle$Species_LLLLLLL done
Event: 11.162 loading class jdk/internal/math/FDBigInteger
Event: 11.163 loading class jdk/internal/math/FDBigInteger done


Dynamic libraries:
0x00007ff6673f0000 - 0x00007ff6673ff000 	C:\Program Files\Java\jdk-14.0.2\bin\javaw.exe
0x00007ffb556a0000 - 0x00007ffb55890000 	C:\Windows\SYSTEM32\ntdll.dll
0x00007ffb555a0000 - 0x00007ffb55652000 	C:\Windows\System32\KERNEL32.DLL
0x00007ffb52e50000 - 0x00007ffb530f5000 	C:\Windows\System32\KERNELBASE.dll
0x00007ffb533b0000 - 0x00007ffb534aa000 	C:\Windows\System32\ucrtbase.dll
0x00007ffb3f810000 - 0x00007ffb3f825000 	C:\Program Files\Java\jdk-14.0.2\bin\VCRUNTIME140.dll
0x00007ffb408a0000 - 0x00007ffb408b8000 	C:\Program Files\Java\jdk-14.0.2\bin\jli.dll
0x00007ffb55320000 - 0x00007ffb553c3000 	C:\Windows\System32\ADVAPI32.dll
0x00007ffb55450000 - 0x00007ffb554ee000 	C:\Windows\System32\msvcrt.dll
0x00007ffb55280000 - 0x00007ffb55317000 	C:\Windows\System32\sechost.dll
0x00007ffb53790000 - 0x00007ffb538b0000 	C:\Windows\System32\RPCRT4.dll
0x00007ffb54210000 - 0x00007ffb543a4000 	C:\Windows\System32\USER32.dll
0x00007ffb53380000 - 0x00007ffb533a1000 	C:\Windows\System32\win32u.dll
0x00007ffb53750000 - 0x00007ffb53776000 	C:\Windows\System32\GDI32.dll
0x00007ffb53160000 - 0x00007ffb532f6000 	C:\Windows\System32\gdi32full.dll
0x00007ffb52630000 - 0x00007ffb526ce000 	C:\Windows\System32\msvcp_win.dll
0x00007ffb30b30000 - 0x00007ffb30db4000 	C:\Windows\WinSxS\amd64_microsoft.windows.common-controls_6595b64144ccf1df_6.0.18362.1139_none_9e7bf2d3e4605ac6\COMCTL32.dll
0x00007ffb54590000 - 0x00007ffb548c5000 	C:\Windows\System32\combase.dll
0x00007ffb534b0000 - 0x00007ffb53530000 	C:\Windows\System32\bcryptPrimitives.dll
0x00007ffb46210000 - 0x00007ffb4621a000 	C:\Windows\SYSTEM32\VERSION.dll
0x00007ffb54a90000 - 0x00007ffb54abe000 	C:\Windows\System32\IMM32.DLL
0x00007ffb3ee90000 - 0x00007ffb3ef2b000 	C:\Program Files\Java\jdk-14.0.2\bin\msvcp140.dll
0x00007ffb070a0000 - 0x00007ffb07bbe000 	C:\Program Files\Java\jdk-14.0.2\bin\server\jvm.dll
0x00007ffb53780000 - 0x00007ffb53788000 	C:\Windows\System32\PSAPI.DLL
0x00007ffb4d1c0000 - 0x00007ffb4d1e4000 	C:\Windows\SYSTEM32\WINMM.dll
0x00007ffb4d190000 - 0x00007ffb4d1bd000 	C:\Windows\SYSTEM32\WINMMBASE.dll
0x00007ffb53330000 - 0x00007ffb5337a000 	C:\Windows\System32\cfgmgr32.dll
0x00007ffb40890000 - 0x00007ffb40899000 	C:\Windows\SYSTEM32\WSOCK32.dll
0x00007ffb553e0000 - 0x00007ffb5544f000 	C:\Windows\System32\WS2_32.dll
0x00007ffb52570000 - 0x00007ffb52581000 	C:\Windows\System32\kernel.appcore.dll
0x00007ffb3f110000 - 0x00007ffb3f11a000 	C:\Program Files\Java\jdk-14.0.2\bin\jimage.dll
0x00007ffb4d620000 - 0x00007ffb4d814000 	C:\Windows\SYSTEM32\DBGHELP.DLL
0x00007ffb4a820000 - 0x00007ffb4a84a000 	C:\Windows\SYSTEM32\dbgcore.DLL
0x00007ffb3ee60000 - 0x00007ffb3ee85000 	C:\Program Files\Java\jdk-14.0.2\bin\java.dll
0x00007ffb3ee40000 - 0x00007ffb3ee56000 	C:\Program Files\Java\jdk-14.0.2\bin\zip.dll
0x00007ffb54b90000 - 0x00007ffb55277000 	C:\Windows\System32\SHELL32.dll
0x00007ffb554f0000 - 0x00007ffb55599000 	C:\Windows\System32\shcore.dll
0x00007ffb526d0000 - 0x00007ffb52e50000 	C:\Windows\System32\windows.storage.dll
0x00007ffb525b0000 - 0x00007ffb525d3000 	C:\Windows\System32\profapi.dll
0x00007ffb525e0000 - 0x00007ffb5262a000 	C:\Windows\System32\powrprof.dll
0x00007ffb52560000 - 0x00007ffb52570000 	C:\Windows\System32\UMPDC.dll
0x00007ffb53940000 - 0x00007ffb53992000 	C:\Windows\System32\shlwapi.dll
0x00007ffb53530000 - 0x00007ffb53547000 	C:\Windows\System32\cryptsp.dll
0x00007ffb3ee20000 - 0x00007ffb3ee39000 	C:\Program Files\Java\jdk-14.0.2\bin\net.dll
0x00007ffb49520000 - 0x00007ffb49610000 	C:\Windows\SYSTEM32\WINHTTP.dll
0x00007ffb51db0000 - 0x00007ffb51e17000 	C:\Windows\system32\mswsock.dll
0x00007ffb3c0b0000 - 0x00007ffb3c0c2000 	C:\Program Files\Java\jdk-14.0.2\bin\nio.dll
0x000000006e780000 - 0x000000006e7c0000 	C:\Users\brian\AppData\Local\Programs\Webots\lib\controller\java\JavaController.dll
0x0000000061440000 - 0x000000006145c000 	C:\Users\brian\AppData\Local\Programs\Webots\msys64\mingw64\bin\cpp\libgcc_s_seh-1.dll
0x000000006fc40000 - 0x000000006fdf1000 	C:\Users\brian\AppData\Local\Programs\Webots\msys64\mingw64\bin\cpp\libstdc++-6.dll
0x0000000064940000 - 0x0000000064956000 	C:\Users\brian\AppData\Local\Programs\Webots\msys64\mingw64\bin\cpp\libwinpthread-1.dll
0x0000000064f40000 - 0x0000000064fac000 	C:\Users\brian\AppData\Local\Programs\Webots\lib\controller\CppController.dll
0x000000006aa40000 - 0x000000006aac8000 	C:\Users\brian\AppData\Local\Programs\Webots\lib\controller\Controller.dll
0x0000000063e00000 - 0x0000000063e1b000 	C:\Users\brian\AppData\Local\Programs\Webots\RESOUR~1\projects\plugins\ROBOT_~1\generic\generic.dll

dbghelp: loaded successfully - version: 4.0.5 - missing functions: none
symbol engine: initialized successfully - sym options: 0x614 - pdb path: .;C:\Program Files\Java\jdk-14.0.2\bin;C:\Windows\SYSTEM32;C:\Windows\WinSxS\amd64_microsoft.windows.common-controls_6595b64144ccf1df_6.0.18362.1139_none_9e7bf2d3e4605ac6;C:\Program Files\Java\jdk-14.0.2\bin\server;C:\Users\brian\AppData\Local\Programs\Webots\lib\controller\java;C:\Users\brian\AppData\Local\Programs\Webots\msys64\mingw64\bin\cpp;C:\Users\brian\AppData\Local\Programs\Webots\lib\controller;C:\Users\brian\AppData\Local\Programs\Webots\RESOUR~1\projects\plugins\ROBOT_~1\generic

VM Arguments:
jvm_args: -Djava.library.path=C:/Users/brian/AppData/Local/Programs/Webots/lib/controller/java 
java_command: T02Controller
java_class_path (initial): C:/Users/brian/AppData/Local/Programs/Webots/lib/controller/java/Controller.jar;C:/Users/brian/ECLIPS~2/ecse211/FINAL_~1/PROJEC~1/CONTRO~1/T02CON~1/;..\lib\simlejos.jar;..\lib\EV3WiFiClient.jar
Launcher Type: SUN_STANDARD

[Global flags]
     intx CICompilerCount                          = 4                                         {product} {ergonomic}
     uint ConcGCThreads                            = 2                                         {product} {ergonomic}
     uint G1ConcRefinementThreads                  = 8                                         {product} {ergonomic}
   size_t G1HeapRegionSize                         = 1048576                                   {product} {ergonomic}
    uintx GCDrainStackTargetSize                   = 64                                        {product} {ergonomic}
   size_t InitialHeapSize                          = 262144000                                 {product} {ergonomic}
   size_t MarkStackSize                            = 4194304                                   {product} {ergonomic}
   size_t MaxHeapSize                              = 4185915392                                {product} {ergonomic}
   size_t MaxNewSize                               = 2511339520                                {product} {ergonomic}
   size_t MinHeapDeltaBytes                        = 1048576                                   {product} {ergonomic}
   size_t MinHeapSize                              = 8388608                                   {product} {ergonomic}
    uintx NonNMethodCodeHeapSize                   = 5839372                                {pd product} {ergonomic}
    uintx NonProfiledCodeHeapSize                  = 122909434                              {pd product} {ergonomic}
    uintx ProfiledCodeHeapSize                     = 122909434                              {pd product} {ergonomic}
    uintx ReservedCodeCacheSize                    = 251658240                              {pd product} {ergonomic}
     bool SegmentedCodeCache                       = true                                      {product} {ergonomic}
   size_t SoftMaxHeapSize                          = 4185915392                             {manageable} {ergonomic}
     bool UseCompressedClassPointers               = true                                 {lp64_product} {ergonomic}
     bool UseCompressedOops                        = true                                 {lp64_product} {ergonomic}
     bool UseG1GC                                  = true                                      {product} {ergonomic}
     bool UseLargePagesIndividualAllocation        = false                                  {pd product} {ergonomic}

Logging:
Log output configuration:
 #0: stdout all=warning uptime,level,tags
 #1: stderr all=off uptime,level,tags

Environment Variables:
CLASSPATH=..\lib\simlejos.jar;..\lib\EV3WiFiClient.jar
PATH=C:\Users\brian\AppData\Local\Programs\Webots\msys64\mingw64\bin\cpp;C:\Program Files\Common Files\Oracle\Java\javapath;C:\Windows\system32;C:\Windows;C:\Windows\System32\Wbem;C:\Windows\System32\WindowsPowerShell\v1.0\;C:\Windows\System32\OpenSSH\;C:\Program Files\Git\cmd;C:\Users\brian\AppData\Local\Microsoft\WindowsApps;C:\Program Files\Java\jdk-14.0.2\bin;C:\Users\brian\AppData\Local\Programs\Webots\lib\controller
USERNAME=brian
OS=Windows_NT
PROCESSOR_IDENTIFIER=Intel64 Family 6 Model 126 Stepping 5, GenuineIntel



---------------  S Y S T E M  ---------------

OS: Windows 10 , 64 bit Build 18362 (10.0.18362.1110)
OS uptime: 0 days 22:14 hours

CPU:total 8 (initial active 8) (4 cores per cpu, 2 threads per core) family 6 model 126 stepping 5, cmov, cx8, fxsr, mmx, sse, sse2, sse3, ssse3, sse4.1, sse4.2, popcnt, avx, avx2, aes, clmul, erms, 3dnowpref, lzcnt, ht, tsc, tscinvbit, bmi1, bmi2, adx, evex, sha, fma

Memory: 4k page, system-wide physical 15961M (9697M free)
TotalPageFile size 18393M (AvailPageFile size 10451M)
current process WorkingSet (physical memory assigned to process): 41M, peak: 41M
current process commit charge ("private bytes"): 346M, peak: 348M

vm_info: Java HotSpot(TM) 64-Bit Server VM (14.0.2+12-46) for windows-amd64 JRE (14.0.2+12-46), built on Jul  9 2020 00:35:52 by "mach5one" with MS VC++ 15.9 (VS2017)

END.
